This file contains any messages produced by compilers while
running configure, to aid debugging if configure makes a mistake.

It was created by Osi configure 0.103.0, which was
generated by GNU Autoconf 2.59.  Invocation command line was

  $ ./configure CC=gcc CXX=g++ --prefix /homedtic/bbonet/software/downward/fast-downward/src/search/lp/coin --without-lapack --enable-static=yes --with-cplex-incdir=/homedtic/bbonet/software/downward/fast-downward/src/lplib/cplex/include/ilcplex --with-cplex-lib=-L/homedtic/bbonet/software/downward/fast-downward/src/lplib/cplex/bin/x86-64_sles10_4.1 -lcplex1251 -lpthread

## --------- ##
## Platform. ##
## --------- ##

hostname = login
uname -m = x86_64
uname -r = 3.2.0-4-amd64
uname -s = Linux
uname -v = #1 SMP Debian 3.2.46-1

/usr/bin/uname -p = unknown
/bin/uname -X     = unknown

/bin/arch              = unknown
/usr/bin/arch -k       = unknown
/usr/convex/getsysinfo = unknown
hostinfo               = unknown
/bin/machine           = unknown
/usr/bin/oslevel       = unknown
/bin/universe          = unknown

PATH: /homedtic/bbonet/bin
PATH: /sge/bin/linux-x64
PATH: /usr/local/bin
PATH: /usr/bin
PATH: /bin
PATH: /usr/local/games
PATH: /usr/games
PATH: /usr/local/clues/0.89


## ----------- ##
## Core tests. ##
## ----------- ##

configure:1677: checking build system type
configure:1695: result: x86_64-unknown-linux-gnu
configure:1706: checking whether we want to compile in debug mode
configure:1735: result: no
configure:2005: checking for C compiler version
configure:2008: gcc --version </dev/null >&5
gcc (Debian 4.7.2-5) 4.7.2
Copyright (C) 2012 Free Software Foundation, Inc.
This is free software; see the source for copying conditions.  There is NO
warranty; not even for MERCHANTABILITY or FITNESS FOR A PARTICULAR PURPOSE.

configure:2011: $? = 0
configure:2013: gcc -v </dev/null >&5
Using built-in specs.
COLLECT_GCC=gcc
COLLECT_LTO_WRAPPER=/usr/lib/gcc/x86_64-linux-gnu/4.7/lto-wrapper
Target: x86_64-linux-gnu
Configured with: ../src/configure -v --with-pkgversion='Debian 4.7.2-5' --with-bugurl=file:///usr/share/doc/gcc-4.7/README.Bugs --enable-languages=c,c++,go,fortran,objc,obj-c++ --prefix=/usr --program-suffix=-4.7 --enable-shared --enable-linker-build-id --with-system-zlib --libexecdir=/usr/lib --without-included-gettext --enable-threads=posix --with-gxx-include-dir=/usr/include/c++/4.7 --libdir=/usr/lib --enable-nls --with-sysroot=/ --enable-clocale=gnu --enable-libstdcxx-debug --enable-libstdcxx-time=yes --enable-gnu-unique-object --enable-plugin --enable-objc-gc --with-arch-32=i586 --with-tune=generic --enable-checking=release --build=x86_64-linux-gnu --host=x86_64-linux-gnu --target=x86_64-linux-gnu
Thread model: posix
gcc version 4.7.2 (Debian 4.7.2-5) 
configure:2016: $? = 0
configure:2018: gcc -V </dev/null >&5
gcc: error: unrecognized command line option '-V'
gcc: fatal error: no input files
compilation terminated.
configure:2021: $? = 4
configure:2044: checking for C compiler default output file name
configure:2047: gcc    conftest.c  >&5
configure:2050: $? = 0
configure:2096: result: a.out
configure:2101: checking whether the C compiler works
configure:2107: ./a.out
configure:2110: $? = 0
configure:2127: result: yes
configure:2134: checking whether we are cross compiling
configure:2136: result: no
configure:2139: checking for suffix of executables
configure:2141: gcc -o conftest    conftest.c  >&5
configure:2144: $? = 0
configure:2169: result: 
configure:2175: checking for suffix of object files
configure:2196: gcc -c   conftest.c >&5
configure:2199: $? = 0
configure:2221: result: o
configure:2225: checking whether we are using the GNU C compiler
configure:2249: gcc -c   conftest.c >&5
configure:2255: $? = 0
configure:2259: test -z 
			 || test ! -s conftest.err
configure:2262: $? = 0
configure:2265: test -s conftest.o
configure:2268: $? = 0
configure:2281: result: yes
configure:2287: checking whether gcc accepts -g
configure:2308: gcc -c -g  conftest.c >&5
configure:2314: $? = 0
configure:2318: test -z 
			 || test ! -s conftest.err
configure:2321: $? = 0
configure:2324: test -s conftest.o
configure:2327: $? = 0
configure:2338: result: yes
configure:2355: checking for gcc option to accept ANSI C
configure:2425: gcc  -c -g -O2  conftest.c >&5
configure:2431: $? = 0
configure:2435: test -z 
			 || test ! -s conftest.err
configure:2438: $? = 0
configure:2441: test -s conftest.o
configure:2444: $? = 0
configure:2462: result: none needed
configure:2480: gcc -c -g -O2  conftest.c >&5
conftest.c:2:3: error: unknown type name 'choke'
conftest.c:2:3: error: expected '=', ',', ';', 'asm' or '__attribute__' at end of input
configure:2486: $? = 1
configure: failed program was:
| #ifndef __cplusplus
|   choke me
| #endif
configure:2941: gcc -o conftest -O3 -fomit-frame-pointer -pipe -DNDEBUG -pedantic-errors -Wimplicit -Wparentheses -Wsequence-point -Wreturn-type -Wcast-qual -Wall -Wno-unknown-pragmas     conftest.c  >&5
configure:2947: $? = 0
configure:2951: test -z 
			 || test ! -s conftest.err
configure:2954: $? = 0
configure:2957: test -s conftest
configure:2960: $? = 0
configure:3027: C compiler options are: -O3 -fomit-frame-pointer -pipe -DNDEBUG -pedantic-errors -Wimplicit -Wparentheses -Wsequence-point -Wreturn-type -Wcast-qual -Wall -Wno-unknown-pragmas  
configure:3198: checking for C++ compiler version
configure:3201: g++ --version </dev/null >&5
g++ (Debian 4.7.2-5) 4.7.2
Copyright (C) 2012 Free Software Foundation, Inc.
This is free software; see the source for copying conditions.  There is NO
warranty; not even for MERCHANTABILITY or FITNESS FOR A PARTICULAR PURPOSE.

configure:3204: $? = 0
configure:3206: g++ -v </dev/null >&5
Using built-in specs.
COLLECT_GCC=g++
COLLECT_LTO_WRAPPER=/usr/lib/gcc/x86_64-linux-gnu/4.7/lto-wrapper
Target: x86_64-linux-gnu
Configured with: ../src/configure -v --with-pkgversion='Debian 4.7.2-5' --with-bugurl=file:///usr/share/doc/gcc-4.7/README.Bugs --enable-languages=c,c++,go,fortran,objc,obj-c++ --prefix=/usr --program-suffix=-4.7 --enable-shared --enable-linker-build-id --with-system-zlib --libexecdir=/usr/lib --without-included-gettext --enable-threads=posix --with-gxx-include-dir=/usr/include/c++/4.7 --libdir=/usr/lib --enable-nls --with-sysroot=/ --enable-clocale=gnu --enable-libstdcxx-debug --enable-libstdcxx-time=yes --enable-gnu-unique-object --enable-plugin --enable-objc-gc --with-arch-32=i586 --with-tune=generic --enable-checking=release --build=x86_64-linux-gnu --host=x86_64-linux-gnu --target=x86_64-linux-gnu
Thread model: posix
gcc version 4.7.2 (Debian 4.7.2-5) 
configure:3209: $? = 0
configure:3211: g++ -V </dev/null >&5
g++: error: unrecognized command line option '-V'
g++: fatal error: no input files
compilation terminated.
configure:3214: $? = 4
configure:3217: checking whether we are using the GNU C++ compiler
configure:3241: g++ -c   conftest.cc >&5
configure:3247: $? = 0
configure:3251: test -z 
			 || test ! -s conftest.err
configure:3254: $? = 0
configure:3257: test -s conftest.o
configure:3260: $? = 0
configure:3273: result: yes
configure:3279: checking whether g++ accepts -g
configure:3300: g++ -c -g  conftest.cc >&5
configure:3306: $? = 0
configure:3310: test -z 
			 || test ! -s conftest.err
configure:3313: $? = 0
configure:3316: test -s conftest.o
configure:3319: $? = 0
configure:3330: result: yes
configure:3372: g++ -c -g -O2  conftest.cc >&5
configure:3378: $? = 0
configure:3382: test -z 
			 || test ! -s conftest.err
configure:3385: $? = 0
configure:3388: test -s conftest.o
configure:3391: $? = 0
configure:3417: g++ -c -g -O2  conftest.cc >&5
conftest.cc: In function 'int main()':
conftest.cc:13:9: error: 'exit' was not declared in this scope
configure:3423: $? = 1
configure: failed program was:
| /* confdefs.h.  */
| 
| #define PACKAGE_NAME "Osi"
| #define PACKAGE_TARNAME "osi"
| #define PACKAGE_VERSION "0.103.0"
| #define PACKAGE_STRING "Osi 0.103.0"
| #define PACKAGE_BUGREPORT "coin-osi@lists.coin-or.org"
| /* end confdefs.h.  */
| 
| int
| main ()
| {
| exit (42);
|   ;
|   return 0;
| }
configure:3372: g++ -c -g -O2  conftest.cc >&5
conftest.cc:9:40: error: 'void std::exit(int)' should have been declared inside 'std'
configure:3378: $? = 1
configure: failed program was:
| /* confdefs.h.  */
| 
| #define PACKAGE_NAME "Osi"
| #define PACKAGE_TARNAME "osi"
| #define PACKAGE_VERSION "0.103.0"
| #define PACKAGE_STRING "Osi 0.103.0"
| #define PACKAGE_BUGREPORT "coin-osi@lists.coin-or.org"
| /* end confdefs.h.  */
| extern "C" void std::exit (int) throw (); using std::exit;
| #include <stdlib.h>
| int
| main ()
| {
| exit (42);
|   ;
|   return 0;
| }
configure:3372: g++ -c -g -O2  conftest.cc >&5
conftest.cc:9:31: error: 'void std::exit(int)' should have been declared inside 'std'
In file included from conftest.cc:10:0:
/usr/include/stdlib.h:544:70: error: declaration of 'void std::exit(int) throw ()' has a different exception specifier
conftest.cc:9:17: error: from previous declaration 'void std::exit(int)'
configure:3378: $? = 1
configure: failed program was:
| /* confdefs.h.  */
| 
| #define PACKAGE_NAME "Osi"
| #define PACKAGE_TARNAME "osi"
| #define PACKAGE_VERSION "0.103.0"
| #define PACKAGE_STRING "Osi 0.103.0"
| #define PACKAGE_BUGREPORT "coin-osi@lists.coin-or.org"
| /* end confdefs.h.  */
| extern "C" void std::exit (int); using std::exit;
| #include <stdlib.h>
| int
| main ()
| {
| exit (42);
|   ;
|   return 0;
| }
configure:3372: g++ -c -g -O2  conftest.cc >&5
configure:3378: $? = 0
configure:3382: test -z 
			 || test ! -s conftest.err
configure:3385: $? = 0
configure:3388: test -s conftest.o
configure:3391: $? = 0
configure:3417: g++ -c -g -O2  conftest.cc >&5
configure:3423: $? = 0
configure:3427: test -z 
			 || test ! -s conftest.err
configure:3430: $? = 0
configure:3433: test -s conftest.o
configure:3436: $? = 0
configure:3468: checking whether C++ compiler g++ works
configure:3486: g++ -c -g -O2  conftest.cc >&5
configure:3492: $? = 0
configure:3496: test -z 
			 || test ! -s conftest.err
configure:3499: $? = 0
configure:3502: test -s conftest.o
configure:3505: $? = 0
configure:3507: result: yes
configure:3867: g++ -o conftest -O3 -fomit-frame-pointer -pipe -DNDEBUG -pedantic-errors -Wimplicit -Wparentheses -Wreturn-type -Wcast-qual -Wall -Wpointer-arith -Wwrite-strings -Wconversion -Wno-unknown-pragmas     conftest.cc  >&5
cc1plus: warning: command line option '-Wimplicit' is valid for C/ObjC but not for C++ [enabled by default]
configure:3873: $? = 0
configure:3877: test -z 
			 || test ! -s conftest.err
configure:3880: $? = 0
configure:3883: test -s conftest
configure:3886: $? = 0
configure:3953: C++ compiler options are: -O3 -fomit-frame-pointer -pipe -DNDEBUG -pedantic-errors -Wimplicit -Wparentheses -Wreturn-type -Wcast-qual -Wall -Wpointer-arith -Wwrite-strings -Wconversion -Wno-unknown-pragmas  
configure:4035: Trying to determine Fortran compiler name
configure:4041: checking for xlf_r
configure:4070: result: no
configure:4041: checking for fort77
configure:4070: result: no
configure:4041: checking for gfortran
configure:4070: result: no
configure:4041: checking for f77
configure:4070: result: no
configure:4041: checking for g77
configure:4070: result: no
configure:4041: checking for pgf90
configure:4070: result: no
configure:4041: checking for pgf77
configure:4070: result: no
configure:4041: checking for ifort
configure:4070: result: no
configure:4041: checking for ifc
configure:4070: result: no
configure:4041: checking for frt
configure:4070: result: no
configure:4041: checking for af77
configure:4070: result: no
configure:4316: WARNING: Failed to find a Fortran compiler!
configure:4650: Fortran compiler options are:  
configure:4763: checking for egrep
configure:4773: result: grep -E
configure:4792: checking for a BSD-compatible install
configure:4847: result: /usr/bin/install -c
configure:4858: checking whether build environment is sane
configure:4901: result: yes
configure:4966: checking for gawk
configure:4982: found /usr/bin/gawk
configure:4992: result: gawk
configure:5002: checking whether make sets $(MAKE)
configure:5022: result: yes
configure:5052: checking for style of include used by make
configure:5080: result: GNU
configure:5260: checking dependency style of gcc
configure:5350: result: gcc3
configure:5369: checking dependency style of g++
configure:5459: result: gcc3
configure:5477: checking whether to enable maintainer-specific portions of Makefiles
configure:5486: result: no
configure:5931: checking host system type
configure:5945: result: x86_64-unknown-linux-gnu
configure:5953: checking for a sed that does not truncate output
configure:6007: result: /bin/sed
configure:6021: checking for ld used by gcc
configure:6088: result: /usr/bin/ld
configure:6097: checking if the linker (/usr/bin/ld) is GNU ld
configure:6112: result: yes
configure:6117: checking for /usr/bin/ld option to reload object files
configure:6124: result: -r
configure:6142: checking for BSD-compatible nm
configure:6191: result: /usr/bin/nm -B
configure:6195: checking whether ln -s works
configure:6199: result: yes
configure:6206: checking how to recognise dependent libraries
configure:6382: result: pass_all
configure:6469: gcc -c -O3 -fomit-frame-pointer -pipe -DNDEBUG -pedantic-errors -Wimplicit -Wparentheses -Wsequence-point -Wreturn-type -Wcast-qual -Wall -Wno-unknown-pragmas    conftest.c >&5
configure:6472: $? = 0
configure:6618: checking how to run the C preprocessor
configure:6653: gcc -E  conftest.c
configure:6659: $? = 0
configure:6691: gcc -E  conftest.c
conftest.c:14:28: fatal error: ac_nonexistent.h: No such file or directory
compilation terminated.
configure:6697: $? = 1
configure: failed program was:
| /* confdefs.h.  */
| 
| #define PACKAGE_NAME "Osi"
| #define PACKAGE_TARNAME "osi"
| #define PACKAGE_VERSION "0.103.0"
| #define PACKAGE_STRING "Osi 0.103.0"
| #define PACKAGE_BUGREPORT "coin-osi@lists.coin-or.org"
| #ifdef __cplusplus
| extern "C" void exit (int) throw ();
| #endif
| #define PACKAGE "osi"
| #define VERSION "0.103.0"
| /* end confdefs.h.  */
| #include <ac_nonexistent.h>
configure:6736: result: gcc -E
configure:6760: gcc -E  conftest.c
configure:6766: $? = 0
configure:6798: gcc -E  conftest.c
conftest.c:14:28: fatal error: ac_nonexistent.h: No such file or directory
compilation terminated.
configure:6804: $? = 1
configure: failed program was:
| /* confdefs.h.  */
| 
| #define PACKAGE_NAME "Osi"
| #define PACKAGE_TARNAME "osi"
| #define PACKAGE_VERSION "0.103.0"
| #define PACKAGE_STRING "Osi 0.103.0"
| #define PACKAGE_BUGREPORT "coin-osi@lists.coin-or.org"
| #ifdef __cplusplus
| extern "C" void exit (int) throw ();
| #endif
| #define PACKAGE "osi"
| #define VERSION "0.103.0"
| /* end confdefs.h.  */
| #include <ac_nonexistent.h>
configure:6848: checking for ANSI C header files
configure:6873: gcc -c -O3 -fomit-frame-pointer -pipe -DNDEBUG -pedantic-errors -Wimplicit -Wparentheses -Wsequence-point -Wreturn-type -Wcast-qual -Wall -Wno-unknown-pragmas    conftest.c >&5
configure:6879: $? = 0
configure:6883: test -z 
			 || test ! -s conftest.err
configure:6886: $? = 0
configure:6889: test -s conftest.o
configure:6892: $? = 0
configure:6981: gcc -o conftest -O3 -fomit-frame-pointer -pipe -DNDEBUG -pedantic-errors -Wimplicit -Wparentheses -Wsequence-point -Wreturn-type -Wcast-qual -Wall -Wno-unknown-pragmas     conftest.c  >&5
conftest.c: In function 'main':
conftest.c:31:7: warning: implicit declaration of function 'exit' [-Wimplicit-function-declaration]
conftest.c:31:7: warning: incompatible implicit declaration of built-in function 'exit' [enabled by default]
configure:6984: $? = 0
configure:6986: ./conftest
configure:6989: $? = 0
configure:7004: result: yes
configure:7028: checking for sys/types.h
configure:7044: gcc -c -O3 -fomit-frame-pointer -pipe -DNDEBUG -pedantic-errors -Wimplicit -Wparentheses -Wsequence-point -Wreturn-type -Wcast-qual -Wall -Wno-unknown-pragmas    conftest.c >&5
configure:7050: $? = 0
configure:7054: test -z 
			 || test ! -s conftest.err
configure:7057: $? = 0
configure:7060: test -s conftest.o
configure:7063: $? = 0
configure:7074: result: yes
configure:7028: checking for sys/stat.h
configure:7044: gcc -c -O3 -fomit-frame-pointer -pipe -DNDEBUG -pedantic-errors -Wimplicit -Wparentheses -Wsequence-point -Wreturn-type -Wcast-qual -Wall -Wno-unknown-pragmas    conftest.c >&5
configure:7050: $? = 0
configure:7054: test -z 
			 || test ! -s conftest.err
configure:7057: $? = 0
configure:7060: test -s conftest.o
configure:7063: $? = 0
configure:7074: result: yes
configure:7028: checking for stdlib.h
configure:7044: gcc -c -O3 -fomit-frame-pointer -pipe -DNDEBUG -pedantic-errors -Wimplicit -Wparentheses -Wsequence-point -Wreturn-type -Wcast-qual -Wall -Wno-unknown-pragmas    conftest.c >&5
configure:7050: $? = 0
configure:7054: test -z 
			 || test ! -s conftest.err
configure:7057: $? = 0
configure:7060: test -s conftest.o
configure:7063: $? = 0
configure:7074: result: yes
configure:7028: checking for string.h
configure:7044: gcc -c -O3 -fomit-frame-pointer -pipe -DNDEBUG -pedantic-errors -Wimplicit -Wparentheses -Wsequence-point -Wreturn-type -Wcast-qual -Wall -Wno-unknown-pragmas    conftest.c >&5
configure:7050: $? = 0
configure:7054: test -z 
			 || test ! -s conftest.err
configure:7057: $? = 0
configure:7060: test -s conftest.o
configure:7063: $? = 0
configure:7074: result: yes
configure:7028: checking for memory.h
configure:7044: gcc -c -O3 -fomit-frame-pointer -pipe -DNDEBUG -pedantic-errors -Wimplicit -Wparentheses -Wsequence-point -Wreturn-type -Wcast-qual -Wall -Wno-unknown-pragmas    conftest.c >&5
configure:7050: $? = 0
configure:7054: test -z 
			 || test ! -s conftest.err
configure:7057: $? = 0
configure:7060: test -s conftest.o
configure:7063: $? = 0
configure:7074: result: yes
configure:7028: checking for strings.h
configure:7044: gcc -c -O3 -fomit-frame-pointer -pipe -DNDEBUG -pedantic-errors -Wimplicit -Wparentheses -Wsequence-point -Wreturn-type -Wcast-qual -Wall -Wno-unknown-pragmas    conftest.c >&5
configure:7050: $? = 0
configure:7054: test -z 
			 || test ! -s conftest.err
configure:7057: $? = 0
configure:7060: test -s conftest.o
configure:7063: $? = 0
configure:7074: result: yes
configure:7028: checking for inttypes.h
configure:7044: gcc -c -O3 -fomit-frame-pointer -pipe -DNDEBUG -pedantic-errors -Wimplicit -Wparentheses -Wsequence-point -Wreturn-type -Wcast-qual -Wall -Wno-unknown-pragmas    conftest.c >&5
configure:7050: $? = 0
configure:7054: test -z 
			 || test ! -s conftest.err
configure:7057: $? = 0
configure:7060: test -s conftest.o
configure:7063: $? = 0
configure:7074: result: yes
configure:7028: checking for stdint.h
configure:7044: gcc -c -O3 -fomit-frame-pointer -pipe -DNDEBUG -pedantic-errors -Wimplicit -Wparentheses -Wsequence-point -Wreturn-type -Wcast-qual -Wall -Wno-unknown-pragmas    conftest.c >&5
configure:7050: $? = 0
configure:7054: test -z 
			 || test ! -s conftest.err
configure:7057: $? = 0
configure:7060: test -s conftest.o
configure:7063: $? = 0
configure:7074: result: yes
configure:7028: checking for unistd.h
configure:7044: gcc -c -O3 -fomit-frame-pointer -pipe -DNDEBUG -pedantic-errors -Wimplicit -Wparentheses -Wsequence-point -Wreturn-type -Wcast-qual -Wall -Wno-unknown-pragmas    conftest.c >&5
configure:7050: $? = 0
configure:7054: test -z 
			 || test ! -s conftest.err
configure:7057: $? = 0
configure:7060: test -s conftest.o
configure:7063: $? = 0
configure:7074: result: yes
configure:7100: checking dlfcn.h usability
configure:7112: gcc -c -O3 -fomit-frame-pointer -pipe -DNDEBUG -pedantic-errors -Wimplicit -Wparentheses -Wsequence-point -Wreturn-type -Wcast-qual -Wall -Wno-unknown-pragmas    conftest.c >&5
configure:7118: $? = 0
configure:7122: test -z 
			 || test ! -s conftest.err
configure:7125: $? = 0
configure:7128: test -s conftest.o
configure:7131: $? = 0
configure:7141: result: yes
configure:7145: checking dlfcn.h presence
configure:7155: gcc -E  conftest.c
configure:7161: $? = 0
configure:7181: result: yes
configure:7216: checking for dlfcn.h
configure:7223: result: yes
configure:7246: checking how to run the C++ preprocessor
configure:7277: g++ -E  conftest.cc
configure:7283: $? = 0
configure:7315: g++ -E  conftest.cc
conftest.cc:25:28: fatal error: ac_nonexistent.h: No such file or directory
compilation terminated.
configure:7321: $? = 1
configure: failed program was:
| /* confdefs.h.  */
| 
| #define PACKAGE_NAME "Osi"
| #define PACKAGE_TARNAME "osi"
| #define PACKAGE_VERSION "0.103.0"
| #define PACKAGE_STRING "Osi 0.103.0"
| #define PACKAGE_BUGREPORT "coin-osi@lists.coin-or.org"
| #ifdef __cplusplus
| extern "C" void exit (int) throw ();
| #endif
| #define PACKAGE "osi"
| #define VERSION "0.103.0"
| #define STDC_HEADERS 1
| #define HAVE_SYS_TYPES_H 1
| #define HAVE_SYS_STAT_H 1
| #define HAVE_STDLIB_H 1
| #define HAVE_STRING_H 1
| #define HAVE_MEMORY_H 1
| #define HAVE_STRINGS_H 1
| #define HAVE_INTTYPES_H 1
| #define HAVE_STDINT_H 1
| #define HAVE_UNISTD_H 1
| #define HAVE_DLFCN_H 1
| /* end confdefs.h.  */
| #include <ac_nonexistent.h>
configure:7360: result: g++ -E
configure:7384: g++ -E  conftest.cc
configure:7390: $? = 0
configure:7422: g++ -E  conftest.cc
conftest.cc:25:28: fatal error: ac_nonexistent.h: No such file or directory
compilation terminated.
configure:7428: $? = 1
configure: failed program was:
| /* confdefs.h.  */
| 
| #define PACKAGE_NAME "Osi"
| #define PACKAGE_TARNAME "osi"
| #define PACKAGE_VERSION "0.103.0"
| #define PACKAGE_STRING "Osi 0.103.0"
| #define PACKAGE_BUGREPORT "coin-osi@lists.coin-or.org"
| #ifdef __cplusplus
| extern "C" void exit (int) throw ();
| #endif
| #define PACKAGE "osi"
| #define VERSION "0.103.0"
| #define STDC_HEADERS 1
| #define HAVE_SYS_TYPES_H 1
| #define HAVE_SYS_STAT_H 1
| #define HAVE_STDLIB_H 1
| #define HAVE_STRING_H 1
| #define HAVE_MEMORY_H 1
| #define HAVE_STRINGS_H 1
| #define HAVE_INTTYPES_H 1
| #define HAVE_STDINT_H 1
| #define HAVE_UNISTD_H 1
| #define HAVE_DLFCN_H 1
| /* end confdefs.h.  */
| #include <ac_nonexistent.h>
configure:7477: checking the maximum length of command line arguments
configure:7586: result: 32768
configure:7597: checking command to parse /usr/bin/nm -B output from gcc object
configure:7702: g++ -c -O3 -fomit-frame-pointer -pipe -DNDEBUG -pedantic-errors -Wimplicit -Wparentheses -Wreturn-type -Wcast-qual -Wall -Wpointer-arith -Wwrite-strings -Wconversion -Wno-unknown-pragmas    conftest.cc >&5
cc1plus: warning: command line option '-Wimplicit' is valid for C/ObjC but not for C++ [enabled by default]
configure:7705: $? = 0
configure:7709: /usr/bin/nm -B conftest.o \| sed -n -e 's/^.*[ 	]\([ABCDGIRSTW][ABCDGIRSTW]*\)[ 	][ 	]*\([_A-Za-z][_A-Za-z0-9]*\)$/\1 \2 \2/p' \> conftest.nm
configure:7712: $? = 0
configure:7764: g++ -o conftest -O3 -fomit-frame-pointer -pipe -DNDEBUG -pedantic-errors -Wimplicit -Wparentheses -Wreturn-type -Wcast-qual -Wall -Wpointer-arith -Wwrite-strings -Wconversion -Wno-unknown-pragmas     conftest.cc conftstm.o >&5
cc1plus: warning: command line option '-Wimplicit' is valid for C/ObjC but not for C++ [enabled by default]
configure:7767: $? = 0
configure:7805: result: ok
configure:7809: checking for objdir
configure:7824: result: .libs
configure:7914: checking for ar
configure:7930: found /usr/bin/ar
configure:7941: result: ar
configure:7994: checking for ranlib
configure:8010: found /usr/bin/ranlib
configure:8021: result: ranlib
configure:8074: checking for strip
configure:8090: found /usr/bin/strip
configure:8101: result: strip
configure:8377: checking if gcc supports -fno-rtti -fno-exceptions
configure:8395: gcc -c -O3 -fomit-frame-pointer -pipe -DNDEBUG -pedantic-errors -Wimplicit -Wparentheses -Wsequence-point -Wreturn-type -Wcast-qual -Wall -Wno-unknown-pragmas    -fno-rtti -fno-exceptions conftest.c >&5
cc1: warning: command line option '-fno-rtti' is valid for C++/ObjC++ but not for C [enabled by default]
configure:8399: $? = 0
configure:8412: result: no
configure:8427: checking for gcc option to produce PIC
configure:8637: result: -fPIC
configure:8645: checking if gcc PIC flag -fPIC works
configure:8663: gcc -c -O3 -fomit-frame-pointer -pipe -DNDEBUG -pedantic-errors -Wimplicit -Wparentheses -Wsequence-point -Wreturn-type -Wcast-qual -Wall -Wno-unknown-pragmas    -fPIC -DPIC conftest.c >&5
configure:8667: $? = 0
configure:8680: result: yes
configure:8708: checking if gcc static flag -static works
configure:8736: result: yes
configure:8746: checking if gcc supports -c -o file.o
configure:8767: gcc -c -O3 -fomit-frame-pointer -pipe -DNDEBUG -pedantic-errors -Wimplicit -Wparentheses -Wsequence-point -Wreturn-type -Wcast-qual -Wall -Wno-unknown-pragmas    -o out/conftest2.o conftest.c >&5
configure:8771: $? = 0
configure:8793: result: yes
configure:8819: checking whether the gcc linker (/usr/bin/ld -m elf_x86_64) supports shared libraries
configure:9777: result: yes
configure:9798: checking whether -lc should be explicitly linked in
configure:9803: gcc -c -O3 -fomit-frame-pointer -pipe -DNDEBUG -pedantic-errors -Wimplicit -Wparentheses -Wsequence-point -Wreturn-type -Wcast-qual -Wall -Wno-unknown-pragmas    conftest.c >&5
configure:9806: $? = 0
configure:9821: gcc -shared conftest.o  -v -Wl,-soname -Wl,conftest -o conftest 2\>\&1 \| grep  -lc  \>/dev/null 2\>\&1
configure:9824: $? = 0
configure:9836: result: no
configure:9844: checking dynamic linker characteristics
configure:10432: result: GNU/Linux ld.so
configure:10441: checking how to hardcode library paths into programs
configure:10466: result: immediate
configure:10480: checking whether stripping libraries is possible
configure:10485: result: yes
configure:11319: checking if libtool supports shared libraries
configure:11321: result: yes
configure:11324: checking whether to build shared libraries
configure:11345: result: yes
configure:11348: checking whether to build static libraries
configure:11352: result: yes
configure:11444: creating libtool
configure:12032: checking for ld used by g++
configure:12099: result: /usr/bin/ld -m elf_x86_64
configure:12108: checking if the linker (/usr/bin/ld -m elf_x86_64) is GNU ld
configure:12123: result: yes
configure:12174: checking whether the g++ linker (/usr/bin/ld -m elf_x86_64) supports shared libraries
configure:13112: result: yes
configure:13134: g++ -c -O3 -fomit-frame-pointer -pipe -DNDEBUG -pedantic-errors -Wimplicit -Wparentheses -Wreturn-type -Wcast-qual -Wall -Wpointer-arith -Wwrite-strings -Wconversion -Wno-unknown-pragmas    conftest.cpp >&5
cc1plus: warning: command line option '-Wimplicit' is valid for C/ObjC but not for C++ [enabled by default]
configure:13137: $? = 0
configure:13256: checking for g++ option to produce PIC
configure:13530: result: -fPIC
configure:13538: checking if g++ PIC flag -fPIC works
configure:13556: g++ -c -O3 -fomit-frame-pointer -pipe -DNDEBUG -pedantic-errors -Wimplicit -Wparentheses -Wreturn-type -Wcast-qual -Wall -Wpointer-arith -Wwrite-strings -Wconversion -Wno-unknown-pragmas    -fPIC -DPIC conftest.cpp >&5
cc1plus: warning: command line option '-Wimplicit' is valid for C/ObjC but not for C++ [enabled by default]
configure:13560: $? = 0
configure:13573: result: yes
configure:13601: checking if g++ static flag -static works
cc1plus: warning: command line option '-Wimplicit' is valid for C/ObjC but not for C++ [enabled by default]
configure:13629: result: yes
configure:13639: checking if g++ supports -c -o file.o
configure:13660: g++ -c -O3 -fomit-frame-pointer -pipe -DNDEBUG -pedantic-errors -Wimplicit -Wparentheses -Wreturn-type -Wcast-qual -Wall -Wpointer-arith -Wwrite-strings -Wconversion -Wno-unknown-pragmas    -o out/conftest2.o conftest.cpp >&5
cc1plus: warning: command line option '-Wimplicit' is valid for C/ObjC but not for C++ [enabled by default]
configure:13664: $? = 0
configure:13686: result: yes
configure:13712: checking whether the g++ linker (/usr/bin/ld -m elf_x86_64) supports shared libraries
configure:13737: result: yes
configure:13804: checking dynamic linker characteristics
configure:14392: result: GNU/Linux ld.so
configure:14401: checking how to hardcode library paths into programs
configure:14426: result: immediate
configure:14952: checking if libtool supports shared libraries
configure:14954: result: yes
configure:14957: checking whether to build shared libraries
configure:14977: result: yes
configure:14980: checking whether to build static libraries
configure:14984: result: yes
configure:14994: checking for unavailable option to produce PIC
configure:15204: result: -fPIC
configure:15212: checking if unavailable PIC flag -fPIC works
configure:15230: unavailable -c   -fPIC conftest.f >&5
./configure: line 15231: unavailable: command not found
configure:15234: $? = 127
configure:15247: result: no
configure:15275: checking if unavailable static flag -static works
configure:15303: result: no
configure:15313: checking if unavailable supports -c -o file.o
configure:15334: unavailable -c   -o out/conftest2.o conftest.f >&5
./configure: line 15335: unavailable: command not found
configure:15338: $? = 127
configure:15360: result: no
configure:15386: checking whether the unavailable linker (/usr/bin/ld -m elf_x86_64) supports shared libraries
configure:16324: result: yes
configure:16391: checking dynamic linker characteristics
configure:16979: result: GNU/Linux ld.so
configure:16988: checking how to hardcode library paths into programs
configure:17013: result: immediate
configure:20599: Build is "x86_64-unknown-linux-gnu".
configure:20810: checking whether code for third party package Blas is available
configure:20839: result: no
configure:20844: checking whether code for third party package Lapack is available
configure:20873: result: no
configure:20878: checking whether code for third party package Glpk is available
configure:20907: result: no
configure:20919: checking whether directory CoinUtils is available
configure:20934: result: yes
configure:20957: checking whether directory Data/Netlib is available
configure:20979: result: no
configure:20995: checking whether directory Data/Sample is available
configure:21010: result: yes
configure:21033: checking whether directory Vol is available
configure:21048: result: yes
configure:21071: checking whether directory Clp is available
configure:21086: result: yes
configure:21109: checking whether directory DyLP is available
configure:21124: result: yes
configure:21147: checking whether directory Osi is available
configure:21162: result: yes
configure:21185: checking whether directory Cgl is available
configure:21207: result: no
configure:21223: checking whether directory SYMPHONY is available
configure:21245: result: no
configure:21261: checking whether directory Cbc is available
configure:21283: result: no
configure:21312: checking which command should be used to link input files
configure:21322: result: ln -s
configure:21526: creating ./config.status

## ---------------------- ##
## Running config.status. ##
## ---------------------- ##

This file was extended by Osi config.status 0.103.0, which was
generated by GNU Autoconf 2.59.  Invocation command line was

  CONFIG_FILES    = 
  CONFIG_HEADERS  = 
  CONFIG_LINKS    = 
  CONFIG_COMMANDS = 
  $ ./config.status 

on login

config.status:744: creating Makefile
config.status:927: executing depfiles commands
configure:22668: configuring in CoinUtils
configure:22785: running /bin/bash './configure' --prefix=/homedtic/bbonet/software/downward/fast-downward/src/search/lp/coin  'CC=gcc' 'CXX=g++' '--prefix' '/homedtic/bbonet/software/downward/fast-downward/src/search/lp/coin' '--without-lapack' '--enable-static=yes' '--with-cplex-incdir=/homedtic/bbonet/software/downward/fast-downward/src/lplib/cplex/include/ilcplex' '--with-cplex-lib=-L/homedtic/bbonet/software/downward/fast-downward/src/lplib/cplex/bin/x86-64_sles10_4.1 -lcplex1251 -lpthread' --cache-file=/dev/null --srcdir=.
configure:22668: configuring in Data/Sample
configure:22785: running /bin/bash './configure' --prefix=/homedtic/bbonet/software/downward/fast-downward/src/search/lp/coin  'CC=gcc' 'CXX=g++' '--prefix' '/homedtic/bbonet/software/downward/fast-downward/src/search/lp/coin' '--without-lapack' '--enable-static=yes' '--with-cplex-incdir=/homedtic/bbonet/software/downward/fast-downward/src/lplib/cplex/include/ilcplex' '--with-cplex-lib=-L/homedtic/bbonet/software/downward/fast-downward/src/lplib/cplex/bin/x86-64_sles10_4.1 -lcplex1251 -lpthread' --cache-file=/dev/null --srcdir=.
configure:22668: configuring in Vol
configure:22785: running /bin/bash './configure' --prefix=/homedtic/bbonet/software/downward/fast-downward/src/search/lp/coin  'CC=gcc' 'CXX=g++' '--prefix' '/homedtic/bbonet/software/downward/fast-downward/src/search/lp/coin' '--without-lapack' '--enable-static=yes' '--with-cplex-incdir=/homedtic/bbonet/software/downward/fast-downward/src/lplib/cplex/include/ilcplex' '--with-cplex-lib=-L/homedtic/bbonet/software/downward/fast-downward/src/lplib/cplex/bin/x86-64_sles10_4.1 -lcplex1251 -lpthread' --cache-file=/dev/null --srcdir=.
configure:22668: configuring in Clp
configure:22785: running /bin/bash './configure' --prefix=/homedtic/bbonet/software/downward/fast-downward/src/search/lp/coin  'CC=gcc' 'CXX=g++' '--prefix' '/homedtic/bbonet/software/downward/fast-downward/src/search/lp/coin' '--without-lapack' '--enable-static=yes' '--with-cplex-incdir=/homedtic/bbonet/software/downward/fast-downward/src/lplib/cplex/include/ilcplex' '--with-cplex-lib=-L/homedtic/bbonet/software/downward/fast-downward/src/lplib/cplex/bin/x86-64_sles10_4.1 -lcplex1251 -lpthread' --cache-file=/dev/null --srcdir=.
configure:22668: configuring in DyLP
configure:22785: running /bin/bash './configure' --prefix=/homedtic/bbonet/software/downward/fast-downward/src/search/lp/coin  'CC=gcc' 'CXX=g++' '--prefix' '/homedtic/bbonet/software/downward/fast-downward/src/search/lp/coin' '--without-lapack' '--enable-static=yes' '--with-cplex-incdir=/homedtic/bbonet/software/downward/fast-downward/src/lplib/cplex/include/ilcplex' '--with-cplex-lib=-L/homedtic/bbonet/software/downward/fast-downward/src/lplib/cplex/bin/x86-64_sles10_4.1 -lcplex1251 -lpthread' --cache-file=/dev/null --srcdir=.
configure:22668: configuring in Osi
configure:22785: running /bin/bash './configure' --prefix=/homedtic/bbonet/software/downward/fast-downward/src/search/lp/coin  'CC=gcc' 'CXX=g++' '--prefix' '/homedtic/bbonet/software/downward/fast-downward/src/search/lp/coin' '--without-lapack' '--enable-static=yes' '--with-cplex-incdir=/homedtic/bbonet/software/downward/fast-downward/src/lplib/cplex/include/ilcplex' '--with-cplex-lib=-L/homedtic/bbonet/software/downward/fast-downward/src/lplib/cplex/bin/x86-64_sles10_4.1 -lcplex1251 -lpthread' --cache-file=/dev/null --srcdir=.
configure:22858: Main configuration of Osi successful

## ---------------- ##
## Cache variables. ##
## ---------------- ##

ac_cv_build=x86_64-unknown-linux-gnu
ac_cv_build_alias=x86_64-unknown-linux-gnu
ac_cv_c_compiler_gnu=yes
ac_cv_cxx_compiler_gnu=yes
ac_cv_env_ADD_CFLAGS_set=
ac_cv_env_ADD_CFLAGS_value=
ac_cv_env_ADD_CXXFLAGS_set=
ac_cv_env_ADD_CXXFLAGS_value=
ac_cv_env_ADD_FFLAGS_set=
ac_cv_env_ADD_FFLAGS_value=
ac_cv_env_CC_set=set
ac_cv_env_CC_value=gcc
ac_cv_env_CDEFS_set=
ac_cv_env_CDEFS_value=
ac_cv_env_CFLAGS_set=
ac_cv_env_CFLAGS_value=
ac_cv_env_COIN_SKIP_PROJECTS_set=
ac_cv_env_COIN_SKIP_PROJECTS_value=
ac_cv_env_CPPFLAGS_set=
ac_cv_env_CPPFLAGS_value=
ac_cv_env_CPP_set=
ac_cv_env_CPP_value=
ac_cv_env_CXXCPP_set=
ac_cv_env_CXXCPP_value=
ac_cv_env_CXXDEFS_set=
ac_cv_env_CXXDEFS_value=
ac_cv_env_CXXFLAGS_set=
ac_cv_env_CXXFLAGS_value=
ac_cv_env_CXX_set=set
ac_cv_env_CXX_value=g++
ac_cv_env_DBG_CFLAGS_set=
ac_cv_env_DBG_CFLAGS_value=
ac_cv_env_DBG_CXXFLAGS_set=
ac_cv_env_DBG_CXXFLAGS_value=
ac_cv_env_DBG_FFLAGS_set=
ac_cv_env_DBG_FFLAGS_value=
ac_cv_env_F77_set=
ac_cv_env_F77_value=
ac_cv_env_FFLAGS_set=
ac_cv_env_FFLAGS_value=
ac_cv_env_LDFLAGS_set=
ac_cv_env_LDFLAGS_value=
ac_cv_env_MPICC_set=
ac_cv_env_MPICC_value=
ac_cv_env_MPICXX_set=
ac_cv_env_MPICXX_value=
ac_cv_env_MPIF77_set=
ac_cv_env_MPIF77_value=
ac_cv_env_OPT_CFLAGS_set=
ac_cv_env_OPT_CFLAGS_value=
ac_cv_env_OPT_CXXFLAGS_set=
ac_cv_env_OPT_CXXFLAGS_value=
ac_cv_env_OPT_FFLAGS_set=
ac_cv_env_OPT_FFLAGS_value=
ac_cv_env_build_alias_set=
ac_cv_env_build_alias_value=
ac_cv_env_host_alias_set=
ac_cv_env_host_alias_value=
ac_cv_env_target_alias_set=
ac_cv_env_target_alias_value=
ac_cv_exeext=
ac_cv_header_dlfcn_h=yes
ac_cv_header_inttypes_h=yes
ac_cv_header_memory_h=yes
ac_cv_header_stdc=yes
ac_cv_header_stdint_h=yes
ac_cv_header_stdlib_h=yes
ac_cv_header_string_h=yes
ac_cv_header_strings_h=yes
ac_cv_header_sys_stat_h=yes
ac_cv_header_sys_types_h=yes
ac_cv_header_unistd_h=yes
ac_cv_host=x86_64-unknown-linux-gnu
ac_cv_host_alias=x86_64-unknown-linux-gnu
ac_cv_objext=o
ac_cv_path_install='/usr/bin/install -c'
ac_cv_prog_AWK=gawk
ac_cv_prog_CPP='gcc -E'
ac_cv_prog_CXXCPP='g++ -E'
ac_cv_prog_ac_ct_AR=ar
ac_cv_prog_ac_ct_RANLIB=ranlib
ac_cv_prog_ac_ct_STRIP=strip
ac_cv_prog_cc_g=yes
ac_cv_prog_cc_stdc=
ac_cv_prog_cxx_g=yes
ac_cv_prog_egrep='grep -E'
ac_cv_prog_make_make_set=yes
am_cv_CC_dependencies_compiler_type=gcc3
am_cv_CXX_dependencies_compiler_type=gcc3
lt_cv_deplibs_check_method=pass_all
lt_cv_file_magic_cmd='$MAGIC_CMD'
lt_cv_file_magic_test_file=
lt_cv_ld_reload_flag=-r
lt_cv_objdir=.libs
lt_cv_path_LD=/usr/bin/ld
lt_cv_path_LDCXX='/usr/bin/ld -m elf_x86_64'
lt_cv_path_NM='/usr/bin/nm -B'
lt_cv_path_SED=/bin/sed
lt_cv_prog_compiler_c_o=yes
lt_cv_prog_compiler_c_o_CXX=yes
lt_cv_prog_compiler_c_o_F77=no
lt_cv_prog_compiler_rtti_exceptions=no
lt_cv_prog_gnu_ld=yes
lt_cv_prog_gnu_ldcxx=yes
lt_cv_sys_global_symbol_pipe='sed -n -e '\''s/^.*[ 	]\([ABCDGIRSTW][ABCDGIRSTW]*\)[ 	][ 	]*\([_A-Za-z][_A-Za-z0-9]*\)$/\1 \2 \2/p'\'''
lt_cv_sys_global_symbol_to_c_name_address='sed -n -e '\''s/^: \([^ ]*\) $/  {\"\1\", (lt_ptr) 0},/p'\'' -e '\''s/^[BCDEGRST] \([^ ]*\) \([^ ]*\)$/  {"\2", (lt_ptr) \&\2},/p'\'''
lt_cv_sys_global_symbol_to_cdecl='sed -n -e '\''s/^. .* \(.*\)$/extern int \1;/p'\'''
lt_cv_sys_max_cmd_len=32768
lt_lt_cv_prog_compiler_c_o='"yes"'
lt_lt_cv_prog_compiler_c_o_CXX='"yes"'
lt_lt_cv_prog_compiler_c_o_F77='"no"'
lt_lt_cv_sys_global_symbol_pipe='"sed -n -e '\''s/^.*[ 	]\\([ABCDGIRSTW][ABCDGIRSTW]*\\)[ 	][ 	]*\\([_A-Za-z][_A-Za-z0-9]*\\)\$/\\1 \\2 \\2/p'\''"'
lt_lt_cv_sys_global_symbol_to_c_name_address='"sed -n -e '\''s/^: \\([^ ]*\\) \$/  {\\\"\\1\\\", (lt_ptr) 0},/p'\'' -e '\''s/^[BCDEGRST] \\([^ ]*\\) \\([^ ]*\\)\$/  {\"\\2\", (lt_ptr) \\&\\2},/p'\''"'
lt_lt_cv_sys_global_symbol_to_cdecl='"sed -n -e '\''s/^. .* \\(.*\\)\$/extern int \\1;/p'\''"'

## ----------------- ##
## Output variables. ##
## ----------------- ##

ACLOCAL='${SHELL} /homedtic/bbonet/software/downward/fast-downward/src/search/lp/Osi-0.103.0/missing --run aclocal-1.9'
ADD_CFLAGS=''
ADD_CXXFLAGS=''
ADD_FFLAGS=''
AMDEPBACKSLASH='\'
AMDEP_FALSE='#'
AMDEP_TRUE=''
AMTAR='${SHELL} /homedtic/bbonet/software/downward/fast-downward/src/search/lp/Osi-0.103.0/missing --run tar'
AR='ar'
AUTOCONF='${SHELL} /homedtic/bbonet/software/downward/fast-downward/src/search/lp/Osi-0.103.0/missing --run autoconf'
AUTOHEADER='${SHELL} /homedtic/bbonet/software/downward/fast-downward/src/search/lp/Osi-0.103.0/missing --run autoheader'
AUTOMAKE='${SHELL} /homedtic/bbonet/software/downward/fast-downward/src/search/lp/Osi-0.103.0/missing --run automake-1.9'
AUX_DIR=''
AWK='gawk'
BUILDTOOLSDIR=''
CC='gcc'
CCDEPMODE='depmode=gcc3'
CDEFS=''
CFLAGS='-O3 -fomit-frame-pointer -pipe -DNDEBUG -pedantic-errors -Wimplicit -Wparentheses -Wsequence-point -Wreturn-type -Wcast-qual -Wall -Wno-unknown-pragmas  '
COIN_SKIP_PROJECTS=''
CPP='gcc -E'
CPPFLAGS=''
CXX='g++'
CXXCPP='g++ -E'
CXXDEFS=''
CXXDEPMODE='depmode=gcc3'
CXXFLAGS='-O3 -fomit-frame-pointer -pipe -DNDEBUG -pedantic-errors -Wimplicit -Wparentheses -Wreturn-type -Wcast-qual -Wall -Wpointer-arith -Wwrite-strings -Wconversion -Wno-unknown-pragmas  '
CYGPATH_W='echo'
DBG_CFLAGS='-g -pipe -pedantic-errors -Wimplicit -Wparentheses -Wsequence-point -Wreturn-type -Wcast-qual -Wall -Wno-unknown-pragmas  '
DBG_CXXFLAGS='-g -pipe -pedantic-errors -Wimplicit -Wparentheses -Wreturn-type -Wcast-qual -Wall -Wpointer-arith -Wwrite-strings -Wconversion -Wno-unknown-pragmas  '
DBG_FFLAGS=' '
DEFS='-DPACKAGE_NAME=\"Osi\" -DPACKAGE_TARNAME=\"osi\" -DPACKAGE_VERSION=\"0.103.0\" -DPACKAGE_STRING=\"Osi\ 0.103.0\" -DPACKAGE_BUGREPORT=\"coin-osi@lists.coin-or.org\" -DPACKAGE=\"osi\" -DVERSION=\"0.103.0\" -DSTDC_HEADERS=1 -DHAVE_SYS_TYPES_H=1 -DHAVE_SYS_STAT_H=1 -DHAVE_STDLIB_H=1 -DHAVE_STRING_H=1 -DHAVE_MEMORY_H=1 -DHAVE_STRINGS_H=1 -DHAVE_INTTYPES_H=1 -DHAVE_STDINT_H=1 -DHAVE_UNISTD_H=1 -DHAVE_DLFCN_H=1 '
DEPDIR='.deps'
ECHO='echo'
ECHO_C=''
ECHO_N='-n'
ECHO_T=''
EGREP='grep -E'
EXEEXT=''
F77='unavailable'
FFLAGS=' '
HAVE_EXTERNALS_FALSE=''
HAVE_EXTERNALS_TRUE='#'
INSTALL_DATA='${INSTALL} -m 644'
INSTALL_PROGRAM='${INSTALL}'
INSTALL_SCRIPT='${INSTALL}'
INSTALL_STRIP_PROGRAM='${SHELL} $(install_sh) -c -s'
LDFLAGS=''
LIBEXT='a'
LIBOBJS=''
LIBS=''
LIBTOOL='$(SHELL) $(top_builddir)/libtool'
LIBTOOLM4=''
LN_S='ln -s'
LTLIBOBJS=''
LT_LDFLAGS=''
MAINT='#'
MAINTAINER_MODE_FALSE=''
MAINTAINER_MODE_TRUE='#'
MAKEINFO='${SHELL} /homedtic/bbonet/software/downward/fast-downward/src/search/lp/Osi-0.103.0/missing --run makeinfo'
MPICC=''
MPICXX=''
MPIF77=''
OBJEXT='o'
OPT_CFLAGS='-O3 -fomit-frame-pointer -pipe -DNDEBUG -pedantic-errors -Wimplicit -Wparentheses -Wsequence-point -Wreturn-type -Wcast-qual -Wall -Wno-unknown-pragmas  '
OPT_CXXFLAGS='-O3 -fomit-frame-pointer -pipe -DNDEBUG -pedantic-errors -Wimplicit -Wparentheses -Wreturn-type -Wcast-qual -Wall -Wpointer-arith -Wwrite-strings -Wconversion -Wno-unknown-pragmas  '
OPT_FFLAGS=' '
PACKAGE='osi'
PACKAGE_BUGREPORT='coin-osi@lists.coin-or.org'
PACKAGE_NAME='Osi'
PACKAGE_STRING='Osi 0.103.0'
PACKAGE_TARNAME='osi'
PACKAGE_VERSION='0.103.0'
PATH_SEPARATOR=':'
RANLIB='ranlib'
RPATH_FLAGS=' -Wl,--rpath -Wl,/homedtic/bbonet/software/downward/fast-downward/src/search/lp/Osi-0.103.0/lib'
SET_MAKE=''
SHELL='/bin/bash'
STRIP='strip'
VERSION='0.103.0'
VPATH_DISTCLEANFILES=''
abs_bin_dir='/homedtic/bbonet/software/downward/fast-downward/src/search/lp/Osi-0.103.0/bin'
abs_include_dir='/homedtic/bbonet/software/downward/fast-downward/src/search/lp/Osi-0.103.0/include'
abs_lib_dir='/homedtic/bbonet/software/downward/fast-downward/src/search/lp/Osi-0.103.0/lib'
abs_source_dir='/homedtic/bbonet/software/downward/fast-downward/src/search/lp/Osi-0.103.0'
ac_c_preproc_warn_flag=''
ac_ct_AR='ar'
ac_ct_CC=''
ac_ct_CXX=''
ac_ct_F77=''
ac_ct_RANLIB='ranlib'
ac_ct_STRIP='strip'
ac_cxx_preproc_warn_flag=''
am__fastdepCC_FALSE='#'
am__fastdepCC_TRUE=''
am__fastdepCXX_FALSE='#'
am__fastdepCXX_TRUE=''
am__include='include'
am__leading_dot='.'
am__quote=''
am__tar='${AMTAR} chof - "$$tardir"'
am__untar='${AMTAR} xf -'
bindir='${exec_prefix}/bin'
build='x86_64-unknown-linux-gnu'
build_alias=''
build_cpu='x86_64'
build_os='linux-gnu'
build_vendor='unknown'
datadir='${prefix}/share'
exec_prefix='${prefix}'
have_autoconf=''
have_automake=''
have_svn=''
host='x86_64-unknown-linux-gnu'
host_alias=''
host_cpu='x86_64'
host_os='linux-gnu'
host_vendor='unknown'
includedir='${prefix}/include'
infodir='${prefix}/info'
install_sh='/homedtic/bbonet/software/downward/fast-downward/src/search/lp/Osi-0.103.0/install-sh'
libdir='${exec_prefix}/lib'
libexecdir='${exec_prefix}/libexec'
localstatedir='${prefix}/var'
mandir='${prefix}/man'
mkdir_p='mkdir -p --'
oldincludedir='/usr/include'
prefix='/homedtic/bbonet/software/downward/fast-downward/src/search/lp/coin'
program_transform_name='s,x,x,'
sbindir='${exec_prefix}/sbin'
sharedstatedir='${prefix}/com'
sol_cc_compiler=''
subdirs=' CoinUtils Data/Sample Vol Clp DyLP Osi'
sysconfdir='${prefix}/etc'
target_alias=''

## ----------- ##
## confdefs.h. ##
## ----------- ##

#define HAVE_DLFCN_H 1
#define HAVE_INTTYPES_H 1
#define HAVE_MEMORY_H 1
#define HAVE_STDINT_H 1
#define HAVE_STDLIB_H 1
#define HAVE_STRINGS_H 1
#define HAVE_STRING_H 1
#define HAVE_SYS_STAT_H 1
#define HAVE_SYS_TYPES_H 1
#define HAVE_UNISTD_H 1
#define PACKAGE "osi"
#define PACKAGE_BUGREPORT "coin-osi@lists.coin-or.org"
#define PACKAGE_NAME "Osi"
#define PACKAGE_STRING "Osi 0.103.0"
#define PACKAGE_TARNAME "osi"
#define PACKAGE_VERSION "0.103.0"
#define STDC_HEADERS 1
#define VERSION "0.103.0"
#endif
#ifdef __cplusplus
extern "C" void exit (int) throw ();

configure: exit 0
