This file contains any messages produced by compilers while
running configure, to aid debugging if configure makes a mistake.

It was created by CoinUtils configure 2.6.4, which was
generated by GNU Autoconf 2.59.  Invocation command line was

  $ ./configure --prefix=/homedtic/bbonet/software/downward/fast-downward/src/search/lp/coin CC=gcc CXX=g++ --prefix /homedtic/bbonet/software/downward/fast-downward/src/search/lp/coin --without-lapack --enable-static=yes --with-cplex-incdir=/homedtic/bbonet/software/downward/fast-downward/src/lplib/cplex/include/ilcplex --with-cplex-lib=-L/homedtic/bbonet/software/downward/fast-downward/src/lplib/cplex/bin/x86-64_sles10_4.1 -lcplex1251 -lpthread --cache-file=/dev/null --srcdir=.

## --------- ##
## Platform. ##
## --------- ##

hostname = login
uname -m = x86_64
uname -r = 3.2.0-4-amd64
uname -s = Linux
uname -v = #1 SMP Debian 3.2.46-1

/usr/bin/uname -p = unknown
/bin/uname -X     = unknown

/bin/arch              = unknown
/usr/bin/arch -k       = unknown
/usr/convex/getsysinfo = unknown
hostinfo               = unknown
/bin/machine           = unknown
/usr/bin/oslevel       = unknown
/bin/universe          = unknown

PATH: /homedtic/bbonet/bin
PATH: /sge/bin/linux-x64
PATH: /usr/local/bin
PATH: /usr/bin
PATH: /bin
PATH: /usr/local/games
PATH: /usr/games
PATH: /usr/local/clues/0.89


## ----------- ##
## Core tests. ##
## ----------- ##

configure:1684: checking build system type
configure:1702: result: x86_64-unknown-linux-gnu
configure:1747: checking whether we want to compile in debug mode
configure:1794: result: no
configure:2103: checking for C compiler version
configure:2106: gcc --version </dev/null >&5
gcc (Debian 4.7.2-5) 4.7.2
Copyright (C) 2012 Free Software Foundation, Inc.
This is free software; see the source for copying conditions.  There is NO
warranty; not even for MERCHANTABILITY or FITNESS FOR A PARTICULAR PURPOSE.

configure:2109: $? = 0
configure:2111: gcc -v </dev/null >&5
Using built-in specs.
COLLECT_GCC=gcc
COLLECT_LTO_WRAPPER=/usr/lib/gcc/x86_64-linux-gnu/4.7/lto-wrapper
Target: x86_64-linux-gnu
Configured with: ../src/configure -v --with-pkgversion='Debian 4.7.2-5' --with-bugurl=file:///usr/share/doc/gcc-4.7/README.Bugs --enable-languages=c,c++,go,fortran,objc,obj-c++ --prefix=/usr --program-suffix=-4.7 --enable-shared --enable-linker-build-id --with-system-zlib --libexecdir=/usr/lib --without-included-gettext --enable-threads=posix --with-gxx-include-dir=/usr/include/c++/4.7 --libdir=/usr/lib --enable-nls --with-sysroot=/ --enable-clocale=gnu --enable-libstdcxx-debug --enable-libstdcxx-time=yes --enable-gnu-unique-object --enable-plugin --enable-objc-gc --with-arch-32=i586 --with-tune=generic --enable-checking=release --build=x86_64-linux-gnu --host=x86_64-linux-gnu --target=x86_64-linux-gnu
Thread model: posix
gcc version 4.7.2 (Debian 4.7.2-5) 
configure:2114: $? = 0
configure:2116: gcc -V </dev/null >&5
gcc: error: unrecognized command line option '-V'
gcc: fatal error: no input files
compilation terminated.
configure:2119: $? = 4
configure:2142: checking for C compiler default output file name
configure:2145: gcc    conftest.c  >&5
configure:2148: $? = 0
configure:2194: result: a.out
configure:2199: checking whether the C compiler works
configure:2205: ./a.out
configure:2208: $? = 0
configure:2225: result: yes
configure:2232: checking whether we are cross compiling
configure:2234: result: no
configure:2237: checking for suffix of executables
configure:2239: gcc -o conftest    conftest.c  >&5
configure:2242: $? = 0
configure:2267: result: 
configure:2273: checking for suffix of object files
configure:2294: gcc -c   conftest.c >&5
configure:2297: $? = 0
configure:2319: result: o
configure:2323: checking whether we are using the GNU C compiler
configure:2347: gcc -c   conftest.c >&5
configure:2353: $? = 0
configure:2357: test -z 
			 || test ! -s conftest.err
configure:2360: $? = 0
configure:2363: test -s conftest.o
configure:2366: $? = 0
configure:2379: result: yes
configure:2385: checking whether gcc accepts -g
configure:2406: gcc -c -g  conftest.c >&5
configure:2412: $? = 0
configure:2416: test -z 
			 || test ! -s conftest.err
configure:2419: $? = 0
configure:2422: test -s conftest.o
configure:2425: $? = 0
configure:2436: result: yes
configure:2453: checking for gcc option to accept ANSI C
configure:2523: gcc  -c -g -O2  conftest.c >&5
configure:2529: $? = 0
configure:2533: test -z 
			 || test ! -s conftest.err
configure:2536: $? = 0
configure:2539: test -s conftest.o
configure:2542: $? = 0
configure:2560: result: none needed
configure:2578: gcc -c -g -O2  conftest.c >&5
conftest.c:2:3: error: unknown type name 'choke'
conftest.c:2:3: error: expected '=', ',', ';', 'asm' or '__attribute__' at end of input
configure:2584: $? = 1
configure: failed program was:
| #ifndef __cplusplus
|   choke me
| #endif
configure:3039: gcc -o conftest -O3 -fomit-frame-pointer -pipe -DNDEBUG -pedantic-errors -Wimplicit -Wparentheses -Wsequence-point -Wreturn-type -Wcast-qual -Wall -Wno-unknown-pragmas     conftest.c  >&5
configure:3045: $? = 0
configure:3049: test -z 
			 || test ! -s conftest.err
configure:3052: $? = 0
configure:3055: test -s conftest
configure:3058: $? = 0
configure:3125: C compiler options are: -O3 -fomit-frame-pointer -pipe -DNDEBUG -pedantic-errors -Wimplicit -Wparentheses -Wsequence-point -Wreturn-type -Wcast-qual -Wall -Wno-unknown-pragmas  
configure:3294: checking for C++ compiler version
configure:3297: g++ --version </dev/null >&5
g++ (Debian 4.7.2-5) 4.7.2
Copyright (C) 2012 Free Software Foundation, Inc.
This is free software; see the source for copying conditions.  There is NO
warranty; not even for MERCHANTABILITY or FITNESS FOR A PARTICULAR PURPOSE.

configure:3300: $? = 0
configure:3302: g++ -v </dev/null >&5
Using built-in specs.
COLLECT_GCC=g++
COLLECT_LTO_WRAPPER=/usr/lib/gcc/x86_64-linux-gnu/4.7/lto-wrapper
Target: x86_64-linux-gnu
Configured with: ../src/configure -v --with-pkgversion='Debian 4.7.2-5' --with-bugurl=file:///usr/share/doc/gcc-4.7/README.Bugs --enable-languages=c,c++,go,fortran,objc,obj-c++ --prefix=/usr --program-suffix=-4.7 --enable-shared --enable-linker-build-id --with-system-zlib --libexecdir=/usr/lib --without-included-gettext --enable-threads=posix --with-gxx-include-dir=/usr/include/c++/4.7 --libdir=/usr/lib --enable-nls --with-sysroot=/ --enable-clocale=gnu --enable-libstdcxx-debug --enable-libstdcxx-time=yes --enable-gnu-unique-object --enable-plugin --enable-objc-gc --with-arch-32=i586 --with-tune=generic --enable-checking=release --build=x86_64-linux-gnu --host=x86_64-linux-gnu --target=x86_64-linux-gnu
Thread model: posix
gcc version 4.7.2 (Debian 4.7.2-5) 
configure:3305: $? = 0
configure:3307: g++ -V </dev/null >&5
g++: error: unrecognized command line option '-V'
g++: fatal error: no input files
compilation terminated.
configure:3310: $? = 4
configure:3313: checking whether we are using the GNU C++ compiler
configure:3337: g++ -c   conftest.cc >&5
configure:3343: $? = 0
configure:3347: test -z 
			 || test ! -s conftest.err
configure:3350: $? = 0
configure:3353: test -s conftest.o
configure:3356: $? = 0
configure:3369: result: yes
configure:3375: checking whether g++ accepts -g
configure:3396: g++ -c -g  conftest.cc >&5
configure:3402: $? = 0
configure:3406: test -z 
			 || test ! -s conftest.err
configure:3409: $? = 0
configure:3412: test -s conftest.o
configure:3415: $? = 0
configure:3426: result: yes
configure:3468: g++ -c -g -O2  conftest.cc >&5
configure:3474: $? = 0
configure:3478: test -z 
			 || test ! -s conftest.err
configure:3481: $? = 0
configure:3484: test -s conftest.o
configure:3487: $? = 0
configure:3513: g++ -c -g -O2  conftest.cc >&5
conftest.cc: In function 'int main()':
conftest.cc:15:9: error: 'exit' was not declared in this scope
configure:3519: $? = 1
configure: failed program was:
| /* confdefs.h.  */
| 
| #define PACKAGE_NAME "CoinUtils"
| #define PACKAGE_TARNAME "coinutils"
| #define PACKAGE_VERSION "2.6.4"
| #define PACKAGE_STRING "CoinUtils 2.6.4"
| #define PACKAGE_BUGREPORT "http://projects.coin-or.org/CoinUtils"
| #define COIN_COINUTILS_VERBOSITY 0
| #define COIN_COINUTILS_CHECKLEVEL 0
| /* end confdefs.h.  */
| 
| int
| main ()
| {
| exit (42);
|   ;
|   return 0;
| }
configure:3468: g++ -c -g -O2  conftest.cc >&5
conftest.cc:11:40: error: 'void std::exit(int)' should have been declared inside 'std'
configure:3474: $? = 1
configure: failed program was:
| /* confdefs.h.  */
| 
| #define PACKAGE_NAME "CoinUtils"
| #define PACKAGE_TARNAME "coinutils"
| #define PACKAGE_VERSION "2.6.4"
| #define PACKAGE_STRING "CoinUtils 2.6.4"
| #define PACKAGE_BUGREPORT "http://projects.coin-or.org/CoinUtils"
| #define COIN_COINUTILS_VERBOSITY 0
| #define COIN_COINUTILS_CHECKLEVEL 0
| /* end confdefs.h.  */
| extern "C" void std::exit (int) throw (); using std::exit;
| #include <stdlib.h>
| int
| main ()
| {
| exit (42);
|   ;
|   return 0;
| }
configure:3468: g++ -c -g -O2  conftest.cc >&5
conftest.cc:11:31: error: 'void std::exit(int)' should have been declared inside 'std'
In file included from conftest.cc:12:0:
/usr/include/stdlib.h:544:70: error: declaration of 'void std::exit(int) throw ()' has a different exception specifier
conftest.cc:11:17: error: from previous declaration 'void std::exit(int)'
configure:3474: $? = 1
configure: failed program was:
| /* confdefs.h.  */
| 
| #define PACKAGE_NAME "CoinUtils"
| #define PACKAGE_TARNAME "coinutils"
| #define PACKAGE_VERSION "2.6.4"
| #define PACKAGE_STRING "CoinUtils 2.6.4"
| #define PACKAGE_BUGREPORT "http://projects.coin-or.org/CoinUtils"
| #define COIN_COINUTILS_VERBOSITY 0
| #define COIN_COINUTILS_CHECKLEVEL 0
| /* end confdefs.h.  */
| extern "C" void std::exit (int); using std::exit;
| #include <stdlib.h>
| int
| main ()
| {
| exit (42);
|   ;
|   return 0;
| }
configure:3468: g++ -c -g -O2  conftest.cc >&5
configure:3474: $? = 0
configure:3478: test -z 
			 || test ! -s conftest.err
configure:3481: $? = 0
configure:3484: test -s conftest.o
configure:3487: $? = 0
configure:3513: g++ -c -g -O2  conftest.cc >&5
configure:3519: $? = 0
configure:3523: test -z 
			 || test ! -s conftest.err
configure:3526: $? = 0
configure:3529: test -s conftest.o
configure:3532: $? = 0
configure:3564: checking whether C++ compiler g++ works
configure:3582: g++ -c -g -O2  conftest.cc >&5
configure:3588: $? = 0
configure:3592: test -z 
			 || test ! -s conftest.err
configure:3595: $? = 0
configure:3598: test -s conftest.o
configure:3601: $? = 0
configure:3603: result: yes
configure:3963: g++ -o conftest -O3 -fomit-frame-pointer -pipe -DNDEBUG -pedantic-errors -Wimplicit -Wparentheses -Wreturn-type -Wcast-qual -Wall -Wpointer-arith -Wwrite-strings -Wconversion -Wno-unknown-pragmas     conftest.cc  >&5
cc1plus: warning: command line option '-Wimplicit' is valid for C/ObjC but not for C++ [enabled by default]
configure:3969: $? = 0
configure:3973: test -z 
			 || test ! -s conftest.err
configure:3976: $? = 0
configure:3979: test -s conftest
configure:3982: $? = 0
configure:4049: C++ compiler options are: -O3 -fomit-frame-pointer -pipe -DNDEBUG -pedantic-errors -Wimplicit -Wparentheses -Wreturn-type -Wcast-qual -Wall -Wpointer-arith -Wwrite-strings -Wconversion -Wno-unknown-pragmas  
configure:4104: Trying to determine Fortran compiler name
configure:4110: checking for xlf_r
configure:4139: result: no
configure:4110: checking for fort77
configure:4139: result: no
configure:4110: checking for gfortran
configure:4139: result: no
configure:4110: checking for f77
configure:4139: result: no
configure:4110: checking for g77
configure:4139: result: no
configure:4110: checking for pgf90
configure:4139: result: no
configure:4110: checking for pgf77
configure:4139: result: no
configure:4110: checking for ifort
configure:4139: result: no
configure:4110: checking for ifc
configure:4139: result: no
configure:4110: checking for frt
configure:4139: result: no
configure:4110: checking for af77
configure:4139: result: no
configure:5785: checking for egrep
configure:5795: result: grep -E
configure:5814: checking for a BSD-compatible install
configure:5869: result: /usr/bin/install -c
configure:5880: checking whether build environment is sane
configure:5923: result: yes
configure:5988: checking for gawk
configure:6004: found /usr/bin/gawk
configure:6014: result: gawk
configure:6024: checking whether make sets $(MAKE)
configure:6044: result: yes
configure:6074: checking for style of include used by make
configure:6102: result: GNU
configure:6282: checking dependency style of gcc
configure:6372: result: gcc3
configure:6391: checking dependency style of g++
configure:6481: result: gcc3
configure:6499: checking whether to enable maintainer-specific portions of Makefiles
configure:6508: result: no
configure:21890: Using libtool script in directory ..
configure:21985: checking cmath usability
configure:21997: g++ -c -O3 -fomit-frame-pointer -pipe -DNDEBUG -pedantic-errors -Wimplicit -Wparentheses -Wreturn-type -Wcast-qual -Wall -Wpointer-arith -Wwrite-strings -Wconversion -Wno-unknown-pragmas    conftest.cc >&5
cc1plus: warning: command line option '-Wimplicit' is valid for C/ObjC but not for C++ [enabled by default]
configure:22003: $? = 0
configure:22007: test -z 
			 || test ! -s conftest.err
configure:22010: $? = 0
configure:22013: test -s conftest.o
configure:22016: $? = 0
configure:22026: result: yes
configure:22030: checking cmath presence
configure:22040: g++ -E  conftest.cc
configure:22046: $? = 0
configure:22066: result: yes
configure:22101: checking for cmath
configure:22108: result: yes
configure:22314: checking cfloat usability
configure:22326: g++ -c -O3 -fomit-frame-pointer -pipe -DNDEBUG -pedantic-errors -Wimplicit -Wparentheses -Wreturn-type -Wcast-qual -Wall -Wpointer-arith -Wwrite-strings -Wconversion -Wno-unknown-pragmas    conftest.cc >&5
cc1plus: warning: command line option '-Wimplicit' is valid for C/ObjC but not for C++ [enabled by default]
configure:22332: $? = 0
configure:22336: test -z 
			 || test ! -s conftest.err
configure:22339: $? = 0
configure:22342: test -s conftest.o
configure:22345: $? = 0
configure:22355: result: yes
configure:22359: checking cfloat presence
configure:22369: g++ -E  conftest.cc
configure:22375: $? = 0
configure:22395: result: yes
configure:22430: checking for cfloat
configure:22437: result: yes
configure:22643: checking cieeefp usability
configure:22655: g++ -c -O3 -fomit-frame-pointer -pipe -DNDEBUG -pedantic-errors -Wimplicit -Wparentheses -Wreturn-type -Wcast-qual -Wall -Wpointer-arith -Wwrite-strings -Wconversion -Wno-unknown-pragmas    conftest.cc >&5
cc1plus: warning: command line option '-Wimplicit' is valid for C/ObjC but not for C++ [enabled by default]
conftest.cc:63:19: fatal error: cieeefp: No such file or directory
compilation terminated.
configure:22661: $? = 1
configure: failed program was:
| /* confdefs.h.  */
| 
| #define PACKAGE_NAME "CoinUtils"
| #define PACKAGE_TARNAME "coinutils"
| #define PACKAGE_VERSION "2.6.4"
| #define PACKAGE_STRING "CoinUtils 2.6.4"
| #define PACKAGE_BUGREPORT "http://projects.coin-or.org/CoinUtils"
| #define COIN_COINUTILS_VERBOSITY 0
| #define COIN_COINUTILS_CHECKLEVEL 0
| #ifdef __cplusplus
| extern "C" void exit (int) throw ();
| #endif
| #define PACKAGE "coinutils"
| #define VERSION "2.6.4"
| #define STDC_HEADERS 1
| #define HAVE_SYS_TYPES_H 1
| #define HAVE_SYS_STAT_H 1
| #define HAVE_STDLIB_H 1
| #define HAVE_STRING_H 1
| #define HAVE_MEMORY_H 1
| #define HAVE_STRINGS_H 1
| #define HAVE_INTTYPES_H 1
| #define HAVE_STDINT_H 1
| #define HAVE_UNISTD_H 1
| #define HAVE_DLFCN_H 1
| #define HAVE_CMATH 1
| #define HAVE_CFLOAT 1
| /* end confdefs.h.  */
| #include <stdio.h>
| #if HAVE_SYS_TYPES_H
| # include <sys/types.h>
| #endif
| #if HAVE_SYS_STAT_H
| # include <sys/stat.h>
| #endif
| #if STDC_HEADERS
| # include <stdlib.h>
| # include <stddef.h>
| #else
| # if HAVE_STDLIB_H
| #  include <stdlib.h>
| # endif
| #endif
| #if HAVE_STRING_H
| # if !STDC_HEADERS && HAVE_MEMORY_H
| #  include <memory.h>
| # endif
| # include <string.h>
| #endif
| #if HAVE_STRINGS_H
| # include <strings.h>
| #endif
| #if HAVE_INTTYPES_H
| # include <inttypes.h>
| #else
| # if HAVE_STDINT_H
| #  include <stdint.h>
| # endif
| #endif
| #if HAVE_UNISTD_H
| # include <unistd.h>
| #endif
| #include <cieeefp>
configure:22684: result: no
configure:22688: checking cieeefp presence
configure:22698: g++ -E  conftest.cc
conftest.cc:29:19: fatal error: cieeefp: No such file or directory
compilation terminated.
configure:22704: $? = 1
configure: failed program was:
| /* confdefs.h.  */
| 
| #define PACKAGE_NAME "CoinUtils"
| #define PACKAGE_TARNAME "coinutils"
| #define PACKAGE_VERSION "2.6.4"
| #define PACKAGE_STRING "CoinUtils 2.6.4"
| #define PACKAGE_BUGREPORT "http://projects.coin-or.org/CoinUtils"
| #define COIN_COINUTILS_VERBOSITY 0
| #define COIN_COINUTILS_CHECKLEVEL 0
| #ifdef __cplusplus
| extern "C" void exit (int) throw ();
| #endif
| #define PACKAGE "coinutils"
| #define VERSION "2.6.4"
| #define STDC_HEADERS 1
| #define HAVE_SYS_TYPES_H 1
| #define HAVE_SYS_STAT_H 1
| #define HAVE_STDLIB_H 1
| #define HAVE_STRING_H 1
| #define HAVE_MEMORY_H 1
| #define HAVE_STRINGS_H 1
| #define HAVE_INTTYPES_H 1
| #define HAVE_STDINT_H 1
| #define HAVE_UNISTD_H 1
| #define HAVE_DLFCN_H 1
| #define HAVE_CMATH 1
| #define HAVE_CFLOAT 1
| /* end confdefs.h.  */
| #include <cieeefp>
configure:22724: result: no
configure:22759: checking for cieeefp
configure:22766: result: no
configure:22801: checking ieeefp.h usability
configure:22813: g++ -c -O3 -fomit-frame-pointer -pipe -DNDEBUG -pedantic-errors -Wimplicit -Wparentheses -Wreturn-type -Wcast-qual -Wall -Wpointer-arith -Wwrite-strings -Wconversion -Wno-unknown-pragmas    conftest.cc >&5
cc1plus: warning: command line option '-Wimplicit' is valid for C/ObjC but not for C++ [enabled by default]
conftest.cc:63:20: fatal error: ieeefp.h: No such file or directory
compilation terminated.
configure:22819: $? = 1
configure: failed program was:
| /* confdefs.h.  */
| 
| #define PACKAGE_NAME "CoinUtils"
| #define PACKAGE_TARNAME "coinutils"
| #define PACKAGE_VERSION "2.6.4"
| #define PACKAGE_STRING "CoinUtils 2.6.4"
| #define PACKAGE_BUGREPORT "http://projects.coin-or.org/CoinUtils"
| #define COIN_COINUTILS_VERBOSITY 0
| #define COIN_COINUTILS_CHECKLEVEL 0
| #ifdef __cplusplus
| extern "C" void exit (int) throw ();
| #endif
| #define PACKAGE "coinutils"
| #define VERSION "2.6.4"
| #define STDC_HEADERS 1
| #define HAVE_SYS_TYPES_H 1
| #define HAVE_SYS_STAT_H 1
| #define HAVE_STDLIB_H 1
| #define HAVE_STRING_H 1
| #define HAVE_MEMORY_H 1
| #define HAVE_STRINGS_H 1
| #define HAVE_INTTYPES_H 1
| #define HAVE_STDINT_H 1
| #define HAVE_UNISTD_H 1
| #define HAVE_DLFCN_H 1
| #define HAVE_CMATH 1
| #define HAVE_CFLOAT 1
| /* end confdefs.h.  */
| #include <stdio.h>
| #if HAVE_SYS_TYPES_H
| # include <sys/types.h>
| #endif
| #if HAVE_SYS_STAT_H
| # include <sys/stat.h>
| #endif
| #if STDC_HEADERS
| # include <stdlib.h>
| # include <stddef.h>
| #else
| # if HAVE_STDLIB_H
| #  include <stdlib.h>
| # endif
| #endif
| #if HAVE_STRING_H
| # if !STDC_HEADERS && HAVE_MEMORY_H
| #  include <memory.h>
| # endif
| # include <string.h>
| #endif
| #if HAVE_STRINGS_H
| # include <strings.h>
| #endif
| #if HAVE_INTTYPES_H
| # include <inttypes.h>
| #else
| # if HAVE_STDINT_H
| #  include <stdint.h>
| # endif
| #endif
| #if HAVE_UNISTD_H
| # include <unistd.h>
| #endif
| #include <ieeefp.h>
configure:22842: result: no
configure:22846: checking ieeefp.h presence
configure:22856: g++ -E  conftest.cc
conftest.cc:29:20: fatal error: ieeefp.h: No such file or directory
compilation terminated.
configure:22862: $? = 1
configure: failed program was:
| /* confdefs.h.  */
| 
| #define PACKAGE_NAME "CoinUtils"
| #define PACKAGE_TARNAME "coinutils"
| #define PACKAGE_VERSION "2.6.4"
| #define PACKAGE_STRING "CoinUtils 2.6.4"
| #define PACKAGE_BUGREPORT "http://projects.coin-or.org/CoinUtils"
| #define COIN_COINUTILS_VERBOSITY 0
| #define COIN_COINUTILS_CHECKLEVEL 0
| #ifdef __cplusplus
| extern "C" void exit (int) throw ();
| #endif
| #define PACKAGE "coinutils"
| #define VERSION "2.6.4"
| #define STDC_HEADERS 1
| #define HAVE_SYS_TYPES_H 1
| #define HAVE_SYS_STAT_H 1
| #define HAVE_STDLIB_H 1
| #define HAVE_STRING_H 1
| #define HAVE_MEMORY_H 1
| #define HAVE_STRINGS_H 1
| #define HAVE_INTTYPES_H 1
| #define HAVE_STDINT_H 1
| #define HAVE_UNISTD_H 1
| #define HAVE_DLFCN_H 1
| #define HAVE_CMATH 1
| #define HAVE_CFLOAT 1
| /* end confdefs.h.  */
| #include <ieeefp.h>
configure:22882: result: no
configure:22917: checking for ieeefp.h
configure:22924: result: no
configure:22972: checking cassert usability
configure:22984: g++ -c -O3 -fomit-frame-pointer -pipe -DNDEBUG -pedantic-errors -Wimplicit -Wparentheses -Wreturn-type -Wcast-qual -Wall -Wpointer-arith -Wwrite-strings -Wconversion -Wno-unknown-pragmas    conftest.cc >&5
cc1plus: warning: command line option '-Wimplicit' is valid for C/ObjC but not for C++ [enabled by default]
configure:22990: $? = 0
configure:22994: test -z 
			 || test ! -s conftest.err
configure:22997: $? = 0
configure:23000: test -s conftest.o
configure:23003: $? = 0
configure:23013: result: yes
configure:23017: checking cassert presence
configure:23027: g++ -E  conftest.cc
configure:23033: $? = 0
configure:23053: result: yes
configure:23088: checking for cassert
configure:23095: result: yes
configure:23280: checking whether finite is declared
configure:23334: g++ -c -O3 -fomit-frame-pointer -pipe -DNDEBUG -pedantic-errors -Wimplicit -Wparentheses -Wreturn-type -Wcast-qual -Wall -Wpointer-arith -Wwrite-strings -Wconversion -Wno-unknown-pragmas    conftest.cc >&5
cc1plus: warning: command line option '-Wimplicit' is valid for C/ObjC but not for C++ [enabled by default]
conftest.cc: In function 'int main()':
conftest.cc:65:22: warning: ISO C++ forbids casting between pointer-to-function and pointer-to-object [enabled by default]
conftest.cc:65:9: warning: unused variable 'p' [-Wunused-variable]
configure:23340: $? = 0
configure:23344: test -z 
			 || test ! -s conftest.err
configure:23347: $? = 0
configure:23350: test -s conftest.o
configure:23353: $? = 0
configure:23364: result: yes
configure:23569: checking whether isnan is declared
configure:23623: g++ -c -O3 -fomit-frame-pointer -pipe -DNDEBUG -pedantic-errors -Wimplicit -Wparentheses -Wreturn-type -Wcast-qual -Wall -Wpointer-arith -Wwrite-strings -Wconversion -Wno-unknown-pragmas    conftest.cc >&5
cc1plus: warning: command line option '-Wimplicit' is valid for C/ObjC but not for C++ [enabled by default]
conftest.cc: In function 'int main()':
conftest.cc:66:22: warning: ISO C++ forbids casting between pointer-to-function and pointer-to-object [enabled by default]
conftest.cc:66:9: warning: unused variable 'p' [-Wunused-variable]
configure:23629: $? = 0
configure:23633: test -z 
			 || test ! -s conftest.err
configure:23636: $? = 0
configure:23639: test -s conftest.o
configure:23642: $? = 0
configure:23653: result: yes
configure:24212: checking cinttypes usability
configure:24224: g++ -c -O3 -fomit-frame-pointer -pipe -DNDEBUG -pedantic-errors -Wimplicit -Wparentheses -Wreturn-type -Wcast-qual -Wall -Wpointer-arith -Wwrite-strings -Wconversion -Wno-unknown-pragmas    conftest.cc >&5
cc1plus: warning: command line option '-Wimplicit' is valid for C/ObjC but not for C++ [enabled by default]
In file included from /usr/include/c++/4.7/cinttypes:35:0,
                 from conftest.cc:67:
/usr/include/c++/4.7/bits/c++0x_warning.h:32:2: error: #error This file requires compiler and library support for the ISO C++ 2011 standard. This support is currently experimental, and must be enabled with the -std=c++11 or -std=gnu++11 compiler options.
configure:24230: $? = 1
configure: failed program was:
| /* confdefs.h.  */
| 
| #define PACKAGE_NAME "CoinUtils"
| #define PACKAGE_TARNAME "coinutils"
| #define PACKAGE_VERSION "2.6.4"
| #define PACKAGE_STRING "CoinUtils 2.6.4"
| #define PACKAGE_BUGREPORT "http://projects.coin-or.org/CoinUtils"
| #define COIN_COINUTILS_VERBOSITY 0
| #define COIN_COINUTILS_CHECKLEVEL 0
| #ifdef __cplusplus
| extern "C" void exit (int) throw ();
| #endif
| #define PACKAGE "coinutils"
| #define VERSION "2.6.4"
| #define STDC_HEADERS 1
| #define HAVE_SYS_TYPES_H 1
| #define HAVE_SYS_STAT_H 1
| #define HAVE_STDLIB_H 1
| #define HAVE_STRING_H 1
| #define HAVE_MEMORY_H 1
| #define HAVE_STRINGS_H 1
| #define HAVE_INTTYPES_H 1
| #define HAVE_STDINT_H 1
| #define HAVE_UNISTD_H 1
| #define HAVE_DLFCN_H 1
| #define HAVE_CMATH 1
| #define HAVE_CFLOAT 1
| #define HAVE_CASSERT 1
| #define MY_C_FINITE finite
| #define MY_C_ISNAN isnan
| #define COINUTILS_MEMPOOL_MAXPOOLED -1
| /* end confdefs.h.  */
| #include <stdio.h>
| #if HAVE_SYS_TYPES_H
| # include <sys/types.h>
| #endif
| #if HAVE_SYS_STAT_H
| # include <sys/stat.h>
| #endif
| #if STDC_HEADERS
| # include <stdlib.h>
| # include <stddef.h>
| #else
| # if HAVE_STDLIB_H
| #  include <stdlib.h>
| # endif
| #endif
| #if HAVE_STRING_H
| # if !STDC_HEADERS && HAVE_MEMORY_H
| #  include <memory.h>
| # endif
| # include <string.h>
| #endif
| #if HAVE_STRINGS_H
| # include <strings.h>
| #endif
| #if HAVE_INTTYPES_H
| # include <inttypes.h>
| #else
| # if HAVE_STDINT_H
| #  include <stdint.h>
| # endif
| #endif
| #if HAVE_UNISTD_H
| # include <unistd.h>
| #endif
| #include <cinttypes>
configure:24253: result: no
configure:24257: checking cinttypes presence
configure:24267: g++ -E  conftest.cc
In file included from /usr/include/c++/4.7/cinttypes:35:0,
                 from conftest.cc:33:
/usr/include/c++/4.7/bits/c++0x_warning.h:32:2: error: #error This file requires compiler and library support for the ISO C++ 2011 standard. This support is currently experimental, and must be enabled with the -std=c++11 or -std=gnu++11 compiler options.
configure:24273: $? = 1
configure: failed program was:
| /* confdefs.h.  */
| 
| #define PACKAGE_NAME "CoinUtils"
| #define PACKAGE_TARNAME "coinutils"
| #define PACKAGE_VERSION "2.6.4"
| #define PACKAGE_STRING "CoinUtils 2.6.4"
| #define PACKAGE_BUGREPORT "http://projects.coin-or.org/CoinUtils"
| #define COIN_COINUTILS_VERBOSITY 0
| #define COIN_COINUTILS_CHECKLEVEL 0
| #ifdef __cplusplus
| extern "C" void exit (int) throw ();
| #endif
| #define PACKAGE "coinutils"
| #define VERSION "2.6.4"
| #define STDC_HEADERS 1
| #define HAVE_SYS_TYPES_H 1
| #define HAVE_SYS_STAT_H 1
| #define HAVE_STDLIB_H 1
| #define HAVE_STRING_H 1
| #define HAVE_MEMORY_H 1
| #define HAVE_STRINGS_H 1
| #define HAVE_INTTYPES_H 1
| #define HAVE_STDINT_H 1
| #define HAVE_UNISTD_H 1
| #define HAVE_DLFCN_H 1
| #define HAVE_CMATH 1
| #define HAVE_CFLOAT 1
| #define HAVE_CASSERT 1
| #define MY_C_FINITE finite
| #define MY_C_ISNAN isnan
| #define COINUTILS_MEMPOOL_MAXPOOLED -1
| /* end confdefs.h.  */
| #include <cinttypes>
configure:24293: result: no
configure:24328: checking for cinttypes
configure:24335: result: no
configure:24370: checking inttypes.h usability
configure:24382: g++ -c -O3 -fomit-frame-pointer -pipe -DNDEBUG -pedantic-errors -Wimplicit -Wparentheses -Wreturn-type -Wcast-qual -Wall -Wpointer-arith -Wwrite-strings -Wconversion -Wno-unknown-pragmas    conftest.cc >&5
cc1plus: warning: command line option '-Wimplicit' is valid for C/ObjC but not for C++ [enabled by default]
configure:24388: $? = 0
configure:24392: test -z 
			 || test ! -s conftest.err
configure:24395: $? = 0
configure:24398: test -s conftest.o
configure:24401: $? = 0
configure:24411: result: yes
configure:24415: checking inttypes.h presence
configure:24425: g++ -E  conftest.cc
configure:24431: $? = 0
configure:24451: result: yes
configure:24486: checking for inttypes.h
configure:24493: result: yes
configure:24524: checking for int64_t
configure:24565: g++ -c -O3 -fomit-frame-pointer -pipe -DNDEBUG -pedantic-errors -Wimplicit -Wparentheses -Wreturn-type -Wcast-qual -Wall -Wpointer-arith -Wwrite-strings -Wconversion -Wno-unknown-pragmas    conftest.cc >&5
cc1plus: warning: command line option '-Wimplicit' is valid for C/ObjC but not for C++ [enabled by default]
configure:24571: $? = 0
configure:24575: test -z 
			 || test ! -s conftest.err
configure:24578: $? = 0
configure:24581: test -s conftest.o
configure:24584: $? = 0
configure:24595: result: yes
configure:26075: checking for intptr_t
configure:26116: g++ -c -O3 -fomit-frame-pointer -pipe -DNDEBUG -pedantic-errors -Wimplicit -Wparentheses -Wreturn-type -Wcast-qual -Wall -Wpointer-arith -Wwrite-strings -Wconversion -Wno-unknown-pragmas    conftest.cc >&5
cc1plus: warning: command line option '-Wimplicit' is valid for C/ObjC but not for C++ [enabled by default]
configure:26122: $? = 0
configure:26126: test -z 
			 || test ! -s conftest.err
configure:26129: $? = 0
configure:26132: test -s conftest.o
configure:26135: $? = 0
configure:26146: result: yes
configure:28094: checking windows.h usability
configure:28106: g++ -c -O3 -fomit-frame-pointer -pipe -DNDEBUG -pedantic-errors -Wimplicit -Wparentheses -Wreturn-type -Wcast-qual -Wall -Wpointer-arith -Wwrite-strings -Wconversion -Wno-unknown-pragmas    conftest.cc >&5
cc1plus: warning: command line option '-Wimplicit' is valid for C/ObjC but not for C++ [enabled by default]
conftest.cc:71:21: fatal error: windows.h: No such file or directory
compilation terminated.
configure:28112: $? = 1
configure: failed program was:
| /* confdefs.h.  */
| 
| #define PACKAGE_NAME "CoinUtils"
| #define PACKAGE_TARNAME "coinutils"
| #define PACKAGE_VERSION "2.6.4"
| #define PACKAGE_STRING "CoinUtils 2.6.4"
| #define PACKAGE_BUGREPORT "http://projects.coin-or.org/CoinUtils"
| #define COIN_COINUTILS_VERBOSITY 0
| #define COIN_COINUTILS_CHECKLEVEL 0
| #ifdef __cplusplus
| extern "C" void exit (int) throw ();
| #endif
| #define PACKAGE "coinutils"
| #define VERSION "2.6.4"
| #define STDC_HEADERS 1
| #define HAVE_SYS_TYPES_H 1
| #define HAVE_SYS_STAT_H 1
| #define HAVE_STDLIB_H 1
| #define HAVE_STRING_H 1
| #define HAVE_MEMORY_H 1
| #define HAVE_STRINGS_H 1
| #define HAVE_INTTYPES_H 1
| #define HAVE_STDINT_H 1
| #define HAVE_UNISTD_H 1
| #define HAVE_DLFCN_H 1
| #define HAVE_CMATH 1
| #define HAVE_CFLOAT 1
| #define HAVE_CASSERT 1
| #define MY_C_FINITE finite
| #define MY_C_ISNAN isnan
| #define COINUTILS_MEMPOOL_MAXPOOLED -1
| #define HAVE_INTTYPES_H 1
| #define COIN_INT64_T int64_t
| #define COIN_UINT64_T int64_t
| #define COIN_INTPTR_T intptr_t
| /* end confdefs.h.  */
| #include <stdio.h>
| #if HAVE_SYS_TYPES_H
| # include <sys/types.h>
| #endif
| #if HAVE_SYS_STAT_H
| # include <sys/stat.h>
| #endif
| #if STDC_HEADERS
| # include <stdlib.h>
| # include <stddef.h>
| #else
| # if HAVE_STDLIB_H
| #  include <stdlib.h>
| # endif
| #endif
| #if HAVE_STRING_H
| # if !STDC_HEADERS && HAVE_MEMORY_H
| #  include <memory.h>
| # endif
| # include <string.h>
| #endif
| #if HAVE_STRINGS_H
| # include <strings.h>
| #endif
| #if HAVE_INTTYPES_H
| # include <inttypes.h>
| #else
| # if HAVE_STDINT_H
| #  include <stdint.h>
| # endif
| #endif
| #if HAVE_UNISTD_H
| # include <unistd.h>
| #endif
| #include <windows.h>
configure:28135: result: no
configure:28139: checking windows.h presence
configure:28149: g++ -E  conftest.cc
conftest.cc:37:21: fatal error: windows.h: No such file or directory
compilation terminated.
configure:28155: $? = 1
configure: failed program was:
| /* confdefs.h.  */
| 
| #define PACKAGE_NAME "CoinUtils"
| #define PACKAGE_TARNAME "coinutils"
| #define PACKAGE_VERSION "2.6.4"
| #define PACKAGE_STRING "CoinUtils 2.6.4"
| #define PACKAGE_BUGREPORT "http://projects.coin-or.org/CoinUtils"
| #define COIN_COINUTILS_VERBOSITY 0
| #define COIN_COINUTILS_CHECKLEVEL 0
| #ifdef __cplusplus
| extern "C" void exit (int) throw ();
| #endif
| #define PACKAGE "coinutils"
| #define VERSION "2.6.4"
| #define STDC_HEADERS 1
| #define HAVE_SYS_TYPES_H 1
| #define HAVE_SYS_STAT_H 1
| #define HAVE_STDLIB_H 1
| #define HAVE_STRING_H 1
| #define HAVE_MEMORY_H 1
| #define HAVE_STRINGS_H 1
| #define HAVE_INTTYPES_H 1
| #define HAVE_STDINT_H 1
| #define HAVE_UNISTD_H 1
| #define HAVE_DLFCN_H 1
| #define HAVE_CMATH 1
| #define HAVE_CFLOAT 1
| #define HAVE_CASSERT 1
| #define MY_C_FINITE finite
| #define MY_C_ISNAN isnan
| #define COINUTILS_MEMPOOL_MAXPOOLED -1
| #define HAVE_INTTYPES_H 1
| #define COIN_INT64_T int64_t
| #define COIN_UINT64_T int64_t
| #define COIN_INTPTR_T intptr_t
| /* end confdefs.h.  */
| #include <windows.h>
configure:28175: result: no
configure:28210: checking for windows.h
configure:28217: result: no
configure:28235: checking for COIN project CoinUtils
configure:28290: result: .
configure:28315: checking if user provides library for Gmpl
configure:28360: result: no
configure:33408: checking which command should be used to link input files
configure:33418: result: ln -s
configure:33696: creating ./config.status

## ---------------------- ##
## Running config.status. ##
## ---------------------- ##

This file was extended by CoinUtils config.status 2.6.4, which was
generated by GNU Autoconf 2.59.  Invocation command line was

  CONFIG_FILES    = 
  CONFIG_HEADERS  = 
  CONFIG_LINKS    = 
  CONFIG_COMMANDS = 
  $ ./config.status 

on login

config.status:785: creating Makefile
config.status:785: creating src/Makefile
config.status:785: creating test/Makefile
config.status:785: creating coinutils_addlibs.txt
config.status:889: creating inc/config_coinutils.h
config.status:1203: executing depfiles commands
configure:35133: Configuration of CoinUtils successful

## ---------------- ##
## Cache variables. ##
## ---------------- ##

ac_cv_build=x86_64-unknown-linux-gnu
ac_cv_build_alias=x86_64-unknown-linux-gnu
ac_cv_c_compiler_gnu=yes
ac_cv_cxx_compiler_gnu=yes
ac_cv_env_ADD_CFLAGS_set=
ac_cv_env_ADD_CFLAGS_value=
ac_cv_env_ADD_CXXFLAGS_set=
ac_cv_env_ADD_CXXFLAGS_value=
ac_cv_env_ADD_FFLAGS_set=
ac_cv_env_ADD_FFLAGS_value=
ac_cv_env_CC_set=set
ac_cv_env_CC_value=gcc
ac_cv_env_CDEFS_set=
ac_cv_env_CDEFS_value=
ac_cv_env_CFLAGS_set=
ac_cv_env_CFLAGS_value=
ac_cv_env_CPPFLAGS_set=
ac_cv_env_CPPFLAGS_value=
ac_cv_env_CPP_set=
ac_cv_env_CPP_value=
ac_cv_env_CXXCPP_set=
ac_cv_env_CXXCPP_value=
ac_cv_env_CXXDEFS_set=
ac_cv_env_CXXDEFS_value=
ac_cv_env_CXXFLAGS_set=
ac_cv_env_CXXFLAGS_value=
ac_cv_env_CXX_set=set
ac_cv_env_CXX_value=g++
ac_cv_env_DBG_CFLAGS_set=
ac_cv_env_DBG_CFLAGS_value=
ac_cv_env_DBG_CXXFLAGS_set=
ac_cv_env_DBG_CXXFLAGS_value=
ac_cv_env_DBG_FFLAGS_set=
ac_cv_env_DBG_FFLAGS_value=
ac_cv_env_F77_set=
ac_cv_env_F77_value=
ac_cv_env_FFLAGS_set=
ac_cv_env_FFLAGS_value=
ac_cv_env_LDFLAGS_set=
ac_cv_env_LDFLAGS_value=
ac_cv_env_MPICC_set=
ac_cv_env_MPICC_value=
ac_cv_env_MPICXX_set=
ac_cv_env_MPICXX_value=
ac_cv_env_MPIF77_set=
ac_cv_env_MPIF77_value=
ac_cv_env_OPT_CFLAGS_set=
ac_cv_env_OPT_CFLAGS_value=
ac_cv_env_OPT_CXXFLAGS_set=
ac_cv_env_OPT_CXXFLAGS_value=
ac_cv_env_OPT_FFLAGS_set=
ac_cv_env_OPT_FFLAGS_value=
ac_cv_env_build_alias_set=
ac_cv_env_build_alias_value=
ac_cv_env_host_alias_set=
ac_cv_env_host_alias_value=
ac_cv_env_target_alias_set=
ac_cv_env_target_alias_value=
ac_cv_exeext=
ac_cv_have_decl_finite=yes
ac_cv_have_decl_isnan=yes
ac_cv_header_cassert=yes
ac_cv_header_cfloat=yes
ac_cv_header_cieeefp=no
ac_cv_header_cinttypes=no
ac_cv_header_cmath=yes
ac_cv_header_ieeefp_h=no
ac_cv_header_inttypes_h=yes
ac_cv_header_windows_h=no
ac_cv_objext=o
ac_cv_path_install='/usr/bin/install -c'
ac_cv_prog_AWK=gawk
ac_cv_prog_cc_g=yes
ac_cv_prog_cc_stdc=
ac_cv_prog_cxx_g=yes
ac_cv_prog_egrep='grep -E'
ac_cv_prog_make_make_set=yes
ac_cv_type_int64_t=yes
ac_cv_type_intptr_t=yes
am_cv_CC_dependencies_compiler_type=gcc3
am_cv_CXX_dependencies_compiler_type=gcc3

## ----------------- ##
## Output variables. ##
## ----------------- ##

ACLOCAL='${SHELL} /homedtic/bbonet/software/downward/fast-downward/src/search/lp/Osi-0.103.0/missing --run aclocal-1.9'
ADDLIBS='-lm '
ADD_CFLAGS=''
ADD_CXXFLAGS=''
ADD_FFLAGS=''
ALWAYS_FALSE_FALSE=''
ALWAYS_FALSE_TRUE='#'
AMDEPBACKSLASH='\'
AMDEP_FALSE='#'
AMDEP_TRUE=''
AMTAR='${SHELL} /homedtic/bbonet/software/downward/fast-downward/src/search/lp/Osi-0.103.0/missing --run tar'
AR='ar'
ASLLIB=''
ASL_CPPFLAGS=''
AUTOCONF='${SHELL} /homedtic/bbonet/software/downward/fast-downward/src/search/lp/Osi-0.103.0/missing --run autoconf'
AUTOHEADER='${SHELL} /homedtic/bbonet/software/downward/fast-downward/src/search/lp/Osi-0.103.0/missing --run autoheader'
AUTOMAKE='${SHELL} /homedtic/bbonet/software/downward/fast-downward/src/search/lp/Osi-0.103.0/missing --run automake-1.9'
AUX_DIR=''
AWK='gawk'
BUILDTOOLSDIR=''
CC='gcc'
CCDEPMODE='depmode=gcc3'
CDEFS=''
CFLAGS='-O3 -fomit-frame-pointer -pipe -DNDEBUG -pedantic-errors -Wimplicit -Wparentheses -Wsequence-point -Wreturn-type -Wcast-qual -Wall -Wno-unknown-pragmas  '
COINUTILSDOCDIR='/homedtic/bbonet/software/downward/fast-downward/src/search/lp/Osi-0.103.0/CoinUtils/lib/../share/doc/coin/CoinUtils'
COINUTILSOBJDIR='/homedtic/bbonet/software/downward/fast-downward/src/search/lp/Osi-0.103.0/CoinUtils/.'
COINUTILSSRCDIR='/homedtic/bbonet/software/downward/fast-downward/src/search/lp/Osi-0.103.0/CoinUtils'
COINUTILS_LIBADD=''
COIN_BUILD_BLAS_FALSE=''
COIN_BUILD_BLAS_TRUE='#'
COIN_BUILD_GLPK_FALSE=''
COIN_BUILD_GLPK_TRUE='#'
COIN_BUILD_LAPACK_FALSE=''
COIN_BUILD_LAPACK_TRUE='#'
COIN_HAS_ASL_FALSE=''
COIN_HAS_ASL_TRUE='#'
COIN_HAS_BLAS_FALSE=''
COIN_HAS_BLAS_TRUE='#'
COIN_HAS_COINUTILS_FALSE='#'
COIN_HAS_COINUTILS_TRUE=''
COIN_HAS_GMPL_FALSE=''
COIN_HAS_GMPL_TRUE='#'
COIN_HAS_LAPACK_FALSE=''
COIN_HAS_LAPACK_TRUE='#'
COIN_HAS_ZLIB_FALSE=''
COIN_HAS_ZLIB_TRUE='#'
CPP='gcc -E'
CPPFLAGS=''
CXX='g++'
CXXCPP='g++ -E'
CXXDEFS=''
CXXDEPMODE='depmode=gcc3'
CXXFLAGS='-O3 -fomit-frame-pointer -pipe -DNDEBUG -pedantic-errors -Wimplicit -Wparentheses -Wreturn-type -Wcast-qual -Wall -Wpointer-arith -Wwrite-strings -Wconversion -Wno-unknown-pragmas  '
CYGPATH_W='echo'
DBG_CFLAGS='-g -pipe -pedantic-errors -Wimplicit -Wparentheses -Wsequence-point -Wreturn-type -Wcast-qual -Wall -Wno-unknown-pragmas  '
DBG_CXXFLAGS='-g -pipe -pedantic-errors -Wimplicit -Wparentheses -Wreturn-type -Wcast-qual -Wall -Wpointer-arith -Wwrite-strings -Wconversion -Wno-unknown-pragmas  '
DBG_FFLAGS=''
DEFS='-DHAVE_CONFIG_H'
DEPDIR='.deps'
ECHO='echo'
ECHO_C=''
ECHO_N='-n'
ECHO_T=''
EGREP='grep -E'
EXEEXT=''
F77='unavailable'
FADDLIBS='-lm '
FFLAGS=''
FLIBS=''
GMPLINCDIR=''
GMPLLIB=''
GMPLOBJDIR=''
HAVE_EXTERNALS_FALSE=''
HAVE_EXTERNALS_TRUE='#'
INSTALL_DATA='${INSTALL} -m 644'
INSTALL_PROGRAM='${INSTALL}'
INSTALL_SCRIPT='${INSTALL}'
INSTALL_STRIP_PROGRAM='${SHELL} $(install_sh) -c -s'
LDFLAGS=''
LIBEXT='a'
LIBOBJS=''
LIBS=''
LIBTOOL='$(SHELL) $(top_builddir)/../libtool'
LIBTOOLM4=''
LN_S='ln -s'
LTLIBOBJS=''
LT_LDFLAGS=''
MAINT='#'
MAINTAINER_MODE_FALSE=''
MAINTAINER_MODE_TRUE='#'
MAKEINFO='${SHELL} /homedtic/bbonet/software/downward/fast-downward/src/search/lp/Osi-0.103.0/missing --run makeinfo'
MPICC=''
MPICXX=''
MPIF77=''
OBJEXT='o'
OPT_CFLAGS='-O3 -fomit-frame-pointer -pipe -DNDEBUG -pedantic-errors -Wimplicit -Wparentheses -Wsequence-point -Wreturn-type -Wcast-qual -Wall -Wno-unknown-pragmas  '
OPT_CXXFLAGS='-O3 -fomit-frame-pointer -pipe -DNDEBUG -pedantic-errors -Wimplicit -Wparentheses -Wreturn-type -Wcast-qual -Wall -Wpointer-arith -Wwrite-strings -Wconversion -Wno-unknown-pragmas  '
OPT_FFLAGS=''
PACKAGE='coinutils'
PACKAGE_BUGREPORT='http://projects.coin-or.org/CoinUtils'
PACKAGE_NAME='CoinUtils'
PACKAGE_STRING='CoinUtils 2.6.4'
PACKAGE_TARNAME='coinutils'
PACKAGE_VERSION='2.6.4'
PATH_SEPARATOR=':'
RANLIB='ranlib'
RPATH_FLAGS=' -Wl,--rpath -Wl,/homedtic/bbonet/software/downward/fast-downward/src/search/lp/Osi-0.103.0/lib'
SET_MAKE=''
SHELL='/bin/bash'
STRIP='strip'
VERSION='2.6.4'
VPATH_DISTCLEANFILES=''
abs_bin_dir='/homedtic/bbonet/software/downward/fast-downward/src/search/lp/Osi-0.103.0/CoinUtils/bin'
abs_include_dir='/homedtic/bbonet/software/downward/fast-downward/src/search/lp/Osi-0.103.0/CoinUtils/include'
abs_lib_dir='/homedtic/bbonet/software/downward/fast-downward/src/search/lp/Osi-0.103.0/CoinUtils/lib'
abs_source_dir='/homedtic/bbonet/software/downward/fast-downward/src/search/lp/Osi-0.103.0/CoinUtils'
ac_c_preproc_warn_flag=''
ac_ct_AR='ar'
ac_ct_CC=''
ac_ct_CXX=''
ac_ct_F77=''
ac_ct_RANLIB='ranlib'
ac_ct_STRIP='strip'
ac_cxx_preproc_warn_flag=''
am__fastdepCC_FALSE='#'
am__fastdepCC_TRUE=''
am__fastdepCXX_FALSE='#'
am__fastdepCXX_TRUE=''
am__include='include'
am__leading_dot='.'
am__quote=''
am__tar='${AMTAR} chof - "$$tardir"'
am__untar='${AMTAR} xf -'
bindir='${exec_prefix}/bin'
build='x86_64-unknown-linux-gnu'
build_alias=''
build_cpu='x86_64'
build_os='linux-gnu'
build_vendor='unknown'
datadir='${prefix}/share'
exec_prefix='${prefix}'
have_autoconf=''
have_automake=''
have_svn=''
host='x86_64-unknown-linux-gnu'
host_alias=''
host_cpu='x86_64'
host_os='linux-gnu'
host_vendor='unknown'
includedir='${prefix}/include'
infodir='${prefix}/info'
install_sh='/homedtic/bbonet/software/downward/fast-downward/src/search/lp/Osi-0.103.0/install-sh'
libdir='${exec_prefix}/lib'
libexecdir='${exec_prefix}/libexec'
localstatedir='${prefix}/var'
mandir='${prefix}/man'
mkdir_p='mkdir -p --'
oldincludedir='/usr/include'
prefix='/homedtic/bbonet/software/downward/fast-downward/src/search/lp/coin'
program_transform_name='s,x,x,'
sbindir='${exec_prefix}/sbin'
sharedstatedir='${prefix}/com'
sol_cc_compiler=''
sysconfdir='${prefix}/etc'
target_alias=''

## ----------- ##
## confdefs.h. ##
## ----------- ##

#define COINUTILS_MEMPOOL_MAXPOOLED -1
#define COIN_COINUTILS_CHECKLEVEL 0
#define COIN_COINUTILS_VERBOSITY 0
#define COIN_HAS_COINUTILS 1
#define COIN_INT64_T int64_t
#define COIN_INTPTR_T intptr_t
#define COIN_UINT64_T int64_t
#define HAVE_CASSERT 1
#define HAVE_CFLOAT 1
#define HAVE_CMATH 1
#define HAVE_DLFCN_H 1
#define HAVE_INTTYPES_H 1
#define HAVE_INTTYPES_H 1
#define HAVE_MEMORY_H 1
#define HAVE_STDINT_H 1
#define HAVE_STDLIB_H 1
#define HAVE_STRINGS_H 1
#define HAVE_STRING_H 1
#define HAVE_SYS_STAT_H 1
#define HAVE_SYS_TYPES_H 1
#define HAVE_UNISTD_H 1
#define MY_C_FINITE finite
#define MY_C_ISNAN isnan
#define PACKAGE "coinutils"
#define PACKAGE_BUGREPORT "http://projects.coin-or.org/CoinUtils"
#define PACKAGE_NAME "CoinUtils"
#define PACKAGE_STRING "CoinUtils 2.6.4"
#define PACKAGE_TARNAME "coinutils"
#define PACKAGE_VERSION "2.6.4"
#define STDC_HEADERS 1
#define VERSION "2.6.4"
#endif
#ifdef __cplusplus
extern "C" void exit (int) throw ();

configure: exit 0
