This file contains any messages produced by compilers while
running configure, to aid debugging if configure makes a mistake.

It was created by Osi configure 0.103.0, which was
generated by GNU Autoconf 2.59.  Invocation command line was

  $ ./configure --prefix=/homedtic/bbonet/software/downward/fast-downward/src/search/lp/coin CC=gcc CXX=g++ --prefix /homedtic/bbonet/software/downward/fast-downward/src/search/lp/coin --without-lapack --enable-static=yes --with-cplex-incdir=/homedtic/bbonet/software/downward/fast-downward/src/lplib/cplex/include/ilcplex --with-cplex-lib=-L/homedtic/bbonet/software/downward/fast-downward/src/lplib/cplex/bin/x86-64_sles10_4.1 -lcplex1251 -lpthread --cache-file=/dev/null --srcdir=.

## --------- ##
## Platform. ##
## --------- ##

hostname = login
uname -m = x86_64
uname -r = 3.2.0-4-amd64
uname -s = Linux
uname -v = #1 SMP Debian 3.2.46-1

/usr/bin/uname -p = unknown
/bin/uname -X     = unknown

/bin/arch              = unknown
/usr/bin/arch -k       = unknown
/usr/convex/getsysinfo = unknown
hostinfo               = unknown
/bin/machine           = unknown
/usr/bin/oslevel       = unknown
/bin/universe          = unknown

PATH: /homedtic/bbonet/bin
PATH: /sge/bin/linux-x64
PATH: /usr/local/bin
PATH: /usr/bin
PATH: /bin
PATH: /usr/local/games
PATH: /usr/games
PATH: /usr/local/clues/0.89


## ----------- ##
## Core tests. ##
## ----------- ##

configure:1686: checking build system type
configure:1704: result: x86_64-unknown-linux-gnu
configure:1761: checking whether we want to compile in debug mode
configure:1808: result: no
configure:2117: checking for C compiler version
configure:2120: gcc --version </dev/null >&5
gcc (Debian 4.7.2-5) 4.7.2
Copyright (C) 2012 Free Software Foundation, Inc.
This is free software; see the source for copying conditions.  There is NO
warranty; not even for MERCHANTABILITY or FITNESS FOR A PARTICULAR PURPOSE.

configure:2123: $? = 0
configure:2125: gcc -v </dev/null >&5
Using built-in specs.
COLLECT_GCC=gcc
COLLECT_LTO_WRAPPER=/usr/lib/gcc/x86_64-linux-gnu/4.7/lto-wrapper
Target: x86_64-linux-gnu
Configured with: ../src/configure -v --with-pkgversion='Debian 4.7.2-5' --with-bugurl=file:///usr/share/doc/gcc-4.7/README.Bugs --enable-languages=c,c++,go,fortran,objc,obj-c++ --prefix=/usr --program-suffix=-4.7 --enable-shared --enable-linker-build-id --with-system-zlib --libexecdir=/usr/lib --without-included-gettext --enable-threads=posix --with-gxx-include-dir=/usr/include/c++/4.7 --libdir=/usr/lib --enable-nls --with-sysroot=/ --enable-clocale=gnu --enable-libstdcxx-debug --enable-libstdcxx-time=yes --enable-gnu-unique-object --enable-plugin --enable-objc-gc --with-arch-32=i586 --with-tune=generic --enable-checking=release --build=x86_64-linux-gnu --host=x86_64-linux-gnu --target=x86_64-linux-gnu
Thread model: posix
gcc version 4.7.2 (Debian 4.7.2-5) 
configure:2128: $? = 0
configure:2130: gcc -V </dev/null >&5
gcc: error: unrecognized command line option '-V'
gcc: fatal error: no input files
compilation terminated.
configure:2133: $? = 4
configure:2156: checking for C compiler default output file name
configure:2159: gcc    conftest.c  >&5
configure:2162: $? = 0
configure:2208: result: a.out
configure:2213: checking whether the C compiler works
configure:2219: ./a.out
configure:2222: $? = 0
configure:2239: result: yes
configure:2246: checking whether we are cross compiling
configure:2248: result: no
configure:2251: checking for suffix of executables
configure:2253: gcc -o conftest    conftest.c  >&5
configure:2256: $? = 0
configure:2281: result: 
configure:2287: checking for suffix of object files
configure:2308: gcc -c   conftest.c >&5
configure:2311: $? = 0
configure:2333: result: o
configure:2337: checking whether we are using the GNU C compiler
configure:2361: gcc -c   conftest.c >&5
configure:2367: $? = 0
configure:2371: test -z 
			 || test ! -s conftest.err
configure:2374: $? = 0
configure:2377: test -s conftest.o
configure:2380: $? = 0
configure:2393: result: yes
configure:2399: checking whether gcc accepts -g
configure:2420: gcc -c -g  conftest.c >&5
configure:2426: $? = 0
configure:2430: test -z 
			 || test ! -s conftest.err
configure:2433: $? = 0
configure:2436: test -s conftest.o
configure:2439: $? = 0
configure:2450: result: yes
configure:2467: checking for gcc option to accept ANSI C
configure:2537: gcc  -c -g -O2  conftest.c >&5
configure:2543: $? = 0
configure:2547: test -z 
			 || test ! -s conftest.err
configure:2550: $? = 0
configure:2553: test -s conftest.o
configure:2556: $? = 0
configure:2574: result: none needed
configure:2592: gcc -c -g -O2  conftest.c >&5
conftest.c:2:3: error: unknown type name 'choke'
conftest.c:2:3: error: expected '=', ',', ';', 'asm' or '__attribute__' at end of input
configure:2598: $? = 1
configure: failed program was:
| #ifndef __cplusplus
|   choke me
| #endif
configure:3053: gcc -o conftest -O3 -fomit-frame-pointer -pipe -DNDEBUG -pedantic-errors -Wimplicit -Wparentheses -Wsequence-point -Wreturn-type -Wcast-qual -Wall -Wno-unknown-pragmas     conftest.c  >&5
configure:3059: $? = 0
configure:3063: test -z 
			 || test ! -s conftest.err
configure:3066: $? = 0
configure:3069: test -s conftest
configure:3072: $? = 0
configure:3139: C compiler options are: -O3 -fomit-frame-pointer -pipe -DNDEBUG -pedantic-errors -Wimplicit -Wparentheses -Wsequence-point -Wreturn-type -Wcast-qual -Wall -Wno-unknown-pragmas  
configure:3308: checking for C++ compiler version
configure:3311: g++ --version </dev/null >&5
g++ (Debian 4.7.2-5) 4.7.2
Copyright (C) 2012 Free Software Foundation, Inc.
This is free software; see the source for copying conditions.  There is NO
warranty; not even for MERCHANTABILITY or FITNESS FOR A PARTICULAR PURPOSE.

configure:3314: $? = 0
configure:3316: g++ -v </dev/null >&5
Using built-in specs.
COLLECT_GCC=g++
COLLECT_LTO_WRAPPER=/usr/lib/gcc/x86_64-linux-gnu/4.7/lto-wrapper
Target: x86_64-linux-gnu
Configured with: ../src/configure -v --with-pkgversion='Debian 4.7.2-5' --with-bugurl=file:///usr/share/doc/gcc-4.7/README.Bugs --enable-languages=c,c++,go,fortran,objc,obj-c++ --prefix=/usr --program-suffix=-4.7 --enable-shared --enable-linker-build-id --with-system-zlib --libexecdir=/usr/lib --without-included-gettext --enable-threads=posix --with-gxx-include-dir=/usr/include/c++/4.7 --libdir=/usr/lib --enable-nls --with-sysroot=/ --enable-clocale=gnu --enable-libstdcxx-debug --enable-libstdcxx-time=yes --enable-gnu-unique-object --enable-plugin --enable-objc-gc --with-arch-32=i586 --with-tune=generic --enable-checking=release --build=x86_64-linux-gnu --host=x86_64-linux-gnu --target=x86_64-linux-gnu
Thread model: posix
gcc version 4.7.2 (Debian 4.7.2-5) 
configure:3319: $? = 0
configure:3321: g++ -V </dev/null >&5
g++: error: unrecognized command line option '-V'
g++: fatal error: no input files
compilation terminated.
configure:3324: $? = 4
configure:3327: checking whether we are using the GNU C++ compiler
configure:3351: g++ -c   conftest.cc >&5
configure:3357: $? = 0
configure:3361: test -z 
			 || test ! -s conftest.err
configure:3364: $? = 0
configure:3367: test -s conftest.o
configure:3370: $? = 0
configure:3383: result: yes
configure:3389: checking whether g++ accepts -g
configure:3410: g++ -c -g  conftest.cc >&5
configure:3416: $? = 0
configure:3420: test -z 
			 || test ! -s conftest.err
configure:3423: $? = 0
configure:3426: test -s conftest.o
configure:3429: $? = 0
configure:3440: result: yes
configure:3482: g++ -c -g -O2  conftest.cc >&5
configure:3488: $? = 0
configure:3492: test -z 
			 || test ! -s conftest.err
configure:3495: $? = 0
configure:3498: test -s conftest.o
configure:3501: $? = 0
configure:3527: g++ -c -g -O2  conftest.cc >&5
conftest.cc: In function 'int main()':
conftest.cc:16:9: error: 'exit' was not declared in this scope
configure:3533: $? = 1
configure: failed program was:
| /* confdefs.h.  */
| 
| #define PACKAGE_NAME "Osi"
| #define PACKAGE_TARNAME "osi"
| #define PACKAGE_VERSION "0.103.0"
| #define PACKAGE_STRING "Osi 0.103.0"
| #define PACKAGE_BUGREPORT "coin-osi@list.coin-or.org"
| #define OSI_VERSION "0.103.0"
| #define COIN_OSI_VERBOSITY 0
| #define COIN_OSI_CHECKLEVEL 0
| /* end confdefs.h.  */
| 
| int
| main ()
| {
| exit (42);
|   ;
|   return 0;
| }
configure:3482: g++ -c -g -O2  conftest.cc >&5
conftest.cc:12:40: error: 'void std::exit(int)' should have been declared inside 'std'
configure:3488: $? = 1
configure: failed program was:
| /* confdefs.h.  */
| 
| #define PACKAGE_NAME "Osi"
| #define PACKAGE_TARNAME "osi"
| #define PACKAGE_VERSION "0.103.0"
| #define PACKAGE_STRING "Osi 0.103.0"
| #define PACKAGE_BUGREPORT "coin-osi@list.coin-or.org"
| #define OSI_VERSION "0.103.0"
| #define COIN_OSI_VERBOSITY 0
| #define COIN_OSI_CHECKLEVEL 0
| /* end confdefs.h.  */
| extern "C" void std::exit (int) throw (); using std::exit;
| #include <stdlib.h>
| int
| main ()
| {
| exit (42);
|   ;
|   return 0;
| }
configure:3482: g++ -c -g -O2  conftest.cc >&5
conftest.cc:12:31: error: 'void std::exit(int)' should have been declared inside 'std'
In file included from conftest.cc:13:0:
/usr/include/stdlib.h:544:70: error: declaration of 'void std::exit(int) throw ()' has a different exception specifier
conftest.cc:12:17: error: from previous declaration 'void std::exit(int)'
configure:3488: $? = 1
configure: failed program was:
| /* confdefs.h.  */
| 
| #define PACKAGE_NAME "Osi"
| #define PACKAGE_TARNAME "osi"
| #define PACKAGE_VERSION "0.103.0"
| #define PACKAGE_STRING "Osi 0.103.0"
| #define PACKAGE_BUGREPORT "coin-osi@list.coin-or.org"
| #define OSI_VERSION "0.103.0"
| #define COIN_OSI_VERBOSITY 0
| #define COIN_OSI_CHECKLEVEL 0
| /* end confdefs.h.  */
| extern "C" void std::exit (int); using std::exit;
| #include <stdlib.h>
| int
| main ()
| {
| exit (42);
|   ;
|   return 0;
| }
configure:3482: g++ -c -g -O2  conftest.cc >&5
configure:3488: $? = 0
configure:3492: test -z 
			 || test ! -s conftest.err
configure:3495: $? = 0
configure:3498: test -s conftest.o
configure:3501: $? = 0
configure:3527: g++ -c -g -O2  conftest.cc >&5
configure:3533: $? = 0
configure:3537: test -z 
			 || test ! -s conftest.err
configure:3540: $? = 0
configure:3543: test -s conftest.o
configure:3546: $? = 0
configure:3578: checking whether C++ compiler g++ works
configure:3596: g++ -c -g -O2  conftest.cc >&5
configure:3602: $? = 0
configure:3606: test -z 
			 || test ! -s conftest.err
configure:3609: $? = 0
configure:3612: test -s conftest.o
configure:3615: $? = 0
configure:3617: result: yes
configure:3977: g++ -o conftest -O3 -fomit-frame-pointer -pipe -DNDEBUG -pedantic-errors -Wimplicit -Wparentheses -Wreturn-type -Wcast-qual -Wall -Wpointer-arith -Wwrite-strings -Wconversion -Wno-unknown-pragmas     conftest.cc  >&5
cc1plus: warning: command line option '-Wimplicit' is valid for C/ObjC but not for C++ [enabled by default]
configure:3983: $? = 0
configure:3987: test -z 
			 || test ! -s conftest.err
configure:3990: $? = 0
configure:3993: test -s conftest
configure:3996: $? = 0
configure:4063: C++ compiler options are: -O3 -fomit-frame-pointer -pipe -DNDEBUG -pedantic-errors -Wimplicit -Wparentheses -Wreturn-type -Wcast-qual -Wall -Wpointer-arith -Wwrite-strings -Wconversion -Wno-unknown-pragmas  
configure:4175: checking for egrep
configure:4185: result: grep -E
configure:4204: checking for a BSD-compatible install
configure:4259: result: /usr/bin/install -c
configure:4270: checking whether build environment is sane
configure:4313: result: yes
configure:4378: checking for gawk
configure:4394: found /usr/bin/gawk
configure:4404: result: gawk
configure:4414: checking whether make sets $(MAKE)
configure:4434: result: yes
configure:4464: checking for style of include used by make
configure:4492: result: GNU
configure:4672: checking dependency style of gcc
configure:4762: result: gcc3
configure:4781: checking dependency style of g++
configure:4871: result: gcc3
configure:4889: checking whether to enable maintainer-specific portions of Makefiles
configure:4898: result: no
configure:20397: Using libtool script in directory ..
configure:20455: checking for COIN project Cbc
configure:20510: result: unavailable
configure:20513: checking for COIN project Cgl
configure:20568: result: unavailable
configure:20571: checking for COIN project Clp
configure:20626: result: ../Clp
configure:20629: checking for COIN project CoinUtils
configure:20684: result: ../CoinUtils
configure:20687: checking for COIN project DyLP
configure:20742: result: ../DyLP
configure:20745: checking for COIN project Osi
configure:20800: result: .
configure:20803: checking for COIN project SYMPHONY
configure:20858: result: unavailable
configure:20861: checking for COIN project Vol
configure:20916: result: ../Vol
configure:20930: checking if user provides library for Cplex
configure:20971: result: yes
configure:21015: checking whether symbol CPXgetstat is available with CPX
configure:21033: gcc -o conftest -O3 -fomit-frame-pointer -pipe -DNDEBUG -pedantic-errors -Wimplicit -Wparentheses -Wsequence-point -Wreturn-type -Wcast-qual -Wall -Wno-unknown-pragmas     conftest.c -L/homedtic/bbonet/software/downward/fast-downward/src/lplib/cplex/bin/x86-64_sles10_4.1 -lcplex1251 -lpthread -lm  >&5
conftest.c: In function 'main':
conftest.c:37:1: warning: implicit declaration of function 'CPXgetstat' [-Wimplicit-function-declaration]
configure:21039: $? = 0
configure:21043: test -z 
			 || test ! -s conftest.err
configure:21046: $? = 0
configure:21049: test -s conftest
configure:21052: $? = 0
configure:21054: result: yes
configure:21113: checking if user provides library for FortMP
configure:21158: result: no
configure:21209: checking if user provides library for Mosek
configure:21254: result: no
configure:21392: checking if user provides library for Osl
configure:21437: result: no
configure:21575: checking if user provides library for Soplex
configure:21620: result: no
configure:21680: checking if user provides library for Xpress
configure:21725: result: no
configure:21863: checking if user provides library for Gurobi
configure:21908: result: no
configure:22063: checking if user provides library for Glpk
configure:22108: result: no
configure:22644: OsiCbc default solver is clp
configure:22793: OsiDylp informational printing enabled.
configure:22816: OsiDylp support for dylp statistics collection disabled.
configure:22843: OsiDylp paranoid checks at normal level.
configure:22993: checking which command should be used to link input files
configure:23003: result: ln -s
configure:23393: creating ./config.status

## ---------------------- ##
## Running config.status. ##
## ---------------------- ##

This file was extended by Osi config.status 0.103.0, which was
generated by GNU Autoconf 2.59.  Invocation command line was

  CONFIG_FILES    = 
  CONFIG_HEADERS  = 
  CONFIG_LINKS    = 
  CONFIG_COMMANDS = 
  $ ./config.status 

on login

config.status:869: creating Makefile
config.status:869: creating examples/Makefile
config.status:869: creating src/Makefile
config.status:869: creating src/OsiCbc/Makefile
config.status:869: creating src/OsiClp/Makefile
config.status:869: creating src/OsiCpx/Makefile
config.status:869: creating src/OsiDylp/Makefile
config.status:869: creating src/OsiFmp/Makefile
config.status:869: creating src/OsiGlpk/Makefile
config.status:869: creating src/OsiMsk/Makefile
config.status:869: creating src/OsiOsl/Makefile
config.status:869: creating src/OsiSpx/Makefile
config.status:869: creating src/OsiSym/Makefile
config.status:869: creating src/OsiVol/Makefile
config.status:869: creating src/OsiXpr/Makefile
config.status:869: creating src/OsiGrb/Makefile
config.status:869: creating test/Makefile
config.status:869: creating osi_addlibs.txt
config.status:973: creating inc/config_osi.h
config.status:1289: executing depfiles commands
configure:24914: Configuration of Osi successful

## ---------------- ##
## Cache variables. ##
## ---------------- ##

ac_cv_build=x86_64-unknown-linux-gnu
ac_cv_build_alias=x86_64-unknown-linux-gnu
ac_cv_c_compiler_gnu=yes
ac_cv_cxx_compiler_gnu=yes
ac_cv_env_ADD_CFLAGS_set=
ac_cv_env_ADD_CFLAGS_value=
ac_cv_env_ADD_CXXFLAGS_set=
ac_cv_env_ADD_CXXFLAGS_value=
ac_cv_env_CC_set=set
ac_cv_env_CC_value=gcc
ac_cv_env_CDEFS_set=
ac_cv_env_CDEFS_value=
ac_cv_env_CFLAGS_set=
ac_cv_env_CFLAGS_value=
ac_cv_env_CPPFLAGS_set=
ac_cv_env_CPPFLAGS_value=
ac_cv_env_CPP_set=
ac_cv_env_CPP_value=
ac_cv_env_CXXCPP_set=
ac_cv_env_CXXCPP_value=
ac_cv_env_CXXDEFS_set=
ac_cv_env_CXXDEFS_value=
ac_cv_env_CXXFLAGS_set=
ac_cv_env_CXXFLAGS_value=
ac_cv_env_CXX_set=set
ac_cv_env_CXX_value=g++
ac_cv_env_DBG_CFLAGS_set=
ac_cv_env_DBG_CFLAGS_value=
ac_cv_env_DBG_CXXFLAGS_set=
ac_cv_env_DBG_CXXFLAGS_value=
ac_cv_env_F77_set=
ac_cv_env_F77_value=
ac_cv_env_FFLAGS_set=
ac_cv_env_FFLAGS_value=
ac_cv_env_LDFLAGS_set=
ac_cv_env_LDFLAGS_value=
ac_cv_env_MPICC_set=
ac_cv_env_MPICC_value=
ac_cv_env_MPICXX_set=
ac_cv_env_MPICXX_value=
ac_cv_env_OPT_CFLAGS_set=
ac_cv_env_OPT_CFLAGS_value=
ac_cv_env_OPT_CXXFLAGS_set=
ac_cv_env_OPT_CXXFLAGS_value=
ac_cv_env_build_alias_set=
ac_cv_env_build_alias_value=
ac_cv_env_host_alias_set=
ac_cv_env_host_alias_value=
ac_cv_env_target_alias_set=
ac_cv_env_target_alias_value=
ac_cv_exeext=
ac_cv_objext=o
ac_cv_path_install='/usr/bin/install -c'
ac_cv_prog_AWK=gawk
ac_cv_prog_cc_g=yes
ac_cv_prog_cc_stdc=
ac_cv_prog_cxx_g=yes
ac_cv_prog_egrep='grep -E'
ac_cv_prog_make_make_set=yes
am_cv_CC_dependencies_compiler_type=gcc3
am_cv_CXX_dependencies_compiler_type=gcc3

## ----------------- ##
## Output variables. ##
## ----------------- ##

ACLOCAL='${SHELL} /homedtic/bbonet/software/downward/fast-downward/src/search/lp/Osi-0.103.0/missing --run aclocal-1.9'
ADDLIBS='-L/homedtic/bbonet/software/downward/fast-downward/src/lplib/cplex/bin/x86-64_sles10_4.1 -lcplex1251 -lpthread -lm '
ADD_CFLAGS=''
ADD_CXXFLAGS=''
ALWAYS_FALSE_FALSE=''
ALWAYS_FALSE_TRUE='#'
AMDEPBACKSLASH='\'
AMDEP_FALSE='#'
AMDEP_TRUE=''
AMTAR='${SHELL} /homedtic/bbonet/software/downward/fast-downward/src/search/lp/Osi-0.103.0/missing --run tar'
AR='ar'
ASLLIB=''
ASL_CPPFLAGS=''
AUTOCONF='${SHELL} /homedtic/bbonet/software/downward/fast-downward/src/search/lp/Osi-0.103.0/missing --run autoconf'
AUTOHEADER='${SHELL} /homedtic/bbonet/software/downward/fast-downward/src/search/lp/Osi-0.103.0/missing --run autoheader'
AUTOMAKE='${SHELL} /homedtic/bbonet/software/downward/fast-downward/src/search/lp/Osi-0.103.0/missing --run automake-1.9'
AUX_DIR=''
AWK='gawk'
BUILDTOOLSDIR=''
CBCDOCDIR=''
CBCOBJDIR=''
CBCSRCDIR=''
CC='gcc'
CCDEPMODE='depmode=gcc3'
CDEFS=''
CFLAGS='-O3 -fomit-frame-pointer -pipe -DNDEBUG -pedantic-errors -Wimplicit -Wparentheses -Wsequence-point -Wreturn-type -Wcast-qual -Wall -Wno-unknown-pragmas  '
CGLDOCDIR=''
CGLOBJDIR=''
CGLSRCDIR=''
CLPDOCDIR='/homedtic/bbonet/software/downward/fast-downward/src/search/lp/Osi-0.103.0/Osi/lib/../share/doc/coin/Clp'
CLPOBJDIR='/homedtic/bbonet/software/downward/fast-downward/src/search/lp/Osi-0.103.0/Osi/../Clp'
CLPSRCDIR='/homedtic/bbonet/software/downward/fast-downward/src/search/lp/Osi-0.103.0/Clp'
COINUTILSDOCDIR='/homedtic/bbonet/software/downward/fast-downward/src/search/lp/Osi-0.103.0/Osi/lib/../share/doc/coin/CoinUtils'
COINUTILSOBJDIR='/homedtic/bbonet/software/downward/fast-downward/src/search/lp/Osi-0.103.0/Osi/../CoinUtils'
COINUTILSSRCDIR='/homedtic/bbonet/software/downward/fast-downward/src/search/lp/Osi-0.103.0/CoinUtils'
COIN_BUILD_GLPK_FALSE=''
COIN_BUILD_GLPK_TRUE='#'
COIN_HAS_ASL_FALSE=''
COIN_HAS_ASL_TRUE='#'
COIN_HAS_CBC_FALSE=''
COIN_HAS_CBC_TRUE='#'
COIN_HAS_CGL_FALSE=''
COIN_HAS_CGL_TRUE='#'
COIN_HAS_CLP_FALSE='#'
COIN_HAS_CLP_TRUE=''
COIN_HAS_COINUTILS_FALSE='#'
COIN_HAS_COINUTILS_TRUE=''
COIN_HAS_CPX_FALSE='#'
COIN_HAS_CPX_TRUE=''
COIN_HAS_DYLP_FALSE='#'
COIN_HAS_DYLP_TRUE=''
COIN_HAS_FMP_FALSE=''
COIN_HAS_FMP_TRUE='#'
COIN_HAS_GLPK_FALSE=''
COIN_HAS_GLPK_TRUE='#'
COIN_HAS_GRB_FALSE=''
COIN_HAS_GRB_TRUE='#'
COIN_HAS_MSK_FALSE=''
COIN_HAS_MSK_TRUE='#'
COIN_HAS_OSI_FALSE='#'
COIN_HAS_OSI_TRUE=''
COIN_HAS_OSL_FALSE=''
COIN_HAS_OSL_TRUE='#'
COIN_HAS_SPX_FALSE=''
COIN_HAS_SPX_TRUE='#'
COIN_HAS_SYMPHONY_FALSE=''
COIN_HAS_SYMPHONY_TRUE='#'
COIN_HAS_VOL_FALSE='#'
COIN_HAS_VOL_TRUE=''
COIN_HAS_XPR_FALSE=''
COIN_HAS_XPR_TRUE='#'
CPP='gcc -E'
CPPFLAGS=''
CPXINCDIR='/homedtic/bbonet/software/downward/fast-downward/src/lplib/cplex/include/ilcplex'
CPXLIB='-L/homedtic/bbonet/software/downward/fast-downward/src/lplib/cplex/bin/x86-64_sles10_4.1 -lcplex1251 -lpthread'
CXX='g++'
CXXCPP='g++ -E'
CXXDEFS=''
CXXDEPMODE='depmode=gcc3'
CXXFLAGS='-O3 -fomit-frame-pointer -pipe -DNDEBUG -pedantic-errors -Wimplicit -Wparentheses -Wreturn-type -Wcast-qual -Wall -Wpointer-arith -Wwrite-strings -Wconversion -Wno-unknown-pragmas  '
CYGPATH_W='echo'
DBG_CFLAGS='-g -pipe -pedantic-errors -Wimplicit -Wparentheses -Wsequence-point -Wreturn-type -Wcast-qual -Wall -Wno-unknown-pragmas  '
DBG_CXXFLAGS='-g -pipe -pedantic-errors -Wimplicit -Wparentheses -Wreturn-type -Wcast-qual -Wall -Wpointer-arith -Wwrite-strings -Wconversion -Wno-unknown-pragmas  '
DEFS='-DHAVE_CONFIG_H'
DEPDIR='.deps'
DYLPDOCDIR='/homedtic/bbonet/software/downward/fast-downward/src/search/lp/Osi-0.103.0/Osi/lib/../share/doc/coin/DyLP'
DYLPOBJDIR='/homedtic/bbonet/software/downward/fast-downward/src/search/lp/Osi-0.103.0/Osi/../DyLP'
DYLPSRCDIR='/homedtic/bbonet/software/downward/fast-downward/src/search/lp/Osi-0.103.0/DyLP'
ECHO='echo'
ECHO_C=''
ECHO_N='-n'
ECHO_T=''
EGREP='grep -E'
EXEEXT=''
F77=''
FADDLIBS='-L/homedtic/bbonet/software/downward/fast-downward/src/lplib/cplex/bin/x86-64_sles10_4.1 -lcplex1251 -lpthread -lm '
FFLAGS=''
FMPINCDIR=''
FMPLIB=''
GLPKINCDIR=''
GLPKLIB=''
GLPKOBJDIR=''
GRBINCDIR=''
GRBLIB=''
HAVE_EXTERNALS_FALSE=''
HAVE_EXTERNALS_TRUE='#'
INSTALL_DATA='${INSTALL} -m 644'
INSTALL_PROGRAM='${INSTALL}'
INSTALL_SCRIPT='${INSTALL}'
INSTALL_STRIP_PROGRAM='${SHELL} $(install_sh) -c -s'
LDFLAGS=''
LIBEXT='a'
LIBOBJS=''
LIBS=''
LIBTOOL='$(SHELL) $(top_builddir)/../libtool'
LIBTOOLM4=''
LN_S='ln -s'
LTLIBOBJS=''
LT_LDFLAGS=''
MAINT='#'
MAINTAINER_MODE_FALSE=''
MAINTAINER_MODE_TRUE='#'
MAKEINFO='${SHELL} /homedtic/bbonet/software/downward/fast-downward/src/search/lp/Osi-0.103.0/missing --run makeinfo'
MPICC=''
MPICXX=''
MSKCXXFLAGS='-Wno-long-long'
MSKINCDIR=''
MSKLIB=''
OBJEXT='o'
OPT_CFLAGS='-O3 -fomit-frame-pointer -pipe -DNDEBUG -pedantic-errors -Wimplicit -Wparentheses -Wsequence-point -Wreturn-type -Wcast-qual -Wall -Wno-unknown-pragmas  '
OPT_CXXFLAGS='-O3 -fomit-frame-pointer -pipe -DNDEBUG -pedantic-errors -Wimplicit -Wparentheses -Wreturn-type -Wcast-qual -Wall -Wpointer-arith -Wwrite-strings -Wconversion -Wno-unknown-pragmas  '
OSICBC_DFLT_SOLVER_CLP_FALSE='#'
OSICBC_DFLT_SOLVER_CLP_TRUE=''
OSICBC_DFLT_SOLVER_CPX_FALSE=''
OSICBC_DFLT_SOLVER_CPX_TRUE='#'
OSICBC_DFLT_SOLVER_DYLP_FALSE=''
OSICBC_DFLT_SOLVER_DYLP_TRUE='#'
OSICBC_DFLT_SOLVER_FMP_FALSE=''
OSICBC_DFLT_SOLVER_FMP_TRUE='#'
OSICBC_DFLT_SOLVER_GLPK_FALSE=''
OSICBC_DFLT_SOLVER_GLPK_TRUE='#'
OSICBC_DFLT_SOLVER_MSK_FALSE=''
OSICBC_DFLT_SOLVER_MSK_TRUE='#'
OSICBC_DFLT_SOLVER_OSL_FALSE=''
OSICBC_DFLT_SOLVER_OSL_TRUE='#'
OSICBC_DFLT_SOLVER_SPX_FALSE=''
OSICBC_DFLT_SOLVER_SPX_TRUE='#'
OSICBC_DFLT_SOLVER_SYM_FALSE=''
OSICBC_DFLT_SOLVER_SYM_TRUE='#'
OSICBC_DFLT_SOLVER_VOL_FALSE=''
OSICBC_DFLT_SOLVER_VOL_TRUE='#'
OSICBC_DFLT_SOLVER_XPR_FALSE=''
OSICBC_DFLT_SOLVER_XPR_TRUE='#'
OSIDOCDIR='/homedtic/bbonet/software/downward/fast-downward/src/search/lp/Osi-0.103.0/Osi/lib/../share/doc/coin/Osi'
OSIOBJDIR='/homedtic/bbonet/software/downward/fast-downward/src/search/lp/Osi-0.103.0/Osi/.'
OSISRCDIR='/homedtic/bbonet/software/downward/fast-downward/src/search/lp/Osi-0.103.0/Osi'
OSLINCDIR=''
OSLLIB=''
PACKAGE='osi'
PACKAGE_BUGREPORT='coin-osi@list.coin-or.org'
PACKAGE_NAME='Osi'
PACKAGE_STRING='Osi 0.103.0'
PACKAGE_TARNAME='osi'
PACKAGE_VERSION='0.103.0'
PATH_SEPARATOR=':'
RANLIB='ranlib'
RPATH_FLAGS=' -Wl,--rpath -Wl,/homedtic/bbonet/software/downward/fast-downward/src/search/lp/Osi-0.103.0/lib'
SET_MAKE=''
SHELL='/bin/bash'
SPXINCDIR=''
SPXLIB=''
STRIP='strip'
SYMPHONYDOCDIR=''
SYMPHONYOBJDIR=''
SYMPHONYSRCDIR=''
VERSION='0.103.0'
VOLDOCDIR='/homedtic/bbonet/software/downward/fast-downward/src/search/lp/Osi-0.103.0/Osi/lib/../share/doc/coin/Vol'
VOLOBJDIR='/homedtic/bbonet/software/downward/fast-downward/src/search/lp/Osi-0.103.0/Osi/../Vol'
VOLSRCDIR='/homedtic/bbonet/software/downward/fast-downward/src/search/lp/Osi-0.103.0/Vol'
VPATH_DISTCLEANFILES=''
XPRINCDIR=''
XPRLIB=''
abs_bin_dir='/homedtic/bbonet/software/downward/fast-downward/src/search/lp/Osi-0.103.0/Osi/bin'
abs_include_dir='/homedtic/bbonet/software/downward/fast-downward/src/search/lp/Osi-0.103.0/Osi/include'
abs_lib_dir='/homedtic/bbonet/software/downward/fast-downward/src/search/lp/Osi-0.103.0/Osi/lib'
abs_source_dir='/homedtic/bbonet/software/downward/fast-downward/src/search/lp/Osi-0.103.0/Osi'
ac_c_preproc_warn_flag=''
ac_ct_AR='ar'
ac_ct_CC=''
ac_ct_CXX=''
ac_ct_F77=''
ac_ct_RANLIB='ranlib'
ac_ct_STRIP='strip'
ac_cxx_preproc_warn_flag=''
am__fastdepCC_FALSE='#'
am__fastdepCC_TRUE=''
am__fastdepCXX_FALSE='#'
am__fastdepCXX_TRUE=''
am__include='include'
am__leading_dot='.'
am__quote=''
am__tar='${AMTAR} chof - "$$tardir"'
am__untar='${AMTAR} xf -'
bindir='${exec_prefix}/bin'
build='x86_64-unknown-linux-gnu'
build_alias=''
build_cpu='x86_64'
build_os='linux-gnu'
build_vendor='unknown'
datadir='${prefix}/share'
exec_prefix='${prefix}'
have_autoconf=''
have_automake=''
have_svn=''
host='x86_64-unknown-linux-gnu'
host_alias=''
host_cpu='x86_64'
host_os='linux-gnu'
host_vendor='unknown'
includedir='${prefix}/include'
infodir='${prefix}/info'
install_sh='/homedtic/bbonet/software/downward/fast-downward/src/search/lp/Osi-0.103.0/install-sh'
libdir='${exec_prefix}/lib'
libexecdir='${exec_prefix}/libexec'
localstatedir='${prefix}/var'
mandir='${prefix}/man'
mkdir_p='mkdir -p --'
oldincludedir='/usr/include'
prefix='/homedtic/bbonet/software/downward/fast-downward/src/search/lp/coin'
program_transform_name='s,x,x,'
sbindir='${exec_prefix}/sbin'
sharedstatedir='${prefix}/com'
sol_cc_compiler=''
sysconfdir='${prefix}/etc'
target_alias=''

## ----------- ##
## confdefs.h. ##
## ----------- ##

#define COIN_HAS_CLP 1
#define COIN_HAS_COINUTILS 1
#define COIN_HAS_CPX 1
#define COIN_HAS_DYLP 1
#define COIN_HAS_OSI 1
#define COIN_HAS_VOL 1
#define COIN_OSI_CHECKLEVEL 0
#define COIN_OSI_VERBOSITY 0
#define HAVE_DLFCN_H 1
#define HAVE_INTTYPES_H 1
#define HAVE_MEMORY_H 1
#define HAVE_STDINT_H 1
#define HAVE_STDLIB_H 1
#define HAVE_STRINGS_H 1
#define HAVE_STRING_H 1
#define HAVE_SYS_STAT_H 1
#define HAVE_SYS_TYPES_H 1
#define HAVE_UNISTD_H 1
#define ODSI_INFOMSGS 1
#define ODSI_PARANOIA 1
#define OSICBC_DFLT_SOLVER OsiClpSolverInterface
#define OSICBC_DFLT_SOLVER_CLP 1
#define OSICBC_DFLT_SOLVER_HPP "OsiClpSolverInterface.hpp"
#define OSI_VERSION "0.103.0"
#define PACKAGE "osi"
#define PACKAGE_BUGREPORT "coin-osi@list.coin-or.org"
#define PACKAGE_NAME "Osi"
#define PACKAGE_STRING "Osi 0.103.0"
#define PACKAGE_TARNAME "osi"
#define PACKAGE_VERSION "0.103.0"
#define STDC_HEADERS 1
#define VERSION "0.103.0"
#endif
#ifdef __cplusplus
extern "C" void exit (int) throw ();

configure: exit 0
