This file contains any messages produced by compilers while
running configure, to aid debugging if configure makes a mistake.

It was created by DyLP configure 1.6.0, which was
generated by GNU Autoconf 2.59.  Invocation command line was

  $ ./configure --prefix=/homedtic/bbonet/software/downward/fast-downward/src/search/lp/coin CC=gcc CXX=g++ --prefix /homedtic/bbonet/software/downward/fast-downward/src/search/lp/coin --without-lapack --enable-static=yes --with-cplex-incdir=/homedtic/bbonet/software/downward/fast-downward/src/lplib/cplex/include/ilcplex --with-cplex-lib=-L/homedtic/bbonet/software/downward/fast-downward/src/lplib/cplex/bin/x86-64_sles10_4.1 -lcplex1251 -lpthread --cache-file=/dev/null --srcdir=.

## --------- ##
## Platform. ##
## --------- ##

hostname = login
uname -m = x86_64
uname -r = 3.2.0-4-amd64
uname -s = Linux
uname -v = #1 SMP Debian 3.2.46-1

/usr/bin/uname -p = unknown
/bin/uname -X     = unknown

/bin/arch              = unknown
/usr/bin/arch -k       = unknown
/usr/convex/getsysinfo = unknown
hostinfo               = unknown
/bin/machine           = unknown
/usr/bin/oslevel       = unknown
/bin/universe          = unknown

PATH: /homedtic/bbonet/bin
PATH: /sge/bin/linux-x64
PATH: /usr/local/bin
PATH: /usr/bin
PATH: /bin
PATH: /usr/local/games
PATH: /usr/games
PATH: /usr/local/clues/0.89


## ----------- ##
## Core tests. ##
## ----------- ##

configure:1656: checking build system type
configure:1674: result: x86_64-unknown-linux-gnu
configure:1731: checking whether we want to compile in debug mode
configure:1778: result: no
configure:2087: checking for C compiler version
configure:2090: gcc --version </dev/null >&5
gcc (Debian 4.7.2-5) 4.7.2
Copyright (C) 2012 Free Software Foundation, Inc.
This is free software; see the source for copying conditions.  There is NO
warranty; not even for MERCHANTABILITY or FITNESS FOR A PARTICULAR PURPOSE.

configure:2093: $? = 0
configure:2095: gcc -v </dev/null >&5
Using built-in specs.
COLLECT_GCC=gcc
COLLECT_LTO_WRAPPER=/usr/lib/gcc/x86_64-linux-gnu/4.7/lto-wrapper
Target: x86_64-linux-gnu
Configured with: ../src/configure -v --with-pkgversion='Debian 4.7.2-5' --with-bugurl=file:///usr/share/doc/gcc-4.7/README.Bugs --enable-languages=c,c++,go,fortran,objc,obj-c++ --prefix=/usr --program-suffix=-4.7 --enable-shared --enable-linker-build-id --with-system-zlib --libexecdir=/usr/lib --without-included-gettext --enable-threads=posix --with-gxx-include-dir=/usr/include/c++/4.7 --libdir=/usr/lib --enable-nls --with-sysroot=/ --enable-clocale=gnu --enable-libstdcxx-debug --enable-libstdcxx-time=yes --enable-gnu-unique-object --enable-plugin --enable-objc-gc --with-arch-32=i586 --with-tune=generic --enable-checking=release --build=x86_64-linux-gnu --host=x86_64-linux-gnu --target=x86_64-linux-gnu
Thread model: posix
gcc version 4.7.2 (Debian 4.7.2-5) 
configure:2098: $? = 0
configure:2100: gcc -V </dev/null >&5
gcc: error: unrecognized command line option '-V'
gcc: fatal error: no input files
compilation terminated.
configure:2103: $? = 4
configure:2126: checking for C compiler default output file name
configure:2129: gcc    conftest.c  >&5
configure:2132: $? = 0
configure:2178: result: a.out
configure:2183: checking whether the C compiler works
configure:2189: ./a.out
configure:2192: $? = 0
configure:2209: result: yes
configure:2216: checking whether we are cross compiling
configure:2218: result: no
configure:2221: checking for suffix of executables
configure:2223: gcc -o conftest    conftest.c  >&5
configure:2226: $? = 0
configure:2251: result: 
configure:2257: checking for suffix of object files
configure:2278: gcc -c   conftest.c >&5
configure:2281: $? = 0
configure:2303: result: o
configure:2307: checking whether we are using the GNU C compiler
configure:2331: gcc -c   conftest.c >&5
configure:2337: $? = 0
configure:2341: test -z 
			 || test ! -s conftest.err
configure:2344: $? = 0
configure:2347: test -s conftest.o
configure:2350: $? = 0
configure:2363: result: yes
configure:2369: checking whether gcc accepts -g
configure:2390: gcc -c -g  conftest.c >&5
configure:2396: $? = 0
configure:2400: test -z 
			 || test ! -s conftest.err
configure:2403: $? = 0
configure:2406: test -s conftest.o
configure:2409: $? = 0
configure:2420: result: yes
configure:2437: checking for gcc option to accept ANSI C
configure:2507: gcc  -c -g -O2  conftest.c >&5
configure:2513: $? = 0
configure:2517: test -z 
			 || test ! -s conftest.err
configure:2520: $? = 0
configure:2523: test -s conftest.o
configure:2526: $? = 0
configure:2544: result: none needed
configure:2562: gcc -c -g -O2  conftest.c >&5
conftest.c:2:3: error: unknown type name 'choke'
conftest.c:2:3: error: expected '=', ',', ';', 'asm' or '__attribute__' at end of input
configure:2568: $? = 1
configure: failed program was:
| #ifndef __cplusplus
|   choke me
| #endif
configure:3023: gcc -o conftest -O3 -fomit-frame-pointer -pipe -DNDEBUG -pedantic-errors -Wimplicit -Wparentheses -Wsequence-point -Wreturn-type -Wcast-qual -Wall -Wno-unknown-pragmas     conftest.c  >&5
configure:3029: $? = 0
configure:3033: test -z 
			 || test ! -s conftest.err
configure:3036: $? = 0
configure:3039: test -s conftest
configure:3042: $? = 0
configure:3109: C compiler options are: -O3 -fomit-frame-pointer -pipe -DNDEBUG -pedantic-errors -Wimplicit -Wparentheses -Wsequence-point -Wreturn-type -Wcast-qual -Wall -Wno-unknown-pragmas  
configure:3280: checking for C++ compiler version
configure:3283: g++ --version </dev/null >&5
g++ (Debian 4.7.2-5) 4.7.2
Copyright (C) 2012 Free Software Foundation, Inc.
This is free software; see the source for copying conditions.  There is NO
warranty; not even for MERCHANTABILITY or FITNESS FOR A PARTICULAR PURPOSE.

configure:3286: $? = 0
configure:3288: g++ -v </dev/null >&5
Using built-in specs.
COLLECT_GCC=g++
COLLECT_LTO_WRAPPER=/usr/lib/gcc/x86_64-linux-gnu/4.7/lto-wrapper
Target: x86_64-linux-gnu
Configured with: ../src/configure -v --with-pkgversion='Debian 4.7.2-5' --with-bugurl=file:///usr/share/doc/gcc-4.7/README.Bugs --enable-languages=c,c++,go,fortran,objc,obj-c++ --prefix=/usr --program-suffix=-4.7 --enable-shared --enable-linker-build-id --with-system-zlib --libexecdir=/usr/lib --without-included-gettext --enable-threads=posix --with-gxx-include-dir=/usr/include/c++/4.7 --libdir=/usr/lib --enable-nls --with-sysroot=/ --enable-clocale=gnu --enable-libstdcxx-debug --enable-libstdcxx-time=yes --enable-gnu-unique-object --enable-plugin --enable-objc-gc --with-arch-32=i586 --with-tune=generic --enable-checking=release --build=x86_64-linux-gnu --host=x86_64-linux-gnu --target=x86_64-linux-gnu
Thread model: posix
gcc version 4.7.2 (Debian 4.7.2-5) 
configure:3291: $? = 0
configure:3293: g++ -V </dev/null >&5
g++: error: unrecognized command line option '-V'
g++: fatal error: no input files
compilation terminated.
configure:3296: $? = 4
configure:3299: checking whether we are using the GNU C++ compiler
configure:3323: g++ -c   conftest.cc >&5
configure:3329: $? = 0
configure:3333: test -z 
			 || test ! -s conftest.err
configure:3336: $? = 0
configure:3339: test -s conftest.o
configure:3342: $? = 0
configure:3355: result: yes
configure:3361: checking whether g++ accepts -g
configure:3382: g++ -c -g  conftest.cc >&5
configure:3388: $? = 0
configure:3392: test -z 
			 || test ! -s conftest.err
configure:3395: $? = 0
configure:3398: test -s conftest.o
configure:3401: $? = 0
configure:3412: result: yes
configure:3454: g++ -c -g -O2  conftest.cc >&5
configure:3460: $? = 0
configure:3464: test -z 
			 || test ! -s conftest.err
configure:3467: $? = 0
configure:3470: test -s conftest.o
configure:3473: $? = 0
configure:3499: g++ -c -g -O2  conftest.cc >&5
conftest.cc: In function 'int main()':
conftest.cc:16:9: error: 'exit' was not declared in this scope
configure:3505: $? = 1
configure: failed program was:
| /* confdefs.h.  */
| 
| #define PACKAGE_NAME "DyLP"
| #define PACKAGE_TARNAME "dylp"
| #define PACKAGE_VERSION "1.6.0"
| #define PACKAGE_STRING "DyLP 1.6.0"
| #define PACKAGE_BUGREPORT "coin-dylp@list.coin-or.org"
| #define DYLP_VERSION "1.6.0"
| #define COIN_DYLP_VERBOSITY 0
| #define COIN_DYLP_CHECKLEVEL 0
| /* end confdefs.h.  */
| 
| int
| main ()
| {
| exit (42);
|   ;
|   return 0;
| }
configure:3454: g++ -c -g -O2  conftest.cc >&5
conftest.cc:12:40: error: 'void std::exit(int)' should have been declared inside 'std'
configure:3460: $? = 1
configure: failed program was:
| /* confdefs.h.  */
| 
| #define PACKAGE_NAME "DyLP"
| #define PACKAGE_TARNAME "dylp"
| #define PACKAGE_VERSION "1.6.0"
| #define PACKAGE_STRING "DyLP 1.6.0"
| #define PACKAGE_BUGREPORT "coin-dylp@list.coin-or.org"
| #define DYLP_VERSION "1.6.0"
| #define COIN_DYLP_VERBOSITY 0
| #define COIN_DYLP_CHECKLEVEL 0
| /* end confdefs.h.  */
| extern "C" void std::exit (int) throw (); using std::exit;
| #include <stdlib.h>
| int
| main ()
| {
| exit (42);
|   ;
|   return 0;
| }
configure:3454: g++ -c -g -O2  conftest.cc >&5
conftest.cc:12:31: error: 'void std::exit(int)' should have been declared inside 'std'
In file included from conftest.cc:13:0:
/usr/include/stdlib.h:544:70: error: declaration of 'void std::exit(int) throw ()' has a different exception specifier
conftest.cc:12:17: error: from previous declaration 'void std::exit(int)'
configure:3460: $? = 1
configure: failed program was:
| /* confdefs.h.  */
| 
| #define PACKAGE_NAME "DyLP"
| #define PACKAGE_TARNAME "dylp"
| #define PACKAGE_VERSION "1.6.0"
| #define PACKAGE_STRING "DyLP 1.6.0"
| #define PACKAGE_BUGREPORT "coin-dylp@list.coin-or.org"
| #define DYLP_VERSION "1.6.0"
| #define COIN_DYLP_VERBOSITY 0
| #define COIN_DYLP_CHECKLEVEL 0
| /* end confdefs.h.  */
| extern "C" void std::exit (int); using std::exit;
| #include <stdlib.h>
| int
| main ()
| {
| exit (42);
|   ;
|   return 0;
| }
configure:3454: g++ -c -g -O2  conftest.cc >&5
configure:3460: $? = 0
configure:3464: test -z 
			 || test ! -s conftest.err
configure:3467: $? = 0
configure:3470: test -s conftest.o
configure:3473: $? = 0
configure:3499: g++ -c -g -O2  conftest.cc >&5
configure:3505: $? = 0
configure:3509: test -z 
			 || test ! -s conftest.err
configure:3512: $? = 0
configure:3515: test -s conftest.o
configure:3518: $? = 0
configure:3550: checking whether C++ compiler g++ works
configure:3568: g++ -c -g -O2  conftest.cc >&5
configure:3574: $? = 0
configure:3578: test -z 
			 || test ! -s conftest.err
configure:3581: $? = 0
configure:3584: test -s conftest.o
configure:3587: $? = 0
configure:3589: result: yes
configure:3949: g++ -o conftest -O3 -fomit-frame-pointer -pipe -DNDEBUG -pedantic-errors -Wimplicit -Wparentheses -Wreturn-type -Wcast-qual -Wall -Wpointer-arith -Wwrite-strings -Wconversion -Wno-unknown-pragmas     conftest.cc  >&5
cc1plus: warning: command line option '-Wimplicit' is valid for C/ObjC but not for C++ [enabled by default]
configure:3955: $? = 0
configure:3959: test -z 
			 || test ! -s conftest.err
configure:3962: $? = 0
configure:3965: test -s conftest
configure:3968: $? = 0
configure:4035: C++ compiler options are: -O3 -fomit-frame-pointer -pipe -DNDEBUG -pedantic-errors -Wimplicit -Wparentheses -Wreturn-type -Wcast-qual -Wall -Wpointer-arith -Wwrite-strings -Wconversion -Wno-unknown-pragmas  
configure:4147: checking for egrep
configure:4157: result: grep -E
configure:4176: checking for a BSD-compatible install
configure:4231: result: /usr/bin/install -c
configure:4242: checking whether build environment is sane
configure:4285: result: yes
configure:4350: checking for gawk
configure:4366: found /usr/bin/gawk
configure:4376: result: gawk
configure:4386: checking whether make sets $(MAKE)
configure:4406: result: yes
configure:4436: checking for style of include used by make
configure:4464: result: GNU
configure:4644: checking dependency style of gcc
configure:4734: result: gcc3
configure:4753: checking dependency style of g++
configure:4843: result: gcc3
configure:4861: checking whether to enable maintainer-specific portions of Makefiles
configure:4870: result: no
configure:20369: Using libtool script in directory ..
configure:20427: checking for COIN project DyLP
configure:20482: result: .
configure:20485: checking for COIN project CoinUtils
configure:20540: result: ../CoinUtils
configure:20543: checking for COIN project Osi
configure:20598: result: ../Osi
configure:20656: Determining C type equivalent for C++ bool.
configure:20980: g++ -o conftest -O3 -fomit-frame-pointer -pipe -DNDEBUG -pedantic-errors -Wimplicit -Wparentheses -Wreturn-type -Wcast-qual -Wall -Wpointer-arith -Wwrite-strings -Wconversion -Wno-unknown-pragmas -fno-strict-aliasing   conftest.cc  >&5
cc1plus: warning: command line option '-Wimplicit' is valid for C/ObjC but not for C++ [enabled by default]
configure:20983: $? = 0
configure:20985: ./conftest
configure:20988: $? = 0
configure:21017: C++ bool is 1 bytes.
configure:21336: gcc -o conftest -O3 -fomit-frame-pointer -pipe -DNDEBUG -pedantic-errors -Wimplicit -Wparentheses -Wsequence-point -Wreturn-type -Wcast-qual -Wall -Wno-unknown-pragmas -fno-strict-aliasing   conftest.c  >&5
configure:21339: $? = 0
configure:21341: ./conftest
configure:21344: $? = 0
configure:22410: C char will be used as bool by dylp.
configure:22432: checking math.h usability
configure:22444: gcc -c -O3 -fomit-frame-pointer -pipe -DNDEBUG -pedantic-errors -Wimplicit -Wparentheses -Wsequence-point -Wreturn-type -Wcast-qual -Wall -Wno-unknown-pragmas -fno-strict-aliasing  conftest.c >&5
configure:22450: $? = 0
configure:22454: test -z 
			 || test ! -s conftest.err
configure:22457: $? = 0
configure:22460: test -s conftest.o
configure:22463: $? = 0
configure:22473: result: yes
configure:22477: checking math.h presence
configure:22487: gcc -E  conftest.c
configure:22493: $? = 0
configure:22513: result: yes
configure:22548: checking for math.h
configure:22555: result: yes
configure:22588: checking ieeefp.h usability
configure:22600: gcc -c -O3 -fomit-frame-pointer -pipe -DNDEBUG -pedantic-errors -Wimplicit -Wparentheses -Wsequence-point -Wreturn-type -Wcast-qual -Wall -Wno-unknown-pragmas -fno-strict-aliasing  conftest.c >&5
conftest.c:68:20: fatal error: ieeefp.h: No such file or directory
compilation terminated.
configure:22606: $? = 1
configure: failed program was:
| /* confdefs.h.  */
| 
| #define PACKAGE_NAME "DyLP"
| #define PACKAGE_TARNAME "dylp"
| #define PACKAGE_VERSION "1.6.0"
| #define PACKAGE_STRING "DyLP 1.6.0"
| #define PACKAGE_BUGREPORT "coin-dylp@list.coin-or.org"
| #define DYLP_VERSION "1.6.0"
| #define COIN_DYLP_VERBOSITY 0
| #define COIN_DYLP_CHECKLEVEL 0
| #ifdef __cplusplus
| extern "C" void exit (int) throw ();
| #endif
| #define PACKAGE "dylp"
| #define VERSION "1.6.0"
| #define STDC_HEADERS 1
| #define HAVE_SYS_TYPES_H 1
| #define HAVE_SYS_STAT_H 1
| #define HAVE_STDLIB_H 1
| #define HAVE_STRING_H 1
| #define HAVE_MEMORY_H 1
| #define HAVE_STRINGS_H 1
| #define HAVE_INTTYPES_H 1
| #define HAVE_STDINT_H 1
| #define HAVE_UNISTD_H 1
| #define HAVE_DLFCN_H 1
| #define COIN_HAS_DYLP 1
| #define COIN_HAS_COINUTILS 1
| #define COIN_HAS_OSI 1
| #define BOOL char
| #define HAVE_MATH_H 1
| /* end confdefs.h.  */
| #include <stdio.h>
| #if HAVE_SYS_TYPES_H
| # include <sys/types.h>
| #endif
| #if HAVE_SYS_STAT_H
| # include <sys/stat.h>
| #endif
| #if STDC_HEADERS
| # include <stdlib.h>
| # include <stddef.h>
| #else
| # if HAVE_STDLIB_H
| #  include <stdlib.h>
| # endif
| #endif
| #if HAVE_STRING_H
| # if !STDC_HEADERS && HAVE_MEMORY_H
| #  include <memory.h>
| # endif
| # include <string.h>
| #endif
| #if HAVE_STRINGS_H
| # include <strings.h>
| #endif
| #if HAVE_INTTYPES_H
| # include <inttypes.h>
| #else
| # if HAVE_STDINT_H
| #  include <stdint.h>
| # endif
| #endif
| #if HAVE_UNISTD_H
| # include <unistd.h>
| #endif
| #include <math.h>
| #include <ieeefp.h>
configure:22629: result: no
configure:22633: checking ieeefp.h presence
configure:22643: gcc -E  conftest.c
conftest.c:33:20: fatal error: ieeefp.h: No such file or directory
compilation terminated.
configure:22649: $? = 1
configure: failed program was:
| /* confdefs.h.  */
| 
| #define PACKAGE_NAME "DyLP"
| #define PACKAGE_TARNAME "dylp"
| #define PACKAGE_VERSION "1.6.0"
| #define PACKAGE_STRING "DyLP 1.6.0"
| #define PACKAGE_BUGREPORT "coin-dylp@list.coin-or.org"
| #define DYLP_VERSION "1.6.0"
| #define COIN_DYLP_VERBOSITY 0
| #define COIN_DYLP_CHECKLEVEL 0
| #ifdef __cplusplus
| extern "C" void exit (int) throw ();
| #endif
| #define PACKAGE "dylp"
| #define VERSION "1.6.0"
| #define STDC_HEADERS 1
| #define HAVE_SYS_TYPES_H 1
| #define HAVE_SYS_STAT_H 1
| #define HAVE_STDLIB_H 1
| #define HAVE_STRING_H 1
| #define HAVE_MEMORY_H 1
| #define HAVE_STRINGS_H 1
| #define HAVE_INTTYPES_H 1
| #define HAVE_STDINT_H 1
| #define HAVE_UNISTD_H 1
| #define HAVE_DLFCN_H 1
| #define COIN_HAS_DYLP 1
| #define COIN_HAS_COINUTILS 1
| #define COIN_HAS_OSI 1
| #define BOOL char
| #define HAVE_MATH_H 1
| /* end confdefs.h.  */
| #include <ieeefp.h>
configure:22669: result: no
configure:22704: checking for ieeefp.h
configure:22711: result: no
configure:22739: checking float.h usability
configure:22751: gcc -c -O3 -fomit-frame-pointer -pipe -DNDEBUG -pedantic-errors -Wimplicit -Wparentheses -Wsequence-point -Wreturn-type -Wcast-qual -Wall -Wno-unknown-pragmas -fno-strict-aliasing  conftest.c >&5
configure:22757: $? = 0
configure:22761: test -z 
			 || test ! -s conftest.err
configure:22764: $? = 0
configure:22767: test -s conftest.o
configure:22770: $? = 0
configure:22780: result: yes
configure:22784: checking float.h presence
configure:22794: gcc -E  conftest.c
configure:22800: $? = 0
configure:22820: result: yes
configure:22855: checking for float.h
configure:22862: result: yes
configure:22890: checking sunmath.h usability
configure:22902: gcc -c -O3 -fomit-frame-pointer -pipe -DNDEBUG -pedantic-errors -Wimplicit -Wparentheses -Wsequence-point -Wreturn-type -Wcast-qual -Wall -Wno-unknown-pragmas -fno-strict-aliasing  conftest.c >&5
conftest.c:70:21: fatal error: sunmath.h: No such file or directory
compilation terminated.
configure:22908: $? = 1
configure: failed program was:
| /* confdefs.h.  */
| 
| #define PACKAGE_NAME "DyLP"
| #define PACKAGE_TARNAME "dylp"
| #define PACKAGE_VERSION "1.6.0"
| #define PACKAGE_STRING "DyLP 1.6.0"
| #define PACKAGE_BUGREPORT "coin-dylp@list.coin-or.org"
| #define DYLP_VERSION "1.6.0"
| #define COIN_DYLP_VERBOSITY 0
| #define COIN_DYLP_CHECKLEVEL 0
| #ifdef __cplusplus
| extern "C" void exit (int) throw ();
| #endif
| #define PACKAGE "dylp"
| #define VERSION "1.6.0"
| #define STDC_HEADERS 1
| #define HAVE_SYS_TYPES_H 1
| #define HAVE_SYS_STAT_H 1
| #define HAVE_STDLIB_H 1
| #define HAVE_STRING_H 1
| #define HAVE_MEMORY_H 1
| #define HAVE_STRINGS_H 1
| #define HAVE_INTTYPES_H 1
| #define HAVE_STDINT_H 1
| #define HAVE_UNISTD_H 1
| #define HAVE_DLFCN_H 1
| #define COIN_HAS_DYLP 1
| #define COIN_HAS_COINUTILS 1
| #define COIN_HAS_OSI 1
| #define BOOL char
| #define HAVE_MATH_H 1
| #define HAVE_FLOAT_H 1
| /* end confdefs.h.  */
| #include <stdio.h>
| #if HAVE_SYS_TYPES_H
| # include <sys/types.h>
| #endif
| #if HAVE_SYS_STAT_H
| # include <sys/stat.h>
| #endif
| #if STDC_HEADERS
| # include <stdlib.h>
| # include <stddef.h>
| #else
| # if HAVE_STDLIB_H
| #  include <stdlib.h>
| # endif
| #endif
| #if HAVE_STRING_H
| # if !STDC_HEADERS && HAVE_MEMORY_H
| #  include <memory.h>
| # endif
| # include <string.h>
| #endif
| #if HAVE_STRINGS_H
| # include <strings.h>
| #endif
| #if HAVE_INTTYPES_H
| # include <inttypes.h>
| #else
| # if HAVE_STDINT_H
| #  include <stdint.h>
| # endif
| #endif
| #if HAVE_UNISTD_H
| # include <unistd.h>
| #endif
| #include <math.h>
| #include <float.h>
| #include <sunmath.h>
configure:22931: result: no
configure:22935: checking sunmath.h presence
configure:22945: gcc -E  conftest.c
conftest.c:34:21: fatal error: sunmath.h: No such file or directory
compilation terminated.
configure:22951: $? = 1
configure: failed program was:
| /* confdefs.h.  */
| 
| #define PACKAGE_NAME "DyLP"
| #define PACKAGE_TARNAME "dylp"
| #define PACKAGE_VERSION "1.6.0"
| #define PACKAGE_STRING "DyLP 1.6.0"
| #define PACKAGE_BUGREPORT "coin-dylp@list.coin-or.org"
| #define DYLP_VERSION "1.6.0"
| #define COIN_DYLP_VERBOSITY 0
| #define COIN_DYLP_CHECKLEVEL 0
| #ifdef __cplusplus
| extern "C" void exit (int) throw ();
| #endif
| #define PACKAGE "dylp"
| #define VERSION "1.6.0"
| #define STDC_HEADERS 1
| #define HAVE_SYS_TYPES_H 1
| #define HAVE_SYS_STAT_H 1
| #define HAVE_STDLIB_H 1
| #define HAVE_STRING_H 1
| #define HAVE_MEMORY_H 1
| #define HAVE_STRINGS_H 1
| #define HAVE_INTTYPES_H 1
| #define HAVE_STDINT_H 1
| #define HAVE_UNISTD_H 1
| #define HAVE_DLFCN_H 1
| #define COIN_HAS_DYLP 1
| #define COIN_HAS_COINUTILS 1
| #define COIN_HAS_OSI 1
| #define BOOL char
| #define HAVE_MATH_H 1
| #define HAVE_FLOAT_H 1
| /* end confdefs.h.  */
| #include <sunmath.h>
configure:22971: result: no
configure:23006: checking for sunmath.h
configure:23013: result: no
configure:23054: Found floating point header files float.h math.h.
configure:23064: Checking for proper name for isfinite().
configure:23067: checking for finite
configure:23124: gcc -o conftest -O3 -fomit-frame-pointer -pipe -DNDEBUG -pedantic-errors -Wimplicit -Wparentheses -Wsequence-point -Wreturn-type -Wcast-qual -Wall -Wno-unknown-pragmas -fno-strict-aliasing   conftest.c  >&5
conftest.c:58:6: warning: conflicting types for built-in function 'finite' [enabled by default]
configure:23130: $? = 0
configure:23134: test -z 
			 || test ! -s conftest.err
configure:23137: $? = 0
configure:23140: test -s conftest
configure:23143: $? = 0
configure:23155: result: yes
configure:23366: Using finite as isfinite().
configure:23369: Checking for proper name for isnan().
configure:23372: checking for isnan
configure:23429: gcc -o conftest -O3 -fomit-frame-pointer -pipe -DNDEBUG -pedantic-errors -Wimplicit -Wparentheses -Wsequence-point -Wreturn-type -Wcast-qual -Wall -Wno-unknown-pragmas -fno-strict-aliasing   conftest.c  >&5
conftest.c:59:6: warning: conflicting types for built-in function 'isnan' [enabled by default]
configure:23435: $? = 0
configure:23439: test -z 
			 || test ! -s conftest.err
configure:23442: $? = 0
configure:23445: test -s conftest
configure:23448: $? = 0
configure:23460: result: yes
configure:23575: Using isnan as isnan().
configure:23582: checking for quiet_nan
configure:23639: gcc -o conftest -O3 -fomit-frame-pointer -pipe -DNDEBUG -pedantic-errors -Wimplicit -Wparentheses -Wsequence-point -Wreturn-type -Wcast-qual -Wall -Wno-unknown-pragmas -fno-strict-aliasing   conftest.c  >&5
/tmp/ccuCf7A7.o:(.data+0x0): undefined reference to `quiet_nan'
/tmp/ccuCf7A7.o: In function `main':
conftest.c:(.text.startup+0x9): undefined reference to `quiet_nan'
collect2: error: ld returned 1 exit status
configure:23645: $? = 1
configure: failed program was:
| /* confdefs.h.  */
| 
| #define PACKAGE_NAME "DyLP"
| #define PACKAGE_TARNAME "dylp"
| #define PACKAGE_VERSION "1.6.0"
| #define PACKAGE_STRING "DyLP 1.6.0"
| #define PACKAGE_BUGREPORT "coin-dylp@list.coin-or.org"
| #define DYLP_VERSION "1.6.0"
| #define COIN_DYLP_VERBOSITY 0
| #define COIN_DYLP_CHECKLEVEL 0
| #ifdef __cplusplus
| extern "C" void exit (int) throw ();
| #endif
| #define PACKAGE "dylp"
| #define VERSION "1.6.0"
| #define STDC_HEADERS 1
| #define HAVE_SYS_TYPES_H 1
| #define HAVE_SYS_STAT_H 1
| #define HAVE_STDLIB_H 1
| #define HAVE_STRING_H 1
| #define HAVE_MEMORY_H 1
| #define HAVE_STRINGS_H 1
| #define HAVE_INTTYPES_H 1
| #define HAVE_STDINT_H 1
| #define HAVE_UNISTD_H 1
| #define HAVE_DLFCN_H 1
| #define COIN_HAS_DYLP 1
| #define COIN_HAS_COINUTILS 1
| #define COIN_HAS_OSI 1
| #define BOOL char
| #define HAVE_MATH_H 1
| #define HAVE_FLOAT_H 1
| #define DYLP_ISFINITE finite
| #define DYLP_ISNAN isnan
| /* end confdefs.h.  */
| /* Define quiet_nan to an innocuous variant, in case <limits.h> declares quiet_nan.
|    For example, HP-UX 11i <limits.h> declares gettimeofday.  */
| #define quiet_nan innocuous_quiet_nan
| 
| /* System header to define __stub macros and hopefully few prototypes,
|     which can conflict with char quiet_nan (); below.
|     Prefer <limits.h> to <assert.h> if __STDC__ is defined, since
|     <limits.h> exists even on freestanding compilers.  */
| 
| #ifdef __STDC__
| # include <limits.h>
| #else
| # include <assert.h>
| #endif
| 
| #undef quiet_nan
| 
| /* Override any gcc2 internal prototype to avoid an error.  */
| #ifdef __cplusplus
| extern "C"
| {
| #endif
| /* We use char because int might match the return type of a gcc2
|    builtin and then its argument prototype would still apply.  */
| char quiet_nan ();
| /* The GNU C library defines this for functions which it implements
|     to always fail with ENOSYS.  Some functions are actually named
|     something starting with __ and the normal name is an alias.  */
| #if defined (__stub_quiet_nan) || defined (__stub___quiet_nan)
| choke me
| #else
| char (*f) () = quiet_nan;
| #endif
| #ifdef __cplusplus
| }
| #endif
| 
| int
| main ()
| {
| return f != quiet_nan;
|   ;
|   return 0;
| }
configure:23670: result: no
configure:23686: checking whether byte ordering is bigendian
configure:23713: gcc -c -O3 -fomit-frame-pointer -pipe -DNDEBUG -pedantic-errors -Wimplicit -Wparentheses -Wsequence-point -Wreturn-type -Wcast-qual -Wall -Wno-unknown-pragmas -fno-strict-aliasing  conftest.c >&5
configure:23719: $? = 0
configure:23723: test -z 
			 || test ! -s conftest.err
configure:23726: $? = 0
configure:23729: test -s conftest.o
configure:23732: $? = 0
configure:23756: gcc -c -O3 -fomit-frame-pointer -pipe -DNDEBUG -pedantic-errors -Wimplicit -Wparentheses -Wsequence-point -Wreturn-type -Wcast-qual -Wall -Wno-unknown-pragmas -fno-strict-aliasing  conftest.c >&5
conftest.c: In function 'main':
conftest.c:43:2: error: unknown type name 'not'
conftest.c:43:10: error: expected '=', ',', ';', 'asm' or '__attribute__' before 'endian'
configure:23762: $? = 1
configure: failed program was:
| /* confdefs.h.  */
| 
| #define PACKAGE_NAME "DyLP"
| #define PACKAGE_TARNAME "dylp"
| #define PACKAGE_VERSION "1.6.0"
| #define PACKAGE_STRING "DyLP 1.6.0"
| #define PACKAGE_BUGREPORT "coin-dylp@list.coin-or.org"
| #define DYLP_VERSION "1.6.0"
| #define COIN_DYLP_VERBOSITY 0
| #define COIN_DYLP_CHECKLEVEL 0
| #ifdef __cplusplus
| extern "C" void exit (int) throw ();
| #endif
| #define PACKAGE "dylp"
| #define VERSION "1.6.0"
| #define STDC_HEADERS 1
| #define HAVE_SYS_TYPES_H 1
| #define HAVE_SYS_STAT_H 1
| #define HAVE_STDLIB_H 1
| #define HAVE_STRING_H 1
| #define HAVE_MEMORY_H 1
| #define HAVE_STRINGS_H 1
| #define HAVE_INTTYPES_H 1
| #define HAVE_STDINT_H 1
| #define HAVE_UNISTD_H 1
| #define HAVE_DLFCN_H 1
| #define COIN_HAS_DYLP 1
| #define COIN_HAS_COINUTILS 1
| #define COIN_HAS_OSI 1
| #define BOOL char
| #define HAVE_MATH_H 1
| #define HAVE_FLOAT_H 1
| #define DYLP_ISFINITE finite
| #define DYLP_ISNAN isnan
| /* end confdefs.h.  */
| #include <sys/types.h>
| #include <sys/param.h>
| 
| int
| main ()
| {
| #if BYTE_ORDER != BIG_ENDIAN
|  not big endian
| #endif
| 
|   ;
|   return 0;
| }
configure:23897: result: no
configure:23972: Dylp paranoid checks disabled.
configure:23992: Dylp statistics collection disabled.
configure:24012: Dylp informational printing enabled.
configure:24024: checking whether this is a VPATH configuration
configure:24031: result: no
configure:24071: checking which command should be used to link input files
configure:24081: result: ln -s
configure:24282: creating ./config.status

## ---------------------- ##
## Running config.status. ##
## ---------------------- ##

This file was extended by DyLP config.status 1.6.0, which was
generated by GNU Autoconf 2.59.  Invocation command line was

  CONFIG_FILES    = 
  CONFIG_HEADERS  = 
  CONFIG_LINKS    = 
  CONFIG_COMMANDS = 
  $ ./config.status 

on login

config.status:777: creating Makefile
config.status:777: creating examples/Makefile
config.status:777: creating src/DylpStdLib/Makefile
config.status:777: creating src/Dylp/Makefile
config.status:777: creating test/Makefile
config.status:777: creating dylp_addlibs.txt
config.status:777: creating doc/Makefile
config.status:777: creating doc/dylpabsdir.tex
config.status:777: creating doc/makefile.dylpdoc
config.status:777: creating doc/Figures/Makefile
config.status:777: creating doc/TexMF/Makefile
config.status:777: creating doc/build_dylpdoc
config.status:885: creating inc/config_dylp.h
config.status:1197: executing depfiles commands
configure:25715: Configuration of DyLP successful

## ---------------- ##
## Cache variables. ##
## ---------------- ##

ac_cv_build=x86_64-unknown-linux-gnu
ac_cv_build_alias=x86_64-unknown-linux-gnu
ac_cv_c_bigendian=no
ac_cv_c_compiler_gnu=yes
ac_cv_cxx_compiler_gnu=yes
ac_cv_env_ADD_CFLAGS_set=
ac_cv_env_ADD_CFLAGS_value=
ac_cv_env_ADD_CXXFLAGS_set=
ac_cv_env_ADD_CXXFLAGS_value=
ac_cv_env_CC_set=set
ac_cv_env_CC_value=gcc
ac_cv_env_CDEFS_set=
ac_cv_env_CDEFS_value=
ac_cv_env_CFLAGS_set=
ac_cv_env_CFLAGS_value=
ac_cv_env_CPPFLAGS_set=
ac_cv_env_CPPFLAGS_value=
ac_cv_env_CPP_set=
ac_cv_env_CPP_value=
ac_cv_env_CXXCPP_set=
ac_cv_env_CXXCPP_value=
ac_cv_env_CXXDEFS_set=
ac_cv_env_CXXDEFS_value=
ac_cv_env_CXXFLAGS_set=
ac_cv_env_CXXFLAGS_value=
ac_cv_env_CXX_set=set
ac_cv_env_CXX_value=g++
ac_cv_env_DBG_CFLAGS_set=
ac_cv_env_DBG_CFLAGS_value=
ac_cv_env_DBG_CXXFLAGS_set=
ac_cv_env_DBG_CXXFLAGS_value=
ac_cv_env_DYLP_ERRMSGDIR_set=
ac_cv_env_DYLP_ERRMSGDIR_value=
ac_cv_env_F77_set=
ac_cv_env_F77_value=
ac_cv_env_FFLAGS_set=
ac_cv_env_FFLAGS_value=
ac_cv_env_LDFLAGS_set=
ac_cv_env_LDFLAGS_value=
ac_cv_env_MPICC_set=
ac_cv_env_MPICC_value=
ac_cv_env_MPICXX_set=
ac_cv_env_MPICXX_value=
ac_cv_env_OPT_CFLAGS_set=
ac_cv_env_OPT_CFLAGS_value=
ac_cv_env_OPT_CXXFLAGS_set=
ac_cv_env_OPT_CXXFLAGS_value=
ac_cv_env_build_alias_set=
ac_cv_env_build_alias_value=
ac_cv_env_host_alias_set=
ac_cv_env_host_alias_value=
ac_cv_env_target_alias_set=
ac_cv_env_target_alias_value=
ac_cv_exeext=
ac_cv_func_finite=yes
ac_cv_func_isnan=yes
ac_cv_func_quiet_nan=no
ac_cv_header_float_h=yes
ac_cv_header_ieeefp_h=no
ac_cv_header_math_h=yes
ac_cv_header_sunmath_h=no
ac_cv_objext=o
ac_cv_path_install='/usr/bin/install -c'
ac_cv_prog_AWK=gawk
ac_cv_prog_cc_g=yes
ac_cv_prog_cc_stdc=
ac_cv_prog_cxx_g=yes
ac_cv_prog_egrep='grep -E'
ac_cv_prog_make_make_set=yes
ac_cv_sizeof_c_bool=1
ac_cv_sizeof_cpp_bool=1
am_cv_CC_dependencies_compiler_type=gcc3
am_cv_CXX_dependencies_compiler_type=gcc3

## ----------------- ##
## Output variables. ##
## ----------------- ##

ACLOCAL='${SHELL} /homedtic/bbonet/software/downward/fast-downward/src/search/lp/Osi-0.103.0/missing --run aclocal-1.9'
ADDLIBS='-lm '
ADD_CFLAGS=''
ADD_CXXFLAGS=''
ALWAYS_FALSE_FALSE=''
ALWAYS_FALSE_TRUE='#'
AMDEPBACKSLASH='\'
AMDEP_FALSE='#'
AMDEP_TRUE=''
AMTAR='${SHELL} /homedtic/bbonet/software/downward/fast-downward/src/search/lp/Osi-0.103.0/missing --run tar'
AR='ar'
AUTOCONF='${SHELL} /homedtic/bbonet/software/downward/fast-downward/src/search/lp/Osi-0.103.0/missing --run autoconf'
AUTOHEADER='${SHELL} /homedtic/bbonet/software/downward/fast-downward/src/search/lp/Osi-0.103.0/missing --run autoheader'
AUTOMAKE='${SHELL} /homedtic/bbonet/software/downward/fast-downward/src/search/lp/Osi-0.103.0/missing --run automake-1.9'
AUX_DIR=''
AWK='gawk'
BUILDTOOLSDIR=''
CC='gcc'
CCDEPMODE='depmode=gcc3'
CDEFS=''
CFLAGS='-O3 -fomit-frame-pointer -pipe -DNDEBUG -pedantic-errors -Wimplicit -Wparentheses -Wsequence-point -Wreturn-type -Wcast-qual -Wall -Wno-unknown-pragmas -fno-strict-aliasing'
COINUTILSDOCDIR='/homedtic/bbonet/software/downward/fast-downward/src/search/lp/Osi-0.103.0/DyLP/lib/../share/doc/coin/CoinUtils'
COINUTILSOBJDIR='/homedtic/bbonet/software/downward/fast-downward/src/search/lp/Osi-0.103.0/DyLP/../CoinUtils'
COINUTILSSRCDIR='/homedtic/bbonet/software/downward/fast-downward/src/search/lp/Osi-0.103.0/CoinUtils'
COIN_HAS_COINUTILS_FALSE='#'
COIN_HAS_COINUTILS_TRUE=''
COIN_HAS_DYLP_FALSE='#'
COIN_HAS_DYLP_TRUE=''
COIN_HAS_OSI_FALSE='#'
COIN_HAS_OSI_TRUE=''
CPP='gcc -E'
CPPFLAGS=''
CXX='g++'
CXXCPP='g++ -E'
CXXDEFS=''
CXXDEPMODE='depmode=gcc3'
CXXFLAGS='-O3 -fomit-frame-pointer -pipe -DNDEBUG -pedantic-errors -Wimplicit -Wparentheses -Wreturn-type -Wcast-qual -Wall -Wpointer-arith -Wwrite-strings -Wconversion -Wno-unknown-pragmas -fno-strict-aliasing'
CYGPATH_W='echo'
DBG_CFLAGS='-g -pipe -pedantic-errors -Wimplicit -Wparentheses -Wsequence-point -Wreturn-type -Wcast-qual -Wall -Wno-unknown-pragmas  '
DBG_CXXFLAGS='-g -pipe -pedantic-errors -Wimplicit -Wparentheses -Wreturn-type -Wcast-qual -Wall -Wpointer-arith -Wwrite-strings -Wconversion -Wno-unknown-pragmas  '
DEFS='-DHAVE_CONFIG_H'
DEPDIR='.deps'
DYLPDOCDIR='/homedtic/bbonet/software/downward/fast-downward/src/search/lp/Osi-0.103.0/DyLP/lib/../share/doc/coin/DyLP'
DYLPOBJDIR='/homedtic/bbonet/software/downward/fast-downward/src/search/lp/Osi-0.103.0/DyLP/.'
DYLPSRCDIR='/homedtic/bbonet/software/downward/fast-downward/src/search/lp/Osi-0.103.0/DyLP'
DYLP_ERRMSGDIR='/homedtic/bbonet/software/downward/fast-downward/src/search/lp/Osi-0.103.0/DyLP/src/Dylp/'
ECHO='echo'
ECHO_C=''
ECHO_N='-n'
ECHO_T=''
EGREP='grep -E'
EXEEXT=''
F77=''
FADDLIBS='-lm '
FFLAGS=''
HAVE_EXTERNALS_FALSE=''
HAVE_EXTERNALS_TRUE='#'
INSTALL_DATA='${INSTALL} -m 644'
INSTALL_PROGRAM='${INSTALL}'
INSTALL_SCRIPT='${INSTALL}'
INSTALL_STRIP_PROGRAM='${SHELL} $(install_sh) -c -s'
LDFLAGS=''
LIBEXT='a'
LIBOBJS=''
LIBS=''
LIBTOOL='$(SHELL) $(top_builddir)/../libtool'
LIBTOOLM4=''
LN_S='ln -s'
LTLIBOBJS=''
LT_LDFLAGS=''
MAINT='#'
MAINTAINER_MODE_FALSE=''
MAINTAINER_MODE_TRUE='#'
MAKEINFO='${SHELL} /homedtic/bbonet/software/downward/fast-downward/src/search/lp/Osi-0.103.0/missing --run makeinfo'
MPICC=''
MPICXX=''
OBJEXT='o'
OPT_CFLAGS='-O3 -fomit-frame-pointer -pipe -DNDEBUG -pedantic-errors -Wimplicit -Wparentheses -Wsequence-point -Wreturn-type -Wcast-qual -Wall -Wno-unknown-pragmas  '
OPT_CXXFLAGS='-O3 -fomit-frame-pointer -pipe -DNDEBUG -pedantic-errors -Wimplicit -Wparentheses -Wreturn-type -Wcast-qual -Wall -Wpointer-arith -Wwrite-strings -Wconversion -Wno-unknown-pragmas  '
OSIDOCDIR='/homedtic/bbonet/software/downward/fast-downward/src/search/lp/Osi-0.103.0/DyLP/lib/../share/doc/coin/Osi'
OSIOBJDIR='/homedtic/bbonet/software/downward/fast-downward/src/search/lp/Osi-0.103.0/DyLP/../Osi'
OSISRCDIR='/homedtic/bbonet/software/downward/fast-downward/src/search/lp/Osi-0.103.0/Osi'
PACKAGE='dylp'
PACKAGE_BUGREPORT='coin-dylp@list.coin-or.org'
PACKAGE_NAME='DyLP'
PACKAGE_STRING='DyLP 1.6.0'
PACKAGE_TARNAME='dylp'
PACKAGE_VERSION='1.6.0'
PATH_SEPARATOR=':'
RANLIB='ranlib'
RPATH_FLAGS=' -Wl,--rpath -Wl,/homedtic/bbonet/software/downward/fast-downward/src/search/lp/Osi-0.103.0/lib'
SET_MAKE=''
SHELL='/bin/bash'
STRIP='strip'
VERSION='1.6.0'
VPATH_DISTCLEANFILES=''
abs_bin_dir='/homedtic/bbonet/software/downward/fast-downward/src/search/lp/Osi-0.103.0/DyLP/bin'
abs_include_dir='/homedtic/bbonet/software/downward/fast-downward/src/search/lp/Osi-0.103.0/DyLP/include'
abs_lib_dir='/homedtic/bbonet/software/downward/fast-downward/src/search/lp/Osi-0.103.0/DyLP/lib'
abs_source_dir='/homedtic/bbonet/software/downward/fast-downward/src/search/lp/Osi-0.103.0/DyLP'
ac_c_preproc_warn_flag=''
ac_ct_AR='ar'
ac_ct_CC=''
ac_ct_CXX=''
ac_ct_F77=''
ac_ct_RANLIB='ranlib'
ac_ct_STRIP='strip'
ac_cxx_preproc_warn_flag=''
am__fastdepCC_FALSE='#'
am__fastdepCC_TRUE=''
am__fastdepCXX_FALSE='#'
am__fastdepCXX_TRUE=''
am__include='include'
am__leading_dot='.'
am__quote=''
am__tar='${AMTAR} chof - "$$tardir"'
am__untar='${AMTAR} xf -'
bindir='${exec_prefix}/bin'
build='x86_64-unknown-linux-gnu'
build_alias=''
build_cpu='x86_64'
build_os='linux-gnu'
build_vendor='unknown'
datadir='${prefix}/share'
exec_prefix='${prefix}'
have_autoconf=''
have_automake=''
have_svn=''
host='x86_64-unknown-linux-gnu'
host_alias=''
host_cpu='x86_64'
host_os='linux-gnu'
host_vendor='unknown'
includedir='${prefix}/include'
infodir='${prefix}/info'
install_sh='/homedtic/bbonet/software/downward/fast-downward/src/search/lp/Osi-0.103.0/install-sh'
libdir='${exec_prefix}/lib'
libexecdir='${exec_prefix}/libexec'
localstatedir='${prefix}/var'
mandir='${prefix}/man'
mkdir_p='mkdir -p --'
oldincludedir='/usr/include'
prefix='/homedtic/bbonet/software/downward/fast-downward/src/search/lp/coin'
program_transform_name='s,x,x,'
sbindir='${exec_prefix}/sbin'
sharedstatedir='${prefix}/com'
sol_cc_compiler=''
sysconfdir='${prefix}/etc'
target_alias=''

## ----------- ##
## confdefs.h. ##
## ----------- ##

#define BOOL char
#define COIN_DYLP_CHECKLEVEL 0
#define COIN_DYLP_VERBOSITY 0
#define COIN_HAS_COINUTILS 1
#define COIN_HAS_DYLP 1
#define COIN_HAS_OSI 1
#define DYLP_ERRMSGDIR "/homedtic/bbonet/software/downward/fast-downward/src/search/lp/Osi-0.103.0/DyLP/src/Dylp/"
#define DYLP_ISFINITE finite
#define DYLP_ISNAN isnan
#define DYLP_VERSION "1.6.0"
#define HAVE_DLFCN_H 1
#define HAVE_FLOAT_H 1
#define HAVE_INTTYPES_H 1
#define HAVE_MATH_H 1
#define HAVE_MEMORY_H 1
#define HAVE_STDINT_H 1
#define HAVE_STDLIB_H 1
#define HAVE_STRINGS_H 1
#define HAVE_STRING_H 1
#define HAVE_SYS_STAT_H 1
#define HAVE_SYS_TYPES_H 1
#define HAVE_UNISTD_H 1
#define PACKAGE "dylp"
#define PACKAGE_BUGREPORT "coin-dylp@list.coin-or.org"
#define PACKAGE_NAME "DyLP"
#define PACKAGE_STRING "DyLP 1.6.0"
#define PACKAGE_TARNAME "dylp"
#define PACKAGE_VERSION "1.6.0"
#define STDC_HEADERS 1
#define VERSION "1.6.0"
#endif
#ifdef __cplusplus
extern "C" void exit (int) throw ();

configure: exit 0
