This file contains any messages produced by compilers while
running configure, to aid debugging if configure makes a mistake.

It was created by Clp configure 1.12.0, which was
generated by GNU Autoconf 2.59.  Invocation command line was

  $ ./configure --prefix=/homedtic/bbonet/software/downward/fast-downward/src/search/lp/coin CC=gcc CXX=g++ --prefix /homedtic/bbonet/software/downward/fast-downward/src/search/lp/coin --without-lapack --enable-static=yes --with-cplex-incdir=/homedtic/bbonet/software/downward/fast-downward/src/lplib/cplex/include/ilcplex --with-cplex-lib=-L/homedtic/bbonet/software/downward/fast-downward/src/lplib/cplex/bin/x86-64_sles10_4.1 -lcplex1251 -lpthread --cache-file=/dev/null --srcdir=.

## --------- ##
## Platform. ##
## --------- ##

hostname = login
uname -m = x86_64
uname -r = 3.2.0-4-amd64
uname -s = Linux
uname -v = #1 SMP Debian 3.2.46-1

/usr/bin/uname -p = unknown
/bin/uname -X     = unknown

/bin/arch              = unknown
/usr/bin/arch -k       = unknown
/usr/convex/getsysinfo = unknown
hostinfo               = unknown
/bin/machine           = unknown
/usr/bin/oslevel       = unknown
/bin/universe          = unknown

PATH: /homedtic/bbonet/bin
PATH: /sge/bin/linux-x64
PATH: /usr/local/bin
PATH: /usr/bin
PATH: /bin
PATH: /usr/local/games
PATH: /usr/games
PATH: /usr/local/clues/0.89


## ----------- ##
## Core tests. ##
## ----------- ##

configure:1640: checking build system type
configure:1658: result: x86_64-unknown-linux-gnu
configure:1718: checking whether we want to compile in debug mode
configure:1765: result: no
configure:2074: checking for C compiler version
configure:2077: gcc --version </dev/null >&5
gcc (Debian 4.7.2-5) 4.7.2
Copyright (C) 2012 Free Software Foundation, Inc.
This is free software; see the source for copying conditions.  There is NO
warranty; not even for MERCHANTABILITY or FITNESS FOR A PARTICULAR PURPOSE.

configure:2080: $? = 0
configure:2082: gcc -v </dev/null >&5
Using built-in specs.
COLLECT_GCC=gcc
COLLECT_LTO_WRAPPER=/usr/lib/gcc/x86_64-linux-gnu/4.7/lto-wrapper
Target: x86_64-linux-gnu
Configured with: ../src/configure -v --with-pkgversion='Debian 4.7.2-5' --with-bugurl=file:///usr/share/doc/gcc-4.7/README.Bugs --enable-languages=c,c++,go,fortran,objc,obj-c++ --prefix=/usr --program-suffix=-4.7 --enable-shared --enable-linker-build-id --with-system-zlib --libexecdir=/usr/lib --without-included-gettext --enable-threads=posix --with-gxx-include-dir=/usr/include/c++/4.7 --libdir=/usr/lib --enable-nls --with-sysroot=/ --enable-clocale=gnu --enable-libstdcxx-debug --enable-libstdcxx-time=yes --enable-gnu-unique-object --enable-plugin --enable-objc-gc --with-arch-32=i586 --with-tune=generic --enable-checking=release --build=x86_64-linux-gnu --host=x86_64-linux-gnu --target=x86_64-linux-gnu
Thread model: posix
gcc version 4.7.2 (Debian 4.7.2-5) 
configure:2085: $? = 0
configure:2087: gcc -V </dev/null >&5
gcc: error: unrecognized command line option '-V'
gcc: fatal error: no input files
compilation terminated.
configure:2090: $? = 4
configure:2113: checking for C compiler default output file name
configure:2116: gcc    conftest.c  >&5
configure:2119: $? = 0
configure:2165: result: a.out
configure:2170: checking whether the C compiler works
configure:2176: ./a.out
configure:2179: $? = 0
configure:2196: result: yes
configure:2203: checking whether we are cross compiling
configure:2205: result: no
configure:2208: checking for suffix of executables
configure:2210: gcc -o conftest    conftest.c  >&5
configure:2213: $? = 0
configure:2238: result: 
configure:2244: checking for suffix of object files
configure:2265: gcc -c   conftest.c >&5
configure:2268: $? = 0
configure:2290: result: o
configure:2294: checking whether we are using the GNU C compiler
configure:2318: gcc -c   conftest.c >&5
configure:2324: $? = 0
configure:2328: test -z 
			 || test ! -s conftest.err
configure:2331: $? = 0
configure:2334: test -s conftest.o
configure:2337: $? = 0
configure:2350: result: yes
configure:2356: checking whether gcc accepts -g
configure:2377: gcc -c -g  conftest.c >&5
configure:2383: $? = 0
configure:2387: test -z 
			 || test ! -s conftest.err
configure:2390: $? = 0
configure:2393: test -s conftest.o
configure:2396: $? = 0
configure:2407: result: yes
configure:2424: checking for gcc option to accept ANSI C
configure:2494: gcc  -c -g -O2  conftest.c >&5
configure:2500: $? = 0
configure:2504: test -z 
			 || test ! -s conftest.err
configure:2507: $? = 0
configure:2510: test -s conftest.o
configure:2513: $? = 0
configure:2531: result: none needed
configure:2549: gcc -c -g -O2  conftest.c >&5
conftest.c:2:3: error: unknown type name 'choke'
conftest.c:2:3: error: expected '=', ',', ';', 'asm' or '__attribute__' at end of input
configure:2555: $? = 1
configure: failed program was:
| #ifndef __cplusplus
|   choke me
| #endif
configure:3010: gcc -o conftest -O3 -fomit-frame-pointer -pipe -DNDEBUG -pedantic-errors -Wimplicit -Wparentheses -Wsequence-point -Wreturn-type -Wcast-qual -Wall -Wno-unknown-pragmas     conftest.c  >&5
configure:3016: $? = 0
configure:3020: test -z 
			 || test ! -s conftest.err
configure:3023: $? = 0
configure:3026: test -s conftest
configure:3029: $? = 0
configure:3096: C compiler options are: -O3 -fomit-frame-pointer -pipe -DNDEBUG -pedantic-errors -Wimplicit -Wparentheses -Wsequence-point -Wreturn-type -Wcast-qual -Wall -Wno-unknown-pragmas  
configure:3265: checking for C++ compiler version
configure:3268: g++ --version </dev/null >&5
g++ (Debian 4.7.2-5) 4.7.2
Copyright (C) 2012 Free Software Foundation, Inc.
This is free software; see the source for copying conditions.  There is NO
warranty; not even for MERCHANTABILITY or FITNESS FOR A PARTICULAR PURPOSE.

configure:3271: $? = 0
configure:3273: g++ -v </dev/null >&5
Using built-in specs.
COLLECT_GCC=g++
COLLECT_LTO_WRAPPER=/usr/lib/gcc/x86_64-linux-gnu/4.7/lto-wrapper
Target: x86_64-linux-gnu
Configured with: ../src/configure -v --with-pkgversion='Debian 4.7.2-5' --with-bugurl=file:///usr/share/doc/gcc-4.7/README.Bugs --enable-languages=c,c++,go,fortran,objc,obj-c++ --prefix=/usr --program-suffix=-4.7 --enable-shared --enable-linker-build-id --with-system-zlib --libexecdir=/usr/lib --without-included-gettext --enable-threads=posix --with-gxx-include-dir=/usr/include/c++/4.7 --libdir=/usr/lib --enable-nls --with-sysroot=/ --enable-clocale=gnu --enable-libstdcxx-debug --enable-libstdcxx-time=yes --enable-gnu-unique-object --enable-plugin --enable-objc-gc --with-arch-32=i586 --with-tune=generic --enable-checking=release --build=x86_64-linux-gnu --host=x86_64-linux-gnu --target=x86_64-linux-gnu
Thread model: posix
gcc version 4.7.2 (Debian 4.7.2-5) 
configure:3276: $? = 0
configure:3278: g++ -V </dev/null >&5
g++: error: unrecognized command line option '-V'
g++: fatal error: no input files
compilation terminated.
configure:3281: $? = 4
configure:3284: checking whether we are using the GNU C++ compiler
configure:3308: g++ -c   conftest.cc >&5
configure:3314: $? = 0
configure:3318: test -z 
			 || test ! -s conftest.err
configure:3321: $? = 0
configure:3324: test -s conftest.o
configure:3327: $? = 0
configure:3340: result: yes
configure:3346: checking whether g++ accepts -g
configure:3367: g++ -c -g  conftest.cc >&5
configure:3373: $? = 0
configure:3377: test -z 
			 || test ! -s conftest.err
configure:3380: $? = 0
configure:3383: test -s conftest.o
configure:3386: $? = 0
configure:3397: result: yes
configure:3439: g++ -c -g -O2  conftest.cc >&5
configure:3445: $? = 0
configure:3449: test -z 
			 || test ! -s conftest.err
configure:3452: $? = 0
configure:3455: test -s conftest.o
configure:3458: $? = 0
configure:3484: g++ -c -g -O2  conftest.cc >&5
conftest.cc: In function 'int main()':
conftest.cc:16:9: error: 'exit' was not declared in this scope
configure:3490: $? = 1
configure: failed program was:
| /* confdefs.h.  */
| 
| #define PACKAGE_NAME "Clp"
| #define PACKAGE_TARNAME "clp"
| #define PACKAGE_VERSION "1.12.0"
| #define PACKAGE_STRING "Clp 1.12.0"
| #define PACKAGE_BUGREPORT "coin-clp@list.coin-or.org"
| #define CLP_VERSION "1.12.0"
| #define COIN_CLP_VERBOSITY 0
| #define COIN_CLP_CHECKLEVEL 0
| /* end confdefs.h.  */
| 
| int
| main ()
| {
| exit (42);
|   ;
|   return 0;
| }
configure:3439: g++ -c -g -O2  conftest.cc >&5
conftest.cc:12:40: error: 'void std::exit(int)' should have been declared inside 'std'
configure:3445: $? = 1
configure: failed program was:
| /* confdefs.h.  */
| 
| #define PACKAGE_NAME "Clp"
| #define PACKAGE_TARNAME "clp"
| #define PACKAGE_VERSION "1.12.0"
| #define PACKAGE_STRING "Clp 1.12.0"
| #define PACKAGE_BUGREPORT "coin-clp@list.coin-or.org"
| #define CLP_VERSION "1.12.0"
| #define COIN_CLP_VERBOSITY 0
| #define COIN_CLP_CHECKLEVEL 0
| /* end confdefs.h.  */
| extern "C" void std::exit (int) throw (); using std::exit;
| #include <stdlib.h>
| int
| main ()
| {
| exit (42);
|   ;
|   return 0;
| }
configure:3439: g++ -c -g -O2  conftest.cc >&5
conftest.cc:12:31: error: 'void std::exit(int)' should have been declared inside 'std'
In file included from conftest.cc:13:0:
/usr/include/stdlib.h:544:70: error: declaration of 'void std::exit(int) throw ()' has a different exception specifier
conftest.cc:12:17: error: from previous declaration 'void std::exit(int)'
configure:3445: $? = 1
configure: failed program was:
| /* confdefs.h.  */
| 
| #define PACKAGE_NAME "Clp"
| #define PACKAGE_TARNAME "clp"
| #define PACKAGE_VERSION "1.12.0"
| #define PACKAGE_STRING "Clp 1.12.0"
| #define PACKAGE_BUGREPORT "coin-clp@list.coin-or.org"
| #define CLP_VERSION "1.12.0"
| #define COIN_CLP_VERBOSITY 0
| #define COIN_CLP_CHECKLEVEL 0
| /* end confdefs.h.  */
| extern "C" void std::exit (int); using std::exit;
| #include <stdlib.h>
| int
| main ()
| {
| exit (42);
|   ;
|   return 0;
| }
configure:3439: g++ -c -g -O2  conftest.cc >&5
configure:3445: $? = 0
configure:3449: test -z 
			 || test ! -s conftest.err
configure:3452: $? = 0
configure:3455: test -s conftest.o
configure:3458: $? = 0
configure:3484: g++ -c -g -O2  conftest.cc >&5
configure:3490: $? = 0
configure:3494: test -z 
			 || test ! -s conftest.err
configure:3497: $? = 0
configure:3500: test -s conftest.o
configure:3503: $? = 0
configure:3535: checking whether C++ compiler g++ works
configure:3553: g++ -c -g -O2  conftest.cc >&5
configure:3559: $? = 0
configure:3563: test -z 
			 || test ! -s conftest.err
configure:3566: $? = 0
configure:3569: test -s conftest.o
configure:3572: $? = 0
configure:3574: result: yes
configure:3934: g++ -o conftest -O3 -fomit-frame-pointer -pipe -DNDEBUG -pedantic-errors -Wimplicit -Wparentheses -Wreturn-type -Wcast-qual -Wall -Wpointer-arith -Wwrite-strings -Wconversion -Wno-unknown-pragmas     conftest.cc  >&5
cc1plus: warning: command line option '-Wimplicit' is valid for C/ObjC but not for C++ [enabled by default]
configure:3940: $? = 0
configure:3944: test -z 
			 || test ! -s conftest.err
configure:3947: $? = 0
configure:3950: test -s conftest
configure:3953: $? = 0
configure:4020: C++ compiler options are: -O3 -fomit-frame-pointer -pipe -DNDEBUG -pedantic-errors -Wimplicit -Wparentheses -Wreturn-type -Wcast-qual -Wall -Wpointer-arith -Wwrite-strings -Wconversion -Wno-unknown-pragmas  
configure:4132: checking for egrep
configure:4142: result: grep -E
configure:4161: checking for a BSD-compatible install
configure:4216: result: /usr/bin/install -c
configure:4227: checking whether build environment is sane
configure:4270: result: yes
configure:4335: checking for gawk
configure:4351: found /usr/bin/gawk
configure:4361: result: gawk
configure:4371: checking whether make sets $(MAKE)
configure:4391: result: yes
configure:4421: checking for style of include used by make
configure:4449: result: GNU
configure:4629: checking dependency style of gcc
configure:4719: result: gcc3
configure:4738: checking dependency style of g++
configure:4828: result: gcc3
configure:4846: checking whether to enable maintainer-specific portions of Makefiles
configure:4855: result: no
configure:20354: Using libtool script in directory ..
configure:20412: checking for COIN project CoinUtils
configure:20467: result: ../CoinUtils
configure:20470: checking for COIN project Clp
configure:20525: result: .
configure:20981: checking whether this is a VPATH configuration
configure:20988: result: no
configure:21020: checking which command should be used to link input files
configure:21030: result: ln -s
configure:21224: creating ./config.status

## ---------------------- ##
## Running config.status. ##
## ---------------------- ##

This file was extended by Clp config.status 1.12.0, which was
generated by GNU Autoconf 2.59.  Invocation command line was

  CONFIG_FILES    = 
  CONFIG_HEADERS  = 
  CONFIG_LINKS    = 
  CONFIG_COMMANDS = 
  $ ./config.status 

on login

config.status:764: creating Makefile
config.status:764: creating examples/Makefile
config.status:764: creating src/Makefile
config.status:764: creating test/Makefile
config.status:764: creating clp_addlibs.txt
config.status:868: creating inc/config_clp.h
config.status:1166: executing depfiles commands
configure:22640: Configuration of Clp successful

## ---------------- ##
## Cache variables. ##
## ---------------- ##

ac_cv_build=x86_64-unknown-linux-gnu
ac_cv_build_alias=x86_64-unknown-linux-gnu
ac_cv_c_compiler_gnu=yes
ac_cv_cxx_compiler_gnu=yes
ac_cv_env_ADD_CFLAGS_set=
ac_cv_env_ADD_CFLAGS_value=
ac_cv_env_ADD_CXXFLAGS_set=
ac_cv_env_ADD_CXXFLAGS_value=
ac_cv_env_CC_set=set
ac_cv_env_CC_value=gcc
ac_cv_env_CDEFS_set=
ac_cv_env_CDEFS_value=
ac_cv_env_CFLAGS_set=
ac_cv_env_CFLAGS_value=
ac_cv_env_CPPFLAGS_set=
ac_cv_env_CPPFLAGS_value=
ac_cv_env_CPP_set=
ac_cv_env_CPP_value=
ac_cv_env_CXXCPP_set=
ac_cv_env_CXXCPP_value=
ac_cv_env_CXXDEFS_set=
ac_cv_env_CXXDEFS_value=
ac_cv_env_CXXFLAGS_set=
ac_cv_env_CXXFLAGS_value=
ac_cv_env_CXX_set=set
ac_cv_env_CXX_value=g++
ac_cv_env_DBG_CFLAGS_set=
ac_cv_env_DBG_CFLAGS_value=
ac_cv_env_DBG_CXXFLAGS_set=
ac_cv_env_DBG_CXXFLAGS_value=
ac_cv_env_F77_set=
ac_cv_env_F77_value=
ac_cv_env_FFLAGS_set=
ac_cv_env_FFLAGS_value=
ac_cv_env_LDFLAGS_set=
ac_cv_env_LDFLAGS_value=
ac_cv_env_MPICC_set=
ac_cv_env_MPICC_value=
ac_cv_env_MPICXX_set=
ac_cv_env_MPICXX_value=
ac_cv_env_OPT_CFLAGS_set=
ac_cv_env_OPT_CFLAGS_value=
ac_cv_env_OPT_CXXFLAGS_set=
ac_cv_env_OPT_CXXFLAGS_value=
ac_cv_env_build_alias_set=
ac_cv_env_build_alias_value=
ac_cv_env_host_alias_set=
ac_cv_env_host_alias_value=
ac_cv_env_target_alias_set=
ac_cv_env_target_alias_value=
ac_cv_exeext=
ac_cv_objext=o
ac_cv_path_install='/usr/bin/install -c'
ac_cv_prog_AWK=gawk
ac_cv_prog_cc_g=yes
ac_cv_prog_cc_stdc=
ac_cv_prog_cxx_g=yes
ac_cv_prog_egrep='grep -E'
ac_cv_prog_make_make_set=yes
am_cv_CC_dependencies_compiler_type=gcc3
am_cv_CXX_dependencies_compiler_type=gcc3

## ----------------- ##
## Output variables. ##
## ----------------- ##

ACLOCAL='${SHELL} /homedtic/bbonet/software/downward/fast-downward/src/search/lp/Osi-0.103.0/missing --run aclocal-1.9'
ADDLIBS='-lm '
ADD_CFLAGS=''
ADD_CXXFLAGS=''
ALWAYS_FALSE_FALSE=''
ALWAYS_FALSE_TRUE='#'
AMDEPBACKSLASH='\'
AMDEP_FALSE='#'
AMDEP_TRUE=''
AMTAR='${SHELL} /homedtic/bbonet/software/downward/fast-downward/src/search/lp/Osi-0.103.0/missing --run tar'
AR='ar'
AUTOCONF='${SHELL} /homedtic/bbonet/software/downward/fast-downward/src/search/lp/Osi-0.103.0/missing --run autoconf'
AUTOHEADER='${SHELL} /homedtic/bbonet/software/downward/fast-downward/src/search/lp/Osi-0.103.0/missing --run autoheader'
AUTOMAKE='${SHELL} /homedtic/bbonet/software/downward/fast-downward/src/search/lp/Osi-0.103.0/missing --run automake-1.9'
AUX_DIR=''
AWK='gawk'
BUILDTOOLSDIR=''
CC='gcc'
CCDEPMODE='depmode=gcc3'
CDEFS=''
CFLAGS='-O3 -fomit-frame-pointer -pipe -DNDEBUG -pedantic-errors -Wimplicit -Wparentheses -Wsequence-point -Wreturn-type -Wcast-qual -Wall -Wno-unknown-pragmas  '
CLPDOCDIR='/homedtic/bbonet/software/downward/fast-downward/src/search/lp/Osi-0.103.0/Clp/lib/../share/doc/coin/Clp'
CLPOBJDIR='/homedtic/bbonet/software/downward/fast-downward/src/search/lp/Osi-0.103.0/Clp/.'
CLPSRCDIR='/homedtic/bbonet/software/downward/fast-downward/src/search/lp/Osi-0.103.0/Clp'
COINUTILSDOCDIR='/homedtic/bbonet/software/downward/fast-downward/src/search/lp/Osi-0.103.0/Clp/lib/../share/doc/coin/CoinUtils'
COINUTILSOBJDIR='/homedtic/bbonet/software/downward/fast-downward/src/search/lp/Osi-0.103.0/Clp/../CoinUtils'
COINUTILSSRCDIR='/homedtic/bbonet/software/downward/fast-downward/src/search/lp/Osi-0.103.0/CoinUtils'
COIN_HAS_CLP_FALSE='#'
COIN_HAS_CLP_TRUE=''
COIN_HAS_COINUTILS_FALSE='#'
COIN_HAS_COINUTILS_TRUE=''
CPP='gcc -E'
CPPFLAGS=''
CXX='g++'
CXXCPP='g++ -E'
CXXDEFS=''
CXXDEPMODE='depmode=gcc3'
CXXFLAGS='-O3 -fomit-frame-pointer -pipe -DNDEBUG -pedantic-errors -Wimplicit -Wparentheses -Wreturn-type -Wcast-qual -Wall -Wpointer-arith -Wwrite-strings -Wconversion -Wno-unknown-pragmas  '
CYGPATH_W='echo'
DBG_CFLAGS='-g -pipe -pedantic-errors -Wimplicit -Wparentheses -Wsequence-point -Wreturn-type -Wcast-qual -Wall -Wno-unknown-pragmas  '
DBG_CXXFLAGS='-g -pipe -pedantic-errors -Wimplicit -Wparentheses -Wreturn-type -Wcast-qual -Wall -Wpointer-arith -Wwrite-strings -Wconversion -Wno-unknown-pragmas  '
DEFS='-DHAVE_CONFIG_H'
DEPDIR='.deps'
ECHO='echo'
ECHO_C=''
ECHO_N='-n'
ECHO_T=''
EGREP='grep -E'
EXEEXT=''
F77=''
FADDLIBS='-lm '
FFLAGS=''
HAVE_EXTERNALS_FALSE=''
HAVE_EXTERNALS_TRUE='#'
INSTALL_DATA='${INSTALL} -m 644'
INSTALL_PROGRAM='${INSTALL}'
INSTALL_SCRIPT='${INSTALL}'
INSTALL_STRIP_PROGRAM='${SHELL} $(install_sh) -c -s'
LDFLAGS=''
LIBEXT='a'
LIBOBJS=''
LIBS=''
LIBTOOL='$(SHELL) $(top_builddir)/../libtool'
LIBTOOLM4=''
LN_S='ln -s'
LTLIBOBJS=''
LT_LDFLAGS=''
MAINT='#'
MAINTAINER_MODE_FALSE=''
MAINTAINER_MODE_TRUE='#'
MAKEINFO='${SHELL} /homedtic/bbonet/software/downward/fast-downward/src/search/lp/Osi-0.103.0/missing --run makeinfo'
MPICC=''
MPICXX=''
OBJEXT='o'
OPT_CFLAGS='-O3 -fomit-frame-pointer -pipe -DNDEBUG -pedantic-errors -Wimplicit -Wparentheses -Wsequence-point -Wreturn-type -Wcast-qual -Wall -Wno-unknown-pragmas  '
OPT_CXXFLAGS='-O3 -fomit-frame-pointer -pipe -DNDEBUG -pedantic-errors -Wimplicit -Wparentheses -Wreturn-type -Wcast-qual -Wall -Wpointer-arith -Wwrite-strings -Wconversion -Wno-unknown-pragmas  '
PACKAGE='clp'
PACKAGE_BUGREPORT='coin-clp@list.coin-or.org'
PACKAGE_NAME='Clp'
PACKAGE_STRING='Clp 1.12.0'
PACKAGE_TARNAME='clp'
PACKAGE_VERSION='1.12.0'
PATH_SEPARATOR=':'
RANLIB='ranlib'
RPATH_FLAGS=' -Wl,--rpath -Wl,/homedtic/bbonet/software/downward/fast-downward/src/search/lp/Osi-0.103.0/lib'
SET_MAKE=''
SHELL='/bin/bash'
STRIP='strip'
VERSION='1.12.0'
VPATH_DISTCLEANFILES=''
abs_bin_dir='/homedtic/bbonet/software/downward/fast-downward/src/search/lp/Osi-0.103.0/Clp/bin'
abs_include_dir='/homedtic/bbonet/software/downward/fast-downward/src/search/lp/Osi-0.103.0/Clp/include'
abs_lib_dir='/homedtic/bbonet/software/downward/fast-downward/src/search/lp/Osi-0.103.0/Clp/lib'
abs_source_dir='/homedtic/bbonet/software/downward/fast-downward/src/search/lp/Osi-0.103.0/Clp'
ac_c_preproc_warn_flag=''
ac_ct_AR='ar'
ac_ct_CC=''
ac_ct_CXX=''
ac_ct_F77=''
ac_ct_RANLIB='ranlib'
ac_ct_STRIP='strip'
ac_cxx_preproc_warn_flag=''
am__fastdepCC_FALSE='#'
am__fastdepCC_TRUE=''
am__fastdepCXX_FALSE='#'
am__fastdepCXX_TRUE=''
am__include='include'
am__leading_dot='.'
am__quote=''
am__tar='${AMTAR} chof - "$$tardir"'
am__untar='${AMTAR} xf -'
bindir='${exec_prefix}/bin'
build='x86_64-unknown-linux-gnu'
build_alias=''
build_cpu='x86_64'
build_os='linux-gnu'
build_vendor='unknown'
datadir='${prefix}/share'
exec_prefix='${prefix}'
have_autoconf=''
have_automake=''
have_svn=''
host='x86_64-unknown-linux-gnu'
host_alias=''
host_cpu='x86_64'
host_os='linux-gnu'
host_vendor='unknown'
includedir='${prefix}/include'
infodir='${prefix}/info'
install_sh='/homedtic/bbonet/software/downward/fast-downward/src/search/lp/Osi-0.103.0/install-sh'
libdir='${exec_prefix}/lib'
libexecdir='${exec_prefix}/libexec'
localstatedir='${prefix}/var'
mandir='${prefix}/man'
mkdir_p='mkdir -p --'
oldincludedir='/usr/include'
prefix='/homedtic/bbonet/software/downward/fast-downward/src/search/lp/coin'
program_transform_name='s,x,x,'
sbindir='${exec_prefix}/sbin'
sharedstatedir='${prefix}/com'
sol_cc_compiler=''
sysconfdir='${prefix}/etc'
target_alias=''

## ----------- ##
## confdefs.h. ##
## ----------- ##

#define CLP_VERSION "1.12.0"
#define COIN_CLP_CHECKLEVEL 0
#define COIN_CLP_VERBOSITY 0
#define COIN_HAS_CLP 1
#define COIN_HAS_COINUTILS 1
#define HAVE_DLFCN_H 1
#define HAVE_INTTYPES_H 1
#define HAVE_MEMORY_H 1
#define HAVE_STDINT_H 1
#define HAVE_STDLIB_H 1
#define HAVE_STRINGS_H 1
#define HAVE_STRING_H 1
#define HAVE_SYS_STAT_H 1
#define HAVE_SYS_TYPES_H 1
#define HAVE_UNISTD_H 1
#define PACKAGE "clp"
#define PACKAGE_BUGREPORT "coin-clp@list.coin-or.org"
#define PACKAGE_NAME "Clp"
#define PACKAGE_STRING "Clp 1.12.0"
#define PACKAGE_TARNAME "clp"
#define PACKAGE_VERSION "1.12.0"
#define STDC_HEADERS 1
#define VERSION "1.12.0"
#endif
#ifdef __cplusplus
extern "C" void exit (int) throw ();

configure: exit 0
